 400  0.018399
 401  0.018425
 402  0.018445
 403  0.018475
 404  0.018515
 405  0.018557
 406  0.018605
 407  0.018657
 408  0.018716
 409  0.018771
 410  0.018818
 411  0.018860
 412  0.018913
 413  0.018972
 414  0.019039
 415  0.019097
 416  0.019160
 417  0.019219
 418  0.019278
 419  0.019336
 420  0.019398
 421  0.019448
 422  0.019503
 423  0.019557
 424  0.019617
 425  0.019683
 426  0.019739
 427  0.019773
 428  0.019809
 429  0.019856
 430  0.019893
 431  0.019929
 432  0.019974
 433  0.020015
 434  0.020051
 435  0.020083
 436  0.020115
 437  0.020141
 438  0.020165
 439  0.020189
 440  0.020218
 441  0.020256
 442  0.020287
 443  0.020319
 444  0.020342
 445  0.020367
 446  0.020386
 447  0.020402
 448  0.020423
 449  0.020441
 450  0.020453
 451  0.020470
 452  0.020484
 453  0.020498
 454  0.020509
 455  0.020522
 456  0.020530
 457  0.020546
 458  0.020558
 459  0.020570
 460  0.020580
 461  0.020587
 462  0.020591
 463  0.020596
 464  0.020598
 465  0.020606
 466  0.020620
 467  0.020628
 468  0.020635
 469  0.020656
 470  0.020670
 471  0.020684
 472  0.020696
 473  0.020710
 474  0.020724
 475  0.020742
 476  0.020760
 477  0.020775
 478  0.020791
 479  0.020809
 480  0.020823
 481  0.020845
 482  0.020861
 483  0.020879
 484  0.020899
 485  0.020921
 486  0.020941
 487  0.020966
 488  0.020996
 489  0.021027
 490  0.021067
 491  0.021117
 492  0.021176
 493  0.021247
 494  0.021330
 495  0.021427
 496  0.021542
 497  0.021686
 498  0.021857
 499  0.022050
 500  0.022273
 501  0.022536
 502  0.022839
 503  0.023185
 504  0.023571
 505  0.024011
 506  0.024503
 507  0.025059
 508  0.025668
 509  0.026354
 510  0.027103
 511  0.027930
 512  0.028838
 513  0.029829
 514  0.030888
 515  0.032041
 516  0.033251
 517  0.034524
 518  0.035847
 519  0.037212
 520  0.038608
 521  0.040022
 522  0.041446
 523  0.042851
 524  0.044208
 525  0.045510
 526  0.046738
 527  0.047882
 528  0.048918
 529  0.049861
 530  0.050709
 531  0.051451
 532  0.052083
 533  0.052623
 534  0.053067
 535  0.053426
 536  0.053702
 537  0.053924
 538  0.054084
 539  0.054203
 540  0.054247
 541  0.054329
 542  0.054361
 543  0.054400
 544  0.054428
 545  0.054488
 546  0.054537
 547  0.054615
 548  0.054684
 549  0.054782
 550  0.054826
 551  0.054859
 552  0.054844
 553  0.054810
 554  0.054727
 555  0.054588
 556  0.054364
 557  0.054124
 558  0.053791
 559  0.053413
 560  0.053015
 561  0.052562
 562  0.052047
 563  0.051476
 564  0.050857
 565  0.050196
 566  0.049484
 567  0.048738
 568  0.047961
 569  0.047156
 570  0.046351
 571  0.045523
 572  0.044731
 573  0.043968
 574  0.043232
 575  0.042546
 576  0.041889
 577  0.041295
 578  0.040739
 579  0.040221
 580  0.039738
 581  0.039285
 582  0.038862
 583  0.038470
 584  0.038105
 585  0.037778
 586  0.037461
 587  0.037168
 588  0.036909
 589  0.036673
 590  0.036456
 591  0.036272
 592  0.036091
 593  0.035940
 594  0.035806
 595  0.035702
 596  0.035583
 597  0.035482
 598  0.035385
 599  0.035271
 600  0.035161
 601  0.035023
 602  0.034872
 603  0.034706
 604  0.034497
 605  0.034286
 606  0.034043
 607  0.033767
 608  0.033478
 609  0.033177
 610  0.032875
 611  0.032570
 612  0.032265
 613  0.031953
 614  0.031651
 615  0.031353
 616  0.031080
 617  0.030822
 618  0.030580
 619  0.030370
 620  0.030191
 621  0.030033
 622  0.029909
 623  0.029800
 624  0.029711
 625  0.029647
 626  0.029596
 627  0.029566
 628  0.029546
 629  0.029523
 630  0.029508
 631  0.029478
 632  0.029426
 633  0.029356
 634  0.029254
 635  0.029117
 636  0.028948
 637  0.028740
 638  0.028503
 639  0.028236
 640  0.027956
 641  0.027666
 642  0.027371
 643  0.027078
 644  0.026801
 645  0.026535
 646  0.026292
 647  0.026074
 648  0.025885
 649  0.025721
 650  0.025585
 651  0.025480
 652  0.025389
 653  0.025304
 654  0.025222
 655  0.025136
 656  0.025051
 657  0.024962
 658  0.024867
 659  0.024769
 660  0.024680
 661  0.024592
 662  0.024521
 663  0.024474
 664  0.024449
 665  0.024445
 666  0.024460
 667  0.024496
 668  0.024560
 669  0.024632
 670  0.024723
 671  0.024825
 672  0.024932
 673  0.025056
 674  0.025184
 675  0.025323
 676  0.025472
 677  0.025628
 678  0.025792
 679  0.025956
 680  0.026117
 681  0.026279
 682  0.026434
 683  0.026598
 684  0.026779
 685  0.027003
 686  0.027289
 687  0.027704
 688  0.028297
 689  0.029115
 690  0.030233
 691  0.031690
 692  0.033525
 693  0.035781
 694  0.038463
 695  0.041592
 696  0.045145
 697  0.049127
 698  0.053497
 699  0.058214
 700  0.063274
 701  0.068636
 702  0.074177
 703  0.079923
 704  0.085813
 705  0.091808
 706  0.097917
 707  0.104130
 708  0.110464
 709  0.116888
 710  0.123448
 711  0.130109
 712  0.136902
 713  0.143835
 714  0.150920
 715  0.158127
 716  0.165500
 717  0.172978
 718  0.180556
 719  0.188282
 720  0.196074
 721  0.203979
 722  0.211958
 723  0.219963
 724  0.227972
 725  0.236032
 726  0.243990
 727  0.251942
 728  0.259769
 729  0.267519
 730  0.275148
 731  0.282511
 732  0.289796
 733  0.296877
 734  0.303665
 735  0.310219
 736  0.316531
 737  0.322602
 738  0.328390
 739  0.333940
 740  0.339188
 741  0.344130
 742  0.348806
 743  0.353178
 744  0.357301
 745  0.361145
 746  0.364740
 747  0.368044
 748  0.371104
 749  0.373902
 750  0.376450
 751  0.378939
 752  0.381385
 753  0.383734
 754  0.385973
 755  0.388139
 756  0.390249
 757  0.392270
 758  0.394196
 759  0.396031
 760  0.397774
 761  0.399371
 762  0.400882
 763  0.402296
 764  0.403627
 765  0.404841
 766  0.405941
 767  0.406947
 768  0.407885
 769  0.408733
 770  0.409471
 771  0.410162
 772  0.410784
 773  0.411330
 774  0.411815
 775  0.412199
 776  0.412612
 777  0.412988
 778  0.413279
 779  0.413525
 780  0.413715
 781  0.413881
 782  0.414046
 783  0.414238
 784  0.414403
 785  0.414572
 786  0.414748
 787  0.414896
 788  0.415067
 789  0.415203
 790  0.415374
 791  0.415485
 792  0.415633
 793  0.415745
 794  0.415884
 795  0.415995
 796  0.416135
 797  0.416246
 798  0.416385
 799  0.416498
 800  0.416640
 801  0.416803
 802  0.416937
 803  0.417107
 804  0.417271
 805  0.417434
 806  0.417595
 807  0.417761
 808  0.417933
 809  0.418083
 810  0.418246
 811  0.418403
 812  0.418591
 813  0.418742
 814  0.418929
 815  0.419088
 816  0.419269
 817  0.419419
 818  0.419594
 819  0.419755
 820  0.419934
 821  0.420070
 822  0.420201
 823  0.420351
 824  0.420497
 825  0.420642
 826  0.420698
 827  0.420804
 828  0.420892
 829  0.420933
 830  0.421018
 831  0.421076
 832  0.421103
 833  0.421100
 834  0.421171
 835  0.421251
 836  0.421284
 837  0.421363
 838  0.421426
 839  0.421498
 840  0.421584
 841  0.421702
 842  0.421855
 843  0.421964
 844  0.422123
 845  0.422244
 846  0.422391
 847  0.422546
 848  0.422672
 849  0.422805
 850  0.422945
 851  0.423032
 852  0.423117
 853  0.423208
 854  0.423310
 855  0.423397
 856  0.423471
 857  0.423536
 858  0.423637
 859  0.423681
 860  0.423777
 861  0.423879
 862  0.423960
 863  0.424057
 864  0.424146
 865  0.424221
 866  0.424381
 867  0.424559
 868  0.424715
 869  0.424905
 870  0.425056
 871  0.425180
 872  0.425334
 873  0.425491
 874  0.425623
 875  0.425771
 876  0.425851
 877  0.425960
 878  0.426043
 879  0.426159
 880  0.426246
 881  0.426331
 882  0.426444
 883  0.426538
 884  0.426616
 885  0.426738
 886  0.426825
 887  0.426907
 888  0.426995
 889  0.427083
 890  0.427165
 891  0.427229
 892  0.427272
 893  0.427369
 894  0.427428
 895  0.427509
 896  0.427537
 897  0.427627
 898  0.427678
 899  0.427744
 900  0.427794
 901  0.427873
 902  0.427932
 903  0.428000
 904  0.428093
 905  0.428183
 906  0.428253
 907  0.428331
 908  0.428391
 909  0.428510
 910  0.428590
 911  0.428682
 912  0.428702
 913  0.428782
 914  0.428848
 915  0.428950
 916  0.429014
 917  0.429037
 918  0.429078
 919  0.429156
 920  0.429272
 921  0.429274
 922  0.429219
 923  0.429206
 924  0.429258
 925  0.429253
 926  0.429281
 927  0.429299
 928  0.429205
 929  0.428984
 930  0.428866
 931  0.428767
 932  0.428655
 933  0.428538
 934  0.428443
 935  0.428288
 936  0.427946
 937  0.427642
 938  0.427491
 939  0.427391
 940  0.427057
 941  0.426479
 942  0.426180
 943  0.426016
 944  0.425739
 945  0.425365
 946  0.424997
 947  0.424703
 948  0.424447
 949  0.423797
 950  0.422620
 951  0.421901
 952  0.421446
 953  0.420792
 954  0.420041
 955  0.419359
 956  0.418732
 957  0.418139
 958  0.417658
 959  0.417253
 960  0.416776
 961  0.416139
 962  0.415858
 963  0.415808
 964  0.415714
 965  0.415583
 966  0.415532
 967  0.415530
 968  0.415559
 969  0.415594
 970  0.415619
 971  0.415649
 972  0.415700
 973  0.415738
 974  0.415753
 975  0.415827
 976  0.415911
 977  0.416026
 978  0.416168
 979  0.416319
 980  0.416511
 981  0.416668
 982  0.416860
 983  0.417032
 984  0.417252
 985  0.417442
 986  0.417717
 987  0.417966
 988  0.418251
 989  0.418500
 990  0.418807
 991  0.419200
 992  0.419585
 993  0.419928
 994  0.420262
 995  0.420647
 996  0.421025
 997  0.421399
 998  0.421759
 999  0.422112
1000  0.422474
1001  0.422842
1002  0.423205
1003  0.423501
1004  0.423825
1005  0.424172
1006  0.424435
1007  0.424753
1008  0.425041
1009  0.425328
1010  0.425652
1011  0.425984
1012  0.426305
1013  0.426597
1014  0.426884
1015  0.427174
1016  0.427526
1017  0.427845
1018  0.428221
1019  0.428632
1020  0.429025
1021  0.429426
1022  0.429782
1023  0.430134
1024  0.430487
1025  0.430844
1026  0.431165
1027  0.431472
1028  0.431845
1029  0.432212
1030  0.432544
1031  0.432776
1032  0.432945
1033  0.433167
1034  0.433468
1035  0.433761
1036  0.433992
1037  0.434174
1038  0.434405
1039  0.434630
1040  0.434798
1041  0.434997
1042  0.435203
1043  0.435364
1044  0.435514
1045  0.435637
1046  0.435776
1047  0.436006
1048  0.436197
1049  0.436370
1050  0.436526
1051  0.436659
1052  0.436838
1053  0.437022
1054  0.437184
1055  0.437269
1056  0.437369
1057  0.437461
1058  0.437563
1059  0.437680
1060  0.437822
1061  0.438054
1062  0.438287
1063  0.438455
1064  0.438617
1065  0.438811
1066  0.438939
1067  0.439089
1068  0.439221
1069  0.439340
1070  0.439463
1071  0.439478
1072  0.439530
1073  0.439578
1074  0.439614
1075  0.439627
1076  0.439585
1077  0.439583
1078  0.439619
1079  0.439657
1080  0.439680
1081  0.439658
1082  0.439640
1083  0.439568
1084  0.439532
1085  0.439500
1086  0.439512
1087  0.439527
1088  0.439509
1089  0.439474
1090  0.439419
1091  0.439395
1092  0.439416
1093  0.439480
1094  0.439488
1095  0.439464
1096  0.439319
1097  0.439145
1098  0.438955
1099  0.438879
1100  0.438843
1101  0.438704
1102  0.438525
1103  0.438312
1104  0.438192
1105  0.438068
1106  0.438047
1107  0.437914
1108  0.437811
1109  0.437731
1110  0.437711
1111  0.437654
1112  0.437491
1113  0.437400
1114  0.437465
1115  0.437593
1116  0.437574
1117  0.437442
1118  0.437234
1119  0.437118
1120  0.436981
1121  0.436748
1122  0.436416
1123  0.436100
1124  0.435896
1125  0.435683
1126  0.435297
1127  0.434670
1128  0.434000
1129  0.433497
1130  0.432994
1131  0.432330
1132  0.431287
1133  0.430100
1134  0.429028
1135  0.428070
1136  0.427168
1137  0.426247
1138  0.425078
1139  0.423461
1140  0.421370
1141  0.419388
1142  0.417939
1143  0.416708
1144  0.415136
1145  0.412968
1146  0.410778
1147  0.409233
1148  0.408170
1149  0.407278
1150  0.406200
1151  0.404926
1152  0.403623
1153  0.402330
1154  0.401288
1155  0.400573
1156  0.400084
1157  0.399725
1158  0.399336
1159  0.398939
1160  0.398552
1161  0.398233
1162  0.397975
1163  0.397905
1164  0.397914
1165  0.397983
1166  0.397886
1167  0.397779
1168  0.397712
1169  0.397674
1170  0.397646
1171  0.397488
1172  0.397174
1173  0.396870
1174  0.396861
1175  0.397008
1176  0.397272
1177  0.397349
1178  0.397348
1179  0.397375
1180  0.397384
1181  0.397413
1182  0.397385
1183  0.397326
1184  0.397238
1185  0.397158
1186  0.397117
1187  0.397037
1188  0.397007
1189  0.396948
1190  0.396949
1191  0.396835
1192  0.396799
1193  0.396724
1194  0.396678
1195  0.396583
1196  0.396506
1197  0.396486
1198  0.396487
1199  0.396655
1200  0.396940
1201  0.397244
1202  0.397260
1203  0.397172
1204  0.397139
1205  0.397251
1206  0.397456
1207  0.397618
1208  0.397666
1209  0.397636
1210  0.397627
1211  0.397747
1212  0.397848
1213  0.397946
1214  0.397852
1215  0.397761
1216  0.397842
1217  0.398084
1218  0.398396
1219  0.398638
1220  0.398684
1221  0.398604
1222  0.398524
1223  0.398506
1224  0.398566
1225  0.398627
1226  0.398540
1227  0.398404
1228  0.398297
1229  0.398278
1230  0.398314
1231  0.398374
1232  0.398360
1233  0.398346
1234  0.398371
1235  0.398396
1236  0.398461
1237  0.398447
1238  0.398395
1239  0.398264
1240  0.398201
1241  0.398191
1242  0.398216
1243  0.398328
1244  0.398297
1245  0.398380
1246  0.398262
1247  0.398230
1248  0.398152
1249  0.398059
1250  0.397980
1251  0.397936
1252  0.397818
1253  0.397757
1254  0.397571
1255  0.397325
1256  0.397150
1257  0.397020
1258  0.396919
1259  0.396811
1260  0.396826
1261  0.396841
1262  0.396827
1263  0.396708
1264  0.396589
1265  0.396431
1266  0.396284
1267  0.396143
1268  0.395975
1269  0.395859
1270  0.395614
1271  0.395377
1272  0.395102
1273  0.394780
1274  0.394431
1275  0.394119
1276  0.393885
1277  0.393696
1278  0.393514
1279  0.393294
1280  0.392972
1281  0.392630
1282  0.392284
1283  0.391880
1284  0.391549
1285  0.391183
1286  0.390927
1287  0.390736
1288  0.390514
1289  0.390199
1290  0.389921
1291  0.389513
1292  0.389145
1293  0.388773
1294  0.388334
1295  0.387902
1296  0.387326
1297  0.386765
1298  0.386247
1299  0.385798
1300  0.385654
1301  0.384720
1302  0.384451
1303  0.384082
1304  0.383554
1305  0.383158
1306  0.382177
1307  0.381643
1308  0.380892
1309  0.380171
1310  0.379551
1311  0.378926
1312  0.378089
1313  0.377013
1314  0.376142
1315  0.375109
1316  0.374239
1317  0.373277
1318  0.372160
1319  0.371071
1320  0.369501
1321  0.368431
1322  0.367140
1323  0.365900
1324  0.364873
1325  0.364324
1326  0.363138
1327  0.361351
1328  0.359587
1329  0.357951
1330  0.356999
1331  0.356057
1332  0.354886
1333  0.353462
1334  0.351432
1335  0.349440
1336  0.347790
1337  0.346049
1338  0.344532
1339  0.343375
1340  0.342468
1341  0.341256
1342  0.339670
1343  0.338421
1344  0.336655
1345  0.334567
1346  0.332351
1347  0.330400
1348  0.328594
1349  0.327312
1350  0.325539
1351  0.324212
1352  0.322515
1353  0.321043
1354  0.319486
1355  0.318207
1356  0.316555
1357  0.315278
1358  0.313820
1359  0.313430
1360  0.313283
1361  0.312570
1362  0.311188
1363  0.309506
1364  0.308252
1365  0.306922
1366  0.305053
1367  0.303919
1368  0.301985
1369  0.299809
1370  0.297400
1371  0.294291
1372  0.290942
1373  0.288109
1374  0.284527
1375  0.280440
1376  0.277052
1377  0.273119
1378  0.269345
1379  0.265336
1380  0.262420
1381  0.257603
1382  0.252587
1383  0.246865
1384  0.242072
1385  0.235721
1386  0.229558
1387  0.223609
1388  0.217213
1389  0.212370
1390  0.206161
1391  0.200668
1392  0.195149
1393  0.190019
1394  0.184355
1395  0.180324
1396  0.175653
1397  0.170569
1398  0.166142
1399  0.161893
1400  0.157903
1401  0.154126
1402  0.150202
1403  0.146879
1404  0.143888
1405  0.141424
1406  0.138593
1407  0.136008
1408  0.133577
1409  0.131089
1410  0.128846
1411  0.126971
1412  0.125146
1413  0.123535
1414  0.121991
1415  0.120495
1416  0.119124
1417  0.117865
1418  0.116607
1419  0.115535
1420  0.114531
1421  0.113506
1422  0.112535
1423  0.111623
1424  0.110789
1425  0.109820
1426  0.109077
1427  0.108404
1428  0.107808
1429  0.107227
1430  0.106636
1431  0.106148
1432  0.105610
1433  0.105251
1434  0.104774
1435  0.104383
1436  0.104042
1437  0.103698
1438  0.103383
1439  0.103135
1440  0.102898
1441  0.102667
1442  0.102500
1443  0.102400
1444  0.102299
1445  0.102246
1446  0.102155
1447  0.102080
1448  0.102060
1449  0.102050
1450  0.102056
1451  0.102095
1452  0.102123
1453  0.102167
1454  0.102249
1455  0.102353
1456  0.102502
1457  0.102668
1458  0.102920
1459  0.103116
1460  0.103291
1461  0.103633
1462  0.103959
1463  0.104312
1464  0.104811
1465  0.105278
1466  0.105742
1467  0.106413
1468  0.106983
1469  0.107579
1470  0.108321
1471  0.108924
1472  0.109528
1473  0.110386
1474  0.111014
1475  0.111963
1476  0.112701
1477  0.113449
1478  0.114284
1479  0.115051
1480  0.116021
1481  0.116719
1482  0.117553
1483  0.118294
1484  0.119220
1485  0.119986
1486  0.120747
1487  0.121756
1488  0.122619
1489  0.123740
1490  0.124550
1491  0.125666
1492  0.126583
1493  0.127632
1494  0.128567
1495  0.129747
1496  0.130784
1497  0.131910
1498  0.132996
1499  0.133960
1500  0.135135
1501  0.135966
1502  0.137106
1503  0.138190
1504  0.139372
1505  0.140551
1506  0.141486
1507  0.142673
1508  0.143538
1509  0.144751
1510  0.145992
1511  0.147064
1512  0.148317
1513  0.149233
1514  0.150463
1515  0.151735
1516  0.152728
1517  0.154007
1518  0.155208
1519  0.156181
1520  0.157335
1521  0.158596
1522  0.159544
1523  0.160803
1524  0.162083
1525  0.163057
1526  0.164215
1527  0.165339
1528  0.166287
1529  0.167291
1530  0.168324
1531  0.169560
1532  0.170443
1533  0.171562
1534  0.172689
1535  0.173769
1536  0.174680
1537  0.175770
1538  0.176723
1539  0.177924
1540  0.178917
1541  0.179793
1542  0.180909
1543  0.181976
1544  0.183140
1545  0.184001
1546  0.184851
1547  0.185965
1548  0.186943
1549  0.187917
1550  0.188855
1551  0.189669
1552  0.190442
1553  0.191446
1554  0.192265
1555  0.193227
1556  0.194215
1557  0.195099
1558  0.195686
1559  0.196470
1560  0.197209
1561  0.197949
1562  0.198692
1563  0.199509
1564  0.200167
1565  0.201016
1566  0.201671
1567  0.202530
1568  0.203180
1569  0.203919
1570  0.204653
1571  0.205367
1572  0.206111
1573  0.206904
1574  0.207688
1575  0.208248
1576  0.209136
1577  0.209685
1578  0.210359
1579  0.211069
1580  0.211668
1581  0.212477
1582  0.213237
1583  0.214072
1584  0.214697
1585  0.215491
1586  0.216254
1587  0.216910
1588  0.217425
1589  0.218222
1590  0.218821
1591  0.219605
1592  0.220361
1593  0.221319
1594  0.222172
1595  0.222975
1596  0.223391
1597  0.224101
1598  0.224631
1599  0.225374
1600  0.226041
1601  0.226638
1602  0.227130
1603  0.227979
1604  0.228482
1605  0.229198
1606  0.229735
1607  0.230320
1608  0.230746
1609  0.231354
1610  0.231745
1611  0.232354
1612  0.232901
1613  0.233585
1614  0.234099
1615  0.234661
1616  0.235059
1617  0.235474
1618  0.235822
1619  0.236449
1620  0.236730
1621  0.237228
1622  0.237737
1623  0.238270
1624  0.238856
1625  0.239295
1626  0.239519
1627  0.240057
1628  0.240267
1629  0.240718
1630  0.241022
1631  0.241369
1632  0.241450
1633  0.241943
1634  0.242360
1635  0.242881
1636  0.242984
1637  0.243455
1638  0.243654
1639  0.244032
1640  0.244025
1641  0.244571
1642  0.244781
1643  0.245214
1644  0.245377
1645  0.245678
1646  0.245880
1647  0.246209
1648  0.246213
1649  0.246725
1650  0.246711
1651  0.246734
1652  0.246580
1653  0.246899
1654  0.246428
1655  0.246502
1656  0.246260
1657  0.246334
1658  0.245794
1659  0.245499
1660  0.245231
1661  0.244952
1662  0.244477
1663  0.244263
1664  0.243796
1665  0.243566
1666  0.243022
1667  0.242702
1668  0.242146
1669  0.241792
1670  0.241801
1671  0.243073
1672  0.242491
1673  0.242286
1674  0.241879
1675  0.241502
1676  0.240857
1677  0.240606
1678  0.240085
1679  0.239646
1680  0.238991
1681  0.238643
1682  0.237911
1683  0.237345
1684  0.236887
1685  0.236339
1686  0.235675
1687  0.235105
1688  0.234444
1689  0.233975
1690  0.233286
1691  0.232958
1692  0.232530
1693  0.232125
1694  0.231393
1695  0.230897
1696  0.230383
1697  0.229892
1698  0.229305
1699  0.228673
1700  0.228080
1701  0.227519
1702  0.226882
1703  0.226476
1704  0.225995
1705  0.225593
1706  0.224978
1707  0.224569
1708  0.223846
1709  0.223488
1710  0.222945
1711  0.222387
1712  0.221843
1713  0.221406
1714  0.220893
1715  0.220553
1716  0.220031
1717  0.219612
1718  0.218961
1719  0.218491
1720  0.217870
1721  0.217478
1722  0.217031
1723  0.216653
1724  0.216268
1725  0.215825
1726  0.215370
1727  0.215252
1728  0.215009
1729  0.214783
1730  0.214532
1731  0.214517
1732  0.214354
1733  0.214259
1734  0.214009
1735  0.213889
1736  0.214014
1737  0.213844
1738  0.213646
1739  0.213575
1740  0.213311
1741  0.213131
1742  0.212875
1743  0.212686
1744  0.212240
1745  0.211762
1746  0.211293
1747  0.210971
1748  0.210458
1749  0.209957
1750  0.209491
1751  0.208937
1752  0.208296
1753  0.207846
1754  0.207428
1755  0.206947
1756  0.206351
1757  0.205821
1758  0.205411
1759  0.205047
1760  0.204583
1761  0.204131
1762  0.203866
1763  0.203522
1764  0.203009
1765  0.202665
1766  0.202415
1767  0.202251
1768  0.201975
1769  0.201919
1770  0.201839
1771  0.201978
1772  0.202175
1773  0.201925
1774  0.201917
1775  0.201774
1776  0.201685
1777  0.201849
1778  0.201866
1779  0.201717
1780  0.201698
1781  0.201624
1782  0.201644
1783  0.201533
1784  0.201495
1785  0.201221
1786  0.201081
1787  0.200857
1788  0.200889
1789  0.200842
1790  0.200667
1791  0.200723
1792  0.200625
1793  0.200659
1794  0.200745
1795  0.200855
1796  0.200802
1797  0.201017
1798  0.201328
1799  0.201442
1800  0.201443
1801  0.201781
1802  0.201924
1803  0.202068
1804  0.202172
1805  0.202361
1806  0.202403
1807  0.202531
1808  0.202391
1809  0.202425
1810  0.202564
1811  0.202417
1812  0.202329
1813  0.202344
1814  0.202364
1815  0.202437
1816  0.202239
1817  0.202281
1818  0.202276
1819  0.202256
1820  0.202371
1821  0.202418
1822  0.202412
1823  0.202542
1824  0.202415
1825  0.202711
1826  0.202676
1827  0.202486
1828  0.202185
1829  0.202134
1830  0.201940
1831  0.201733
1832  0.201181
1833  0.200905
1834  0.200591
1835  0.200085
1836  0.199882
1837  0.199584
1838  0.199094
1839  0.198698
1840  0.198217
1841  0.197536
1842  0.196974
1843  0.196199
1844  0.195546
1845  0.194741
1846  0.193899
1847  0.193104
1848  0.191817
1849  0.190563
1850  0.189225
1851  0.188102
1852  0.186074
1853  0.184545
1854  0.182919
1855  0.181260
1856  0.179430
1857  0.177404
1858  0.175137
1859  0.173115
1860  0.170691
1861  0.167867
1862  0.163776
1863  0.160652
1864  0.157435
1865  0.154447
1866  0.150889
1867  0.147699
1868  0.144023
1869  0.141056
1870  0.135954
1871  0.132097
1872  0.128254
1873  0.124142
1874  0.120234
1875  0.115894
1876  0.111893
1877  0.105912
1878  0.101527
1879  0.097490
1880  0.093471
1881  0.089312
1882  0.085792
1883  0.080478
1884  0.076855
1885  0.073569
1886  0.070465
1887  0.067318
1888  0.063542
1889  0.060814
1890  0.058464
1891  0.056307
1892  0.054212
1893  0.051714
1894  0.050034
1895  0.048663
1896  0.047446
1897  0.046484
1898  0.044963
1899  0.044348
1900  0.044087
1901  0.043305
1902  0.042349
1903  0.041736
1904  0.041241
1905  0.040809
1906  0.040174
1907  0.039791
1908  0.039425
1909  0.039136
1910  0.038735
1911  0.038471
1912  0.038241
1913  0.038044
1914  0.037782
1915  0.037645
1916  0.037486
1917  0.037336
1918  0.037135
1919  0.037007
1920  0.036875
1921  0.036542
1922  0.036305
1923  0.036118
1924  0.035946
1925  0.035830
1926  0.035725
1927  0.035661
1928  0.035602
1929  0.035559
1930  0.035525
1931  0.035473
1932  0.035403
1933  0.035351
1934  0.035331
1935  0.035297
1936  0.035320
1937  0.035371
1938  0.035389
1939  0.035427
1940  0.035500
1941  0.035559
1942  0.035616
1943  0.035726
1944  0.035810
1945  0.035896
1946  0.036032
1947  0.036155
1948  0.036249
1949  0.036429
1950  0.036543
1951  0.036768
1952  0.036901
1953  0.037060
1954  0.037281
1955  0.037467
1956  0.037609
1957  0.037859
1958  0.038026
1959  0.038266
1960  0.038468
1961  0.038630
1962  0.038939
1963  0.039113
1964  0.039416
1965  0.039632
1966  0.039864
1967  0.040178
1968  0.040432
1969  0.040758
1970  0.040987
1971  0.041401
1972  0.041624
1973  0.041838
1974  0.042266
1975  0.042536
1976  0.042955
1977  0.043270
1978  0.043751
1979  0.044075
1980  0.044540
1981  0.044835
1982  0.045106
1983  0.045581
1984  0.045870
1985  0.046328
1986  0.046630
1987  0.047061
1988  0.047352
1989  0.047813
1990  0.048153
1991  0.048580
1992  0.048910
1993  0.049361
1994  0.049700
1995  0.050165
1996  0.050478
1997  0.050969
1998  0.051280
1999  0.051795
2000  0.052129
2001  0.052460
2002  0.052958
2003  0.053501
2004  0.053813
2005  0.054338
2006  0.054694
2007  0.055186
2008  0.055523
2009  0.056031
2010  0.056340
2011  0.056841
2012  0.057174
2013  0.057704
2014  0.058027
2015  0.058527
2016  0.058848
2017  0.059329
2018  0.059598
2019  0.060046
2020  0.060355
2021  0.060814
2022  0.061265
2023  0.061511
2024  0.061967
2025  0.062246
2026  0.062665
2027  0.062873
2028  0.063283
2029  0.063685
2030  0.063932
2031  0.064235
2032  0.064482
2033  0.064847
2034  0.065051
2035  0.065423
2036  0.065812
2037  0.065987
2038  0.066393
2039  0.066561
2040  0.066924
2041  0.067276
2042  0.067425
2043  0.067776
2044  0.067936
2045  0.068257
2046  0.068564
2047  0.068721
2048  0.069031
2049  0.069189
2050  0.069483
2051  0.069782
2052  0.069931
2053  0.070221
2054  0.070559
2055  0.070706
2056  0.071068
2057  0.071257
2058  0.071642
2059  0.072008
2060  0.072254
2061  0.072619
2062  0.072967
2063  0.073224
2064  0.073560
2065  0.073988
2066  0.074156
2067  0.074513
2068  0.074885
2069  0.075106
2070  0.075456
2071  0.075852
2072  0.076032
2073  0.076398
2074  0.076753
2075  0.077014
2076  0.077362
2077  0.077758
2078  0.077986
2079  0.078343
2080  0.078666
2081  0.078863
2082  0.079272
2083  0.079610
2084  0.079796
2085  0.080129
2086  0.080497
2087  0.080829
2088  0.081050
2089  0.081388
2090  0.081720
2091  0.081940
2092  0.082214
2093  0.082608
2094  0.082903
2095  0.083099
2096  0.083362
2097  0.083696
2098  0.083926
2099  0.084217
2100  0.084518
2101  0.084817
2102  0.084994
2103  0.085333
2104  0.085617
2105  0.085934
2106  0.086139
2107  0.086465
2108  0.086770
2109  0.087085
2110  0.087309
2111  0.087585
2112  0.087835
2113  0.088154
2114  0.088305
2115  0.088541
2116  0.088827
2117  0.089113
2118  0.089294
2119  0.089570
2120  0.089859
2121  0.090239
2122  0.090518
2123  0.090734
2124  0.091045
2125  0.091324
2126  0.091562
2127  0.091706
2128  0.091894
2129  0.092121
2130  0.092346
2131  0.092634
2132  0.092790
2133  0.093081
2134  0.093279
2135  0.093499
2136  0.093730
2137  0.093825
2138  0.093976
2139  0.094115
2140  0.094252
2141  0.094462
2142  0.094605
2143  0.094694
2144  0.094826
2145  0.095018
2146  0.095201
2147  0.095356
2148  0.095445
2149  0.095556
2150  0.095761
2151  0.095960
2152  0.096102
2153  0.096284
2154  0.096383
2155  0.096532
2156  0.096774
2157  0.096857
2158  0.097000
2159  0.097161
2160  0.097324
2161  0.097380
2162  0.097563
2163  0.097708
2164  0.097882
2165  0.098002
2166  0.098172
2167  0.098356
2168  0.098517
2169  0.098616
2170  0.098778
2171  0.098971
2172  0.099145
2173  0.099352
2174  0.099590
2175  0.099741
2176  0.099964
2177  0.100166
2178  0.100389
2179  0.100664
2180  0.100912
2181  0.100998
2182  0.101124
2183  0.101226
2184  0.101327
2185  0.101478
2186  0.101641
2187  0.101805
2188  0.102034
2189  0.102178
2190  0.102316
2191  0.102505
2192  0.102675
2193  0.102835
2194  0.102878
2195  0.102950
2196  0.103089
2197  0.103274
2198  0.103390
2199  0.103437
2200  0.103578
2201  0.103735
2202  0.103868
2203  0.104002
2204  0.104086
2205  0.104222
2206  0.104314
2207  0.104450
2208  0.104643
2209  0.104767
2210  0.104938
2211  0.105123
2212  0.105226
2213  0.105361
2214  0.105418
2215  0.105528
2216  0.105555
2217  0.105627
2218  0.105642
2219  0.105696
2220  0.105800
2221  0.105838
2222  0.105872
2223  0.105811
2224  0.105790
2225  0.105756
2226  0.105630
2227  0.105504
2228  0.105375
2229  0.105180
2230  0.104938
2231  0.104774
2232  0.104514
2233  0.104206
2234  0.103975
2235  0.103629
2236  0.103200
2237  0.102725
2238  0.102301
2239  0.101800
2240  0.101248
2241  0.100694
2242  0.100126
2243  0.099497
2244  0.098876
2245  0.098263
2246  0.097614
2247  0.097017
2248  0.096407
2249  0.095777
2250  0.095198
2251  0.094626
2252  0.094055
2253  0.093331
2254  0.092756
2255  0.092093
2256  0.091522
2257  0.090943
2258  0.090422
2259  0.089837
2260  0.089291
2261  0.088710
2262  0.088264
2263  0.087750
2264  0.087234
2265  0.086746
2266  0.086296
2267  0.085834
2268  0.085360
2269  0.084893
2270  0.084447
2271  0.084083
2272  0.083734
2273  0.083359
2274  0.082903
2275  0.082593
2276  0.082197
2277  0.081886
2278  0.081581
2279  0.081266
2280  0.081011
2281  0.080653
2282  0.080248
2283  0.079936
2284  0.079522
2285  0.079132
2286  0.078740
2287  0.078247
2288  0.077835
2289  0.077402
2290  0.076943
2291  0.076650
2292  0.076256
2293  0.075970
2294  0.075621
2295  0.075331
2296  0.074974
2297  0.074658
2298  0.074197
2299  0.073927
2300  0.073592
2301  0.073291
2302  0.072929
2303  0.072689
2304  0.072406
2305  0.072216
2306  0.071781
2307  0.071604
2308  0.071435
2309  0.071243
2310  0.071064
2311  0.070965
2312  0.070799
2313  0.070719
2314  0.070405
2315  0.070380
2316  0.070232
2317  0.070130
2318  0.070014
2319  0.069955
2320  0.069798
2321  0.069677
2322  0.069364
2323  0.069266
2324  0.069089
2325  0.068900
2326  0.068750
2327  0.068621
2328  0.068206
2329  0.068049
2330  0.067827
2331  0.067588
2332  0.067326
2333  0.067055
2334  0.066782
2335  0.066361
2336  0.066119
2337  0.065876
2338  0.065615
2339  0.065379
2340  0.064918
2341  0.064737
2342  0.064468
2343  0.064266
2344  0.064046
2345  0.063856
2346  0.063526
2347  0.063380
2348  0.063218
2349  0.063107
2350  0.062948
2351  0.062630
2352  0.062562
2353  0.062444
2354  0.062243
2355  0.062120
2356  0.062032
2357  0.061714
2358  0.061626
2359  0.061567
2360  0.061403
2361  0.061275
2362  0.060909
2363  0.060820
2364  0.060706
2365  0.060593
2366  0.060249
2367  0.060090
2368  0.059891
2369  0.059686
2370  0.059540
2371  0.059177
2372  0.059009
2373  0.058819
2374  0.058702
2375  0.058299
2376  0.058249
2377  0.058062
2378  0.057862
2379  0.057777
2380  0.057422
2381  0.057264
2382  0.057057
2383  0.056927
2384  0.056583
2385  0.056399
2386  0.056226
2387  0.056065
2388  0.055688
2389  0.055475
2390  0.055269
2391  0.055087
2392  0.054718
2393  0.054521
2394  0.054333
2395  0.054171
2396  0.053827
2397  0.053658
2398  0.053463
2399  0.053304
2400  0.052928
2401  0.052740
2402  0.052497
2403  0.052326
2404  0.051879
2405  0.051675
2406  0.051460
2407  0.051089
2408  0.050867
2409  0.050668
2410  0.050485
2411  0.050164
2412  0.049923
2413  0.049700
2414  0.049325
2415  0.049130
2416  0.048897
2417  0.048672
2418  0.048307
2419  0.048087
2420  0.047850
2421  0.047472
2422  0.047241
2423  0.047018
2424  0.046810
2425  0.046400
2426  0.046189
2427  0.045953
2428  0.045570
2429  0.045340
2430  0.045071
2431  0.044708
2432  0.044470
2433  0.044228
2434  0.044018
2435  0.043617
2436  0.043400
2437  0.043166
2438  0.042817
2439  0.042587
2440  0.042381
2441  0.042006
2442  0.041813
2443  0.041586
2444  0.041193
2445  0.040938
2446  0.040721
2447  0.040368
2448  0.040138
2449  0.039924
2450  0.039585
2451  0.039361
2452  0.039163
2453  0.038793
2454  0.038595
2455  0.038409
2456  0.038066
2457  0.037892
2458  0.037702
2459  0.037388
2460  0.037213
2461  0.037023
2462  0.036728
2463  0.036587
2464  0.036436
2465  0.036177
2466  0.036009
2467  0.035747
2468  0.035579
2469  0.035467
2470  0.035215
2471  0.035108
2472  0.034990
2473  0.034735
2474  0.034612
2475  0.034513
2476  0.034312
2477  0.034211
2478  0.034025
2479  0.033899
2480  0.033785
2481  0.033627
2482  0.033545
2483  0.033495
2484  0.033328
2485  0.033194
2486  0.032931
2487  0.032903
2488  0.032814
2489  0.032591
2490  0.032549
2491  0.032464
2492  0.032353
2493  0.032297
2494  0.032218
2495  0.032188
2496  0.032166
2497  0.032052
2498  0.032040
2499  0.031907
2500  0.031928
