 400  0.014967
 401  0.014985
 402  0.014998
 403  0.015019
 404  0.015051
 405  0.015090
 406  0.015134
 407  0.015181
 408  0.015238
 409  0.015293
 410  0.015338
 411  0.015376
 412  0.015427
 413  0.015486
 414  0.015555
 415  0.015615
 416  0.015684
 417  0.015748
 418  0.015816
 419  0.015883
 420  0.015948
 421  0.015998
 422  0.016055
 423  0.016112
 424  0.016177
 425  0.016247
 426  0.016301
 427  0.016331
 428  0.016367
 429  0.016412
 430  0.016444
 431  0.016468
 432  0.016501
 433  0.016533
 434  0.016562
 435  0.016588
 436  0.016613
 437  0.016637
 438  0.016659
 439  0.016682
 440  0.016715
 441  0.016762
 442  0.016806
 443  0.016850
 444  0.016891
 445  0.016944
 446  0.016987
 447  0.017033
 448  0.017090
 449  0.017155
 450  0.017223
 451  0.017301
 452  0.017386
 453  0.017473
 454  0.017555
 455  0.017638
 456  0.017719
 457  0.017809
 458  0.017891
 459  0.017967
 460  0.018041
 461  0.018105
 462  0.018160
 463  0.018211
 464  0.018265
 465  0.018325
 466  0.018383
 467  0.018434
 468  0.018479
 469  0.018533
 470  0.018578
 471  0.018611
 472  0.018643
 473  0.018674
 474  0.018705
 475  0.018731
 476  0.018753
 477  0.018779
 478  0.018808
 479  0.018836
 480  0.018871
 481  0.018930
 482  0.018994
 483  0.019069
 484  0.019161
 485  0.019271
 486  0.019394
 487  0.019538
 488  0.019711
 489  0.019910
 490  0.020134
 491  0.020393
 492  0.020687
 493  0.021010
 494  0.021360
 495  0.021754
 496  0.022170
 497  0.022636
 498  0.023151
 499  0.023708
 500  0.024326
 501  0.024994
 502  0.025724
 503  0.026514
 504  0.027364
 505  0.028279
 506  0.029276
 507  0.030355
 508  0.031497
 509  0.032728
 510  0.034038
 511  0.035438
 512  0.036932
 513  0.038517
 514  0.040177
 515  0.041940
 516  0.043759
 517  0.045649
 518  0.047588
 519  0.049575
 520  0.051596
 521  0.053638
 522  0.055700
 523  0.057741
 524  0.059750
 525  0.061705
 526  0.063599
 527  0.065418
 528  0.067137
 529  0.068768
 530  0.070314
 531  0.071751
 532  0.073080
 533  0.074314
 534  0.075448
 535  0.076484
 536  0.077441
 537  0.078327
 538  0.079140
 539  0.079886
 540  0.080532
 541  0.081193
 542  0.081780
 543  0.082351
 544  0.082892
 545  0.083448
 546  0.084001
 547  0.084568
 548  0.085098
 549  0.085637
 550  0.086081
 551  0.086448
 552  0.086715
 553  0.086926
 554  0.087030
 555  0.087022
 556  0.086851
 557  0.086616
 558  0.086216
 559  0.085702
 560  0.085125
 561  0.084447
 562  0.083682
 563  0.082835
 564  0.081909
 565  0.080911
 566  0.079850
 567  0.078727
 568  0.077547
 569  0.076314
 570  0.075076
 571  0.073788
 572  0.072537
 573  0.071323
 574  0.070143
 575  0.069030
 576  0.067953
 577  0.066970
 578  0.066044
 579  0.065170
 580  0.064347
 581  0.063587
 582  0.062872
 583  0.062200
 584  0.061568
 585  0.061004
 586  0.060429
 587  0.059890
 588  0.059412
 589  0.058966
 590  0.058553
 591  0.058195
 592  0.057841
 593  0.057541
 594  0.057268
 595  0.057047
 596  0.056803
 597  0.056584
 598  0.056369
 599  0.056129
 600  0.055893
 601  0.055618
 602  0.055323
 603  0.054986
 604  0.054582
 605  0.054163
 606  0.053677
 607  0.053133
 608  0.052556
 609  0.051950
 610  0.051335
 611  0.050712
 612  0.050082
 613  0.049429
 614  0.048792
 615  0.048167
 616  0.047582
 617  0.047026
 618  0.046500
 619  0.046035
 620  0.045628
 621  0.045260
 622  0.044962
 623  0.044698
 624  0.044469
 625  0.044304
 626  0.044176
 627  0.044094
 628  0.044042
 629  0.043976
 630  0.043927
 631  0.043821
 632  0.043672
 633  0.043479
 634  0.043217
 635  0.042869
 636  0.042469
 637  0.041966
 638  0.041395
 639  0.040749
 640  0.040050
 641  0.039316
 642  0.038552
 643  0.037777
 644  0.037006
 645  0.036258
 646  0.035538
 647  0.034871
 648  0.034258
 649  0.033713
 650  0.033230
 651  0.032820
 652  0.032445
 653  0.032083
 654  0.031717
 655  0.031328
 656  0.030902
 657  0.030425
 658  0.029903
 659  0.029344
 660  0.028757
 661  0.028143
 662  0.027543
 663  0.026970
 664  0.026431
 665  0.025951
 666  0.025539
 667  0.025196
 668  0.024929
 669  0.024725
 670  0.024588
 671  0.024490
 672  0.024446
 673  0.024457
 674  0.024513
 675  0.024610
 676  0.024777
 677  0.024989
 678  0.025253
 679  0.025581
 680  0.025985
 681  0.026471
 682  0.027071
 683  0.027818
 684  0.028759
 685  0.029918
 686  0.031348
 687  0.033114
 688  0.035263
 689  0.037832
 690  0.040878
 691  0.044413
 692  0.048444
 693  0.052969
 694  0.057969
 695  0.063424
 696  0.069258
 697  0.075465
 698  0.081956
 699  0.088663
 700  0.095564
 701  0.102616
 702  0.109650
 703  0.116703
 704  0.123704
 705  0.130615
 706  0.137460
 707  0.144232
 708  0.150944
 709  0.157567
 710  0.164157
 711  0.170636
 712  0.177074
 713  0.183474
 714  0.189837
 715  0.196136
 716  0.202425
 717  0.208628
 718  0.214744
 719  0.220813
 720  0.226763
 721  0.232621
 722  0.238374
 723  0.243983
 724  0.249442
 725  0.254788
 726  0.259941
 727  0.264956
 728  0.269753
 729  0.274383
 730  0.278822
 731  0.283050
 732  0.287124
 733  0.290988
 734  0.294617
 735  0.298043
 736  0.301236
 737  0.304248
 738  0.307069
 739  0.309732
 740  0.312206
 741  0.314489
 742  0.316623
 743  0.318592
 744  0.320421
 745  0.322104
 746  0.323669
 747  0.325080
 748  0.326371
 749  0.327547
 750  0.328597
 751  0.329629
 752  0.330621
 753  0.331566
 754  0.332464
 755  0.333312
 756  0.334144
 757  0.334926
 758  0.335659
 759  0.336349
 760  0.336993
 761  0.337555
 762  0.338083
 763  0.338579
 764  0.339040
 765  0.339465
 766  0.339837
 767  0.340176
 768  0.340482
 769  0.340760
 770  0.341003
 771  0.341227
 772  0.341423
 773  0.341598
 774  0.341744
 775  0.341868
 776  0.342102
 777  0.342316
 778  0.342511
 779  0.342680
 780  0.342841
 781  0.342886
 782  0.342930
 783  0.342972
 784  0.343018
 785  0.343067
 786  0.343115
 787  0.343158
 788  0.343185
 789  0.343215
 790  0.343263
 791  0.343376
 792  0.343497
 793  0.343606
 794  0.343713
 795  0.343819
 796  0.343827
 797  0.343836
 798  0.343841
 799  0.343846
 800  0.343869
 801  0.343974
 802  0.344083
 803  0.344196
 804  0.344318
 805  0.344422
 806  0.344462
 807  0.344512
 808  0.344564
 809  0.344605
 810  0.344645
 811  0.344648
 812  0.344644
 813  0.344639
 814  0.344635
 815  0.344627
 816  0.344682
 817  0.344724
 818  0.344773
 819  0.344827
 820  0.344881
 821  0.344971
 822  0.345064
 823  0.345175
 824  0.345277
 825  0.345336
 826  0.345309
 827  0.345338
 828  0.345357
 829  0.345296
 830  0.345295
 831  0.345235
 832  0.345116
 833  0.345008
 834  0.344970
 835  0.344941
 836  0.344869
 837  0.344842
 838  0.344816
 839  0.344780
 840  0.344747
 841  0.344818
 842  0.344885
 843  0.344947
 844  0.345022
 845  0.345099
 846  0.345192
 847  0.345314
 848  0.345416
 849  0.345508
 850  0.345632
 851  0.345615
 852  0.345595
 853  0.345581
 854  0.345573
 855  0.345551
 856  0.345515
 857  0.345504
 858  0.345495
 859  0.345450
 860  0.345434
 861  0.345437
 862  0.345425
 863  0.345422
 864  0.345420
 865  0.345398
 866  0.345538
 867  0.345688
 868  0.345852
 869  0.346017
 870  0.346160
 871  0.346105
 872  0.346080
 873  0.346059
 874  0.346018
 875  0.345984
 876  0.345992
 877  0.345982
 878  0.345996
 879  0.345996
 880  0.345972
 881  0.345990
 882  0.346017
 883  0.346020
 884  0.346024
 885  0.346052
 886  0.346085
 887  0.346092
 888  0.346085
 889  0.346104
 890  0.346128
 891  0.346138
 892  0.346173
 893  0.346226
 894  0.346282
 895  0.346315
 896  0.346303
 897  0.346321
 898  0.346341
 899  0.346327
 900  0.346343
 901  0.346350
 902  0.346317
 903  0.346308
 904  0.346322
 905  0.346347
 906  0.346292
 907  0.346199
 908  0.346135
 909  0.346100
 910  0.346062
 911  0.346039
 912  0.345968
 913  0.345928
 914  0.345923
 915  0.345928
 916  0.345902
 917  0.345796
 918  0.345740
 919  0.345751
 920  0.345763
 921  0.345665
 922  0.345435
 923  0.345305
 924  0.345236
 925  0.345119
 926  0.344963
 927  0.344848
 928  0.344576
 929  0.344074
 930  0.343770
 931  0.343620
 932  0.343396
 933  0.343165
 934  0.343005
 935  0.342721
 936  0.342153
 937  0.341676
 938  0.341370
 939  0.341117
 940  0.340586
 941  0.339724
 942  0.339246
 943  0.338975
 944  0.338542
 945  0.337990
 946  0.337378
 947  0.336885
 948  0.336443
 949  0.335456
 950  0.333741
 951  0.332690
 952  0.331994
 953  0.331036
 954  0.329963
 955  0.329024
 956  0.328198
 957  0.327421
 958  0.326778
 959  0.326300
 960  0.325692
 961  0.324874
 962  0.324536
 963  0.324501
 964  0.324420
 965  0.324292
 966  0.324143
 967  0.324047
 968  0.323994
 969  0.323958
 970  0.323910
 971  0.323898
 972  0.323888
 973  0.323860
 974  0.323802
 975  0.323837
 976  0.323871
 977  0.323908
 978  0.323968
 979  0.324078
 980  0.324216
 981  0.324327
 982  0.324450
 983  0.324592
 984  0.324764
 985  0.324942
 986  0.325214
 987  0.325501
 988  0.325798
 989  0.326074
 990  0.326379
 991  0.326889
 992  0.327388
 993  0.327821
 994  0.328238
 995  0.328741
 996  0.329054
 997  0.329361
 998  0.329650
 999  0.329942
1000  0.330246
1001  0.330583
1002  0.330942
1003  0.331236
1004  0.331555
1005  0.331878
1006  0.332301
1007  0.332717
1008  0.333145
1009  0.333588
1010  0.334013
1011  0.334438
1012  0.334859
1013  0.335272
1014  0.335650
1015  0.336045
1016  0.336375
1017  0.336689
1018  0.337037
1019  0.337445
1020  0.337856
1021  0.338239
1022  0.338600
1023  0.338971
1024  0.339342
1025  0.339679
1026  0.340207
1027  0.340759
1028  0.341345
1029  0.341951
1030  0.342497
1031  0.342866
1032  0.343177
1033  0.343562
1034  0.344024
1035  0.344517
1036  0.344822
1037  0.345089
1038  0.345380
1039  0.345664
1040  0.345913
1041  0.346150
1042  0.346410
1043  0.346637
1044  0.346808
1045  0.346955
1046  0.347139
1047  0.347390
1048  0.347631
1049  0.347818
1050  0.347969
1051  0.348160
1052  0.348388
1053  0.348593
1054  0.348810
1055  0.348951
1056  0.349097
1057  0.349250
1058  0.349387
1059  0.349544
1060  0.349735
1061  0.349983
1062  0.350148
1063  0.350308
1064  0.350461
1065  0.350598
1066  0.350655
1067  0.350713
1068  0.350760
1069  0.350777
1070  0.350784
1071  0.350874
1072  0.350974
1073  0.351067
1074  0.351130
1075  0.351145
1076  0.351114
1077  0.351109
1078  0.351142
1079  0.351191
1080  0.351220
1081  0.351189
1082  0.351120
1083  0.351020
1084  0.350911
1085  0.350866
1086  0.350867
1087  0.350860
1088  0.350821
1089  0.350715
1090  0.350613
1091  0.350524
1092  0.350465
1093  0.350424
1094  0.350362
1095  0.350273
1096  0.350014
1097  0.349719
1098  0.349458
1099  0.349324
1100  0.349244
1101  0.349113
1102  0.348886
1103  0.348686
1104  0.348539
1105  0.348459
1106  0.348336
1107  0.348104
1108  0.347914
1109  0.347781
1110  0.347699
1111  0.347556
1112  0.347310
1113  0.347092
1114  0.347097
1115  0.347159
1116  0.347147
1117  0.346916
1118  0.346593
1119  0.346382
1120  0.346167
1121  0.345889
1122  0.345469
1123  0.345039
1124  0.344790
1125  0.344543
1126  0.344081
1127  0.343255
1128  0.342406
1129  0.341777
1130  0.341122
1131  0.340204
1132  0.338778
1133  0.337182
1134  0.335715
1135  0.334429
1136  0.333221
1137  0.331966
1138  0.330424
1139  0.328313
1140  0.325600
1141  0.323006
1142  0.321120
1143  0.319515
1144  0.317520
1145  0.314712
1146  0.311960
1147  0.309998
1148  0.308660
1149  0.307474
1150  0.306113
1151  0.304611
1152  0.303010
1153  0.301497
1154  0.300220
1155  0.299362
1156  0.298812
1157  0.298431
1158  0.297981
1159  0.297555
1160  0.297109
1161  0.296649
1162  0.296260
1163  0.296128
1164  0.296064
1165  0.296076
1166  0.295961
1167  0.295846
1168  0.295801
1169  0.295777
1170  0.295779
1171  0.295532
1172  0.295124
1173  0.294762
1174  0.294723
1175  0.294870
1176  0.295069
1177  0.295081
1178  0.294976
1179  0.294899
1180  0.294820
1181  0.294787
1182  0.294707
1183  0.294604
1184  0.294475
1185  0.294345
1186  0.294302
1187  0.294279
1188  0.294262
1189  0.294177
1190  0.294166
1191  0.294055
1192  0.293994
1193  0.293864
1194  0.293801
1195  0.293692
1196  0.293672
1197  0.293698
1198  0.293770
1199  0.294026
1200  0.294395
1201  0.294725
1202  0.294726
1203  0.294573
1204  0.294526
1205  0.294637
1206  0.295038
1207  0.295377
1208  0.295596
1209  0.295699
1210  0.295871
1211  0.296117
1212  0.296363
1213  0.296575
1214  0.296565
1215  0.296574
1216  0.296708
1217  0.296997
1218  0.297377
1219  0.297734
1220  0.297792
1221  0.297851
1222  0.297927
1223  0.298110
1224  0.298387
1225  0.298640
1226  0.298732
1227  0.298818
1228  0.298882
1229  0.299067
1230  0.299335
1231  0.299514
1232  0.299610
1233  0.299731
1234  0.299899
1235  0.300067
1236  0.300265
1237  0.300368
1238  0.300382
1239  0.300318
1240  0.300373
1241  0.300444
1242  0.300571
1243  0.300791
1244  0.300902
1245  0.301077
1246  0.301187
1247  0.301359
1248  0.301474
1249  0.301594
1250  0.301777
1251  0.301990
1252  0.302144
1253  0.302338
1254  0.302399
1255  0.302374
1256  0.302322
1257  0.302258
1258  0.302266
1259  0.302282
1260  0.302433
1261  0.302602
1262  0.302725
1263  0.302707
1264  0.302687
1265  0.302621
1266  0.302599
1267  0.302577
1268  0.302552
1269  0.302541
1270  0.302420
1271  0.302273
1272  0.302079
1273  0.301793
1274  0.301505
1275  0.301265
1276  0.301094
1277  0.300971
1278  0.300856
1279  0.300627
1280  0.300327
1281  0.300015
1282  0.299680
1283  0.299279
1284  0.298937
1285  0.298602
1286  0.298296
1287  0.298041
1288  0.297748
1289  0.297396
1290  0.297013
1291  0.296536
1292  0.296065
1293  0.295562
1294  0.295004
1295  0.294417
1296  0.293835
1297  0.293223
1298  0.292691
1299  0.292218
1300  0.291851
1301  0.291121
1302  0.290555
1303  0.289856
1304  0.288988
1305  0.288134
1306  0.287068
1307  0.286126
1308  0.285124
1309  0.284223
1310  0.283390
1311  0.282500
1312  0.281486
1313  0.280252
1314  0.279037
1315  0.277836
1316  0.276724
1317  0.275648
1318  0.274445
1319  0.273175
1320  0.271571
1321  0.270114
1322  0.268654
1323  0.267409
1324  0.266267
1325  0.265231
1326  0.263828
1327  0.261964
1328  0.260029
1329  0.258280
1330  0.257004
1331  0.255882
1332  0.254680
1333  0.253172
1334  0.251193
1335  0.249110
1336  0.247175
1337  0.245507
1338  0.244101
1339  0.242939
1340  0.241883
1341  0.240659
1342  0.239232
1343  0.237766
1344  0.235962
1345  0.233839
1346  0.231698
1347  0.229852
1348  0.228344
1349  0.227283
1350  0.225877
1351  0.224726
1352  0.223275
1353  0.222047
1354  0.220714
1355  0.219683
1356  0.218170
1357  0.217055
1358  0.215606
1359  0.214608
1360  0.213627
1361  0.212494
1362  0.211202
1363  0.209532
1364  0.208206
1365  0.206839
1366  0.204970
1367  0.203597
1368  0.201568
1369  0.199576
1370  0.197519
1371  0.194858
1372  0.192028
1373  0.189642
1374  0.186315
1375  0.182675
1376  0.179615
1377  0.175873
1378  0.172051
1379  0.167805
1380  0.164493
1381  0.159788
1382  0.155148
1383  0.150216
1384  0.146258
1385  0.141023
1386  0.136090
1387  0.131228
1388  0.126029
1389  0.122231
1390  0.117284
1391  0.112901
1392  0.108597
1393  0.104645
1394  0.100367
1395  0.097370
1396  0.093905
1397  0.090190
1398  0.086985
1399  0.083998
1400  0.081207
1401  0.078616
1402  0.075963
1403  0.073739
1404  0.071749
1405  0.070205
1406  0.068406
1407  0.066773
1408  0.065238
1409  0.063694
1410  0.062332
1411  0.061151
1412  0.060007
1413  0.058992
1414  0.058005
1415  0.057099
1416  0.056299
1417  0.055583
1418  0.054875
1419  0.054256
1420  0.053700
1421  0.053136
1422  0.052598
1423  0.052097
1424  0.051631
1425  0.051075
1426  0.050673
1427  0.050319
1428  0.049995
1429  0.049697
1430  0.049363
1431  0.049117
1432  0.048833
1433  0.048651
1434  0.048371
1435  0.048169
1436  0.047991
1437  0.047798
1438  0.047632
1439  0.047517
1440  0.047391
1441  0.047275
1442  0.047190
1443  0.047124
1444  0.047053
1445  0.047015
1446  0.046977
1447  0.046955
1448  0.046958
1449  0.046980
1450  0.047000
1451  0.047037
1452  0.047055
1453  0.047091
1454  0.047129
1455  0.047196
1456  0.047271
1457  0.047348
1458  0.047476
1459  0.047572
1460  0.047673
1461  0.047917
1462  0.048120
1463  0.048348
1464  0.048684
1465  0.048991
1466  0.049269
1467  0.049703
1468  0.050037
1469  0.050398
1470  0.050879
1471  0.051329
1472  0.051783
1473  0.052417
1474  0.052889
1475  0.053588
1476  0.054093
1477  0.054624
1478  0.055223
1479  0.055754
1480  0.056430
1481  0.056919
1482  0.057496
1483  0.057997
1484  0.058629
1485  0.059159
1486  0.059728
1487  0.060492
1488  0.061117
1489  0.061960
1490  0.062575
1491  0.063401
1492  0.064071
1493  0.064873
1494  0.065537
1495  0.066436
1496  0.067159
1497  0.068018
1498  0.068828
1499  0.069555
1500  0.070451
1501  0.071110
1502  0.071983
1503  0.072782
1504  0.073664
1505  0.074586
1506  0.075293
1507  0.076193
1508  0.076853
1509  0.077798
1510  0.078723
1511  0.079588
1512  0.080559
1513  0.081272
1514  0.082266
1515  0.083286
1516  0.084041
1517  0.085063
1518  0.086021
1519  0.086804
1520  0.087743
1521  0.088756
1522  0.089519
1523  0.090569
1524  0.091628
1525  0.092430
1526  0.093391
1527  0.094320
1528  0.095075
1529  0.095954
1530  0.096824
1531  0.097888
1532  0.098647
1533  0.099670
1534  0.100628
1535  0.101629
1536  0.102329
1537  0.103289
1538  0.104186
1539  0.105243
1540  0.106083
1541  0.106882
1542  0.107875
1543  0.108820
1544  0.109860
1545  0.110636
1546  0.111445
1547  0.112430
1548  0.113292
1549  0.114224
1550  0.115043
1551  0.115789
1552  0.116543
1553  0.117468
1554  0.118237
1555  0.119116
1556  0.119985
1557  0.120811
1558  0.121440
1559  0.122180
1560  0.122980
1561  0.123794
1562  0.124539
1563  0.125367
1564  0.126067
1565  0.126975
1566  0.127632
1567  0.128454
1568  0.129127
1569  0.129873
1570  0.130630
1571  0.131376
1572  0.132117
1573  0.132877
1574  0.133666
1575  0.134267
1576  0.135093
1577  0.135732
1578  0.136363
1579  0.137110
1580  0.137661
1581  0.138364
1582  0.139125
1583  0.139856
1584  0.140438
1585  0.141106
1586  0.141770
1587  0.142389
1588  0.142870
1589  0.143555
1590  0.144127
1591  0.144888
1592  0.145605
1593  0.146407
1594  0.147202
1595  0.147874
1596  0.148358
1597  0.148930
1598  0.149455
1599  0.150066
1600  0.150753
1601  0.151326
1602  0.151778
1603  0.152422
1604  0.152916
1605  0.153604
1606  0.154133
1607  0.154611
1608  0.154966
1609  0.155583
1610  0.155976
1611  0.156440
1612  0.156885
1613  0.157465
1614  0.157850
1615  0.158257
1616  0.158632
1617  0.159039
1618  0.159346
1619  0.159898
1620  0.160179
1621  0.160666
1622  0.161075
1623  0.161537
1624  0.162056
1625  0.162457
1626  0.162790
1627  0.163309
1628  0.163487
1629  0.163957
1630  0.164235
1631  0.164621
1632  0.164740
1633  0.165260
1634  0.165535
1635  0.165961
1636  0.166083
1637  0.166496
1638  0.166626
1639  0.166950
1640  0.167031
1641  0.167435
1642  0.167619
1643  0.168043
1644  0.168297
1645  0.168674
1646  0.168838
1647  0.169296
1648  0.169341
1649  0.169772
1650  0.169897
1651  0.170123
1652  0.170110
1653  0.170497
1654  0.170370
1655  0.170549
1656  0.170443
1657  0.170704
1658  0.170548
1659  0.170540
1660  0.170478
1661  0.170559
1662  0.170306
1663  0.170425
1664  0.170227
1665  0.170385
1666  0.170206
1667  0.170321
1668  0.170168
1669  0.170234
1670  0.170263
1671  0.170750
1672  0.170510
1673  0.170589
1674  0.170436
1675  0.170395
1676  0.170113
1677  0.170087
1678  0.169903
1679  0.169902
1680  0.169615
1681  0.169604
1682  0.169285
1683  0.169183
1684  0.169039
1685  0.168920
1686  0.168647
1687  0.168578
1688  0.168202
1689  0.168216
1690  0.167913
1691  0.167856
1692  0.167660
1693  0.167639
1694  0.167327
1695  0.167108
1696  0.166778
1697  0.166641
1698  0.166348
1699  0.166001
1700  0.165660
1701  0.165346
1702  0.164901
1703  0.164748
1704  0.164363
1705  0.164155
1706  0.163674
1707  0.163476
1708  0.163009
1709  0.162799
1710  0.162316
1711  0.161945
1712  0.161631
1713  0.161390
1714  0.161016
1715  0.160771
1716  0.160394
1717  0.160102
1718  0.159524
1719  0.159204
1720  0.158603
1721  0.158343
1722  0.157953
1723  0.157586
1724  0.157228
1725  0.156853
1726  0.156361
1727  0.156212
1728  0.155757
1729  0.155388
1730  0.155005
1731  0.154823
1732  0.154453
1733  0.154185
1734  0.153667
1735  0.153341
1736  0.153095
1737  0.152513
1738  0.151966
1739  0.151666
1740  0.151055
1741  0.150608
1742  0.150181
1743  0.149860
1744  0.149228
1745  0.148681
1746  0.148158
1747  0.147611
1748  0.146984
1749  0.146445
1750  0.145897
1751  0.145235
1752  0.144480
1753  0.143880
1754  0.143421
1755  0.142750
1756  0.141990
1757  0.141326
1758  0.140782
1759  0.140243
1760  0.139554
1761  0.138905
1762  0.138479
1763  0.137923
1764  0.137300
1765  0.136726
1766  0.136271
1767  0.135865
1768  0.135326
1769  0.134908
1770  0.134487
1771  0.134286
1772  0.134189
1773  0.133736
1774  0.133528
1775  0.133209
1776  0.132939
1777  0.132862
1778  0.132669
1779  0.132393
1780  0.132231
1781  0.132028
1782  0.131826
1783  0.131626
1784  0.131468
1785  0.131193
1786  0.131031
1787  0.130768
1788  0.130661
1789  0.130539
1790  0.130350
1791  0.130359
1792  0.130332
1793  0.130239
1794  0.130192
1795  0.130210
1796  0.130183
1797  0.130229
1798  0.130392
1799  0.130449
1800  0.130489
1801  0.130633
1802  0.130738
1803  0.130849
1804  0.130902
1805  0.131021
1806  0.131026
1807  0.131087
1808  0.130990
1809  0.130941
1810  0.130965
1811  0.130772
1812  0.130710
1813  0.130703
1814  0.130664
1815  0.130717
1816  0.130543
1817  0.130485
1818  0.130369
1819  0.130306
1820  0.130266
1821  0.130252
1822  0.130185
1823  0.130213
1824  0.130081
1825  0.130134
1826  0.130030
1827  0.129807
1828  0.129525
1829  0.129352
1830  0.129050
1831  0.128819
1832  0.128184
1833  0.127874
1834  0.127464
1835  0.126925
1836  0.126461
1837  0.125907
1838  0.125248
1839  0.124602
1840  0.123831
1841  0.123061
1842  0.122263
1843  0.121361
1844  0.120477
1845  0.119481
1846  0.118413
1847  0.117475
1848  0.116107
1849  0.114810
1850  0.113368
1851  0.112198
1852  0.110185
1853  0.108717
1854  0.107127
1855  0.105556
1856  0.103857
1857  0.101972
1858  0.099918
1859  0.098066
1860  0.095856
1861  0.093731
1862  0.090362
1863  0.087835
1864  0.085196
1865  0.082773
1866  0.079954
1867  0.077418
1868  0.074553
1869  0.072139
1870  0.068220
1871  0.065295
1872  0.062451
1873  0.059451
1874  0.056703
1875  0.053703
1876  0.051303
1877  0.047552
1878  0.044991
1879  0.042691
1880  0.040451
1881  0.038151
1882  0.036323
1883  0.033421
1884  0.031621
1885  0.030062
1886  0.028666
1887  0.027295
1888  0.025595
1889  0.024509
1890  0.023643
1891  0.022914
1892  0.022232
1893  0.021348
1894  0.020880
1895  0.020562
1896  0.020293
1897  0.020142
1898  0.019708
1899  0.019682
1900  0.019792
1901  0.019676
1902  0.019457
1903  0.019378
1904  0.019338
1905  0.019307
1906  0.019110
1907  0.019012
1908  0.018916
1909  0.018849
1910  0.018724
1911  0.018523
1912  0.018334
1913  0.018158
1914  0.017949
1915  0.017791
1916  0.017653
1917  0.017507
1918  0.017333
1919  0.017176
1920  0.017010
1921  0.016749
1922  0.016521
1923  0.016312
1924  0.016114
1925  0.015926
1926  0.015772
1927  0.015629
1928  0.015489
1929  0.015349
1930  0.015214
1931  0.015115
1932  0.015013
1933  0.014916
1934  0.014824
1935  0.014729
1936  0.014663
1937  0.014605
1938  0.014539
1939  0.014475
1940  0.014422
1941  0.014375
1942  0.014325
1943  0.014288
1944  0.014247
1945  0.014206
1946  0.014192
1947  0.014176
1948  0.014158
1949  0.014154
1950  0.014137
1951  0.014164
1952  0.014170
1953  0.014184
1954  0.014211
1955  0.014233
1956  0.014259
1957  0.014309
1958  0.014343
1959  0.014393
1960  0.014438
1961  0.014458
1962  0.014515
1963  0.014538
1964  0.014595
1965  0.014632
1966  0.014673
1967  0.014736
1968  0.014784
1969  0.014855
1970  0.014898
1971  0.014994
1972  0.015037
1973  0.015082
1974  0.015184
1975  0.015246
1976  0.015352
1977  0.015431
1978  0.015558
1979  0.015642
1980  0.015770
1981  0.015878
1982  0.015977
1983  0.016143
1984  0.016254
1985  0.016416
1986  0.016531
1987  0.016692
1988  0.016806
1989  0.016978
1990  0.017111
1991  0.017286
1992  0.017428
1993  0.017612
1994  0.017761
1995  0.017958
1996  0.018103
1997  0.018311
1998  0.018456
1999  0.018681
2000  0.018841
2001  0.018974
2002  0.019170
2003  0.019388
2004  0.019521
2005  0.019735
2006  0.019899
2007  0.020117
2008  0.020278
2009  0.020506
2010  0.020660
2011  0.020911
2012  0.021094
2013  0.021361
2014  0.021545
2015  0.021809
2016  0.021992
2017  0.022244
2018  0.022411
2019  0.022660
2020  0.022851
2021  0.023106
2022  0.023357
2023  0.023523
2024  0.023789
2025  0.023971
2026  0.024235
2027  0.024402
2028  0.024665
2029  0.024931
2030  0.025120
2031  0.025367
2032  0.025578
2033  0.025855
2034  0.026048
2035  0.026335
2036  0.026649
2037  0.026856
2038  0.027184
2039  0.027397
2040  0.027708
2041  0.028013
2042  0.028210
2043  0.028520
2044  0.028719
2045  0.029019
2046  0.029310
2047  0.029510
2048  0.029805
2049  0.030001
2050  0.030297
2051  0.030578
2052  0.030784
2053  0.031058
2054  0.031363
2055  0.031551
2056  0.031881
2057  0.032095
2058  0.032422
2059  0.032744
2060  0.032972
2061  0.033289
2062  0.033585
2063  0.033812
2064  0.034108
2065  0.034443
2066  0.034646
2067  0.034968
2068  0.035299
2069  0.035527
2070  0.035835
2071  0.036160
2072  0.036330
2073  0.036619
2074  0.036928
2075  0.037128
2076  0.037420
2077  0.037762
2078  0.037966
2079  0.038270
2080  0.038572
2081  0.038802
2082  0.039166
2083  0.039493
2084  0.039712
2085  0.040039
2086  0.040405
2087  0.040733
2088  0.040978
2089  0.041324
2090  0.041663
2091  0.041915
2092  0.042209
2093  0.042594
2094  0.042908
2095  0.043156
2096  0.043444
2097  0.043772
2098  0.044010
2099  0.044315
2100  0.044625
2101  0.044979
2102  0.045192
2103  0.045551
2104  0.045865
2105  0.046198
2106  0.046441
2107  0.046789
2108  0.047126
2109  0.047470
2110  0.047715
2111  0.048015
2112  0.048300
2113  0.048614
2114  0.048785
2115  0.049061
2116  0.049372
2117  0.049716
2118  0.049942
2119  0.050262
2120  0.050610
2121  0.050944
2122  0.051202
2123  0.051406
2124  0.051691
2125  0.051970
2126  0.052262
2127  0.052486
2128  0.052775
2129  0.053084
2130  0.053389
2131  0.053657
2132  0.053859
2133  0.054129
2134  0.054364
2135  0.054629
2136  0.054866
2137  0.055016
2138  0.055226
2139  0.055434
2140  0.055620
2141  0.055893
2142  0.056119
2143  0.056283
2144  0.056507
2145  0.056764
2146  0.056981
2147  0.057206
2148  0.057332
2149  0.057499
2150  0.057735
2151  0.057927
2152  0.058112
2153  0.058307
2154  0.058449
2155  0.058591
2156  0.058808
2157  0.058964
2158  0.059137
2159  0.059300
2160  0.059482
2161  0.059566
2162  0.059737
2163  0.059896
2164  0.060051
2165  0.060172
2166  0.060324
2167  0.060482
2168  0.060597
2169  0.060696
2170  0.060831
2171  0.060972
2172  0.061104
2173  0.061251
2174  0.061403
2175  0.061515
2176  0.061668
2177  0.061798
2178  0.061932
2179  0.062138
2180  0.062300
2181  0.062416
2182  0.062591
2183  0.062723
2184  0.062855
2185  0.063030
2186  0.063186
2187  0.063333
2188  0.063488
2189  0.063639
2190  0.063741
2191  0.063879
2192  0.063981
2193  0.064032
2194  0.064031
2195  0.064085
2196  0.064210
2197  0.064349
2198  0.064446
2199  0.064534
2200  0.064660
2201  0.064706
2202  0.064735
2203  0.064763
2204  0.064749
2205  0.064798
2206  0.064758
2207  0.064750
2208  0.064798
2209  0.064804
2210  0.064846
2211  0.064878
2212  0.064869
2213  0.064845
2214  0.064831
2215  0.064802
2216  0.064763
2217  0.064718
2218  0.064683
2219  0.064672
2220  0.064695
2221  0.064678
2222  0.064701
2223  0.064614
2224  0.064562
2225  0.064524
2226  0.064420
2227  0.064316
2228  0.064230
2229  0.064107
2230  0.063970
2231  0.063894
2232  0.063772
2233  0.063595
2234  0.063501
2235  0.063353
2236  0.063173
2237  0.062941
2238  0.062741
2239  0.062519
2240  0.062266
2241  0.062013
2242  0.061774
2243  0.061480
2244  0.061207
2245  0.060937
2246  0.060636
2247  0.060367
2248  0.060092
2249  0.059815
2250  0.059535
2251  0.059248
2252  0.058980
2253  0.058582
2254  0.058322
2255  0.057993
2256  0.057651
2257  0.057331
2258  0.057019
2259  0.056682
2260  0.056350
2261  0.056023
2262  0.055769
2263  0.055487
2264  0.055153
2265  0.054875
2266  0.054583
2267  0.054289
2268  0.053975
2269  0.053681
2270  0.053394
2271  0.053158
2272  0.052898
2273  0.052643
2274  0.052270
2275  0.052027
2276  0.051735
2277  0.051506
2278  0.051242
2279  0.050980
2280  0.050760
2281  0.050506
2282  0.050223
2283  0.049973
2284  0.049670
2285  0.049385
2286  0.049088
2287  0.048663
2288  0.048348
2289  0.048043
2290  0.047696
2291  0.047405
2292  0.047052
2293  0.046769
2294  0.046446
2295  0.046154
2296  0.045863
2297  0.045652
2298  0.045223
2299  0.045019
2300  0.044730
2301  0.044521
2302  0.044252
2303  0.044062
2304  0.043822
2305  0.043662
2306  0.043247
2307  0.043084
2308  0.042884
2309  0.042680
2310  0.042481
2311  0.042321
2312  0.042084
2313  0.041940
2314  0.041562
2315  0.041447
2316  0.041213
2317  0.041021
2318  0.040800
2319  0.040615
2320  0.040385
2321  0.040209
2322  0.039798
2323  0.039625
2324  0.039396
2325  0.039148
2326  0.038924
2327  0.038731
2328  0.038300
2329  0.038111
2330  0.037865
2331  0.037668
2332  0.037456
2333  0.037239
2334  0.037058
2335  0.036675
2336  0.036462
2337  0.036230
2338  0.035994
2339  0.035797
2340  0.035377
2341  0.035199
2342  0.034965
2343  0.034757
2344  0.034541
2345  0.034338
2346  0.034048
2347  0.033913
2348  0.033756
2349  0.033619
2350  0.033490
2351  0.033137
2352  0.032998
2353  0.032813
2354  0.032611
2355  0.032432
2356  0.032251
2357  0.031878
2358  0.031695
2359  0.031498
2360  0.031283
2361  0.031093
2362  0.030698
2363  0.030515
2364  0.030312
2365  0.030127
2366  0.029809
2367  0.029684
2368  0.029510
2369  0.029327
2370  0.029184
2371  0.028865
2372  0.028702
2373  0.028521
2374  0.028381
2375  0.028039
2376  0.027902
2377  0.027697
2378  0.027485
2379  0.027340
2380  0.026997
2381  0.026873
2382  0.026701
2383  0.026570
2384  0.026297
2385  0.026153
2386  0.025960
2387  0.025782
2388  0.025478
2389  0.025287
2390  0.025094
2391  0.024958
2392  0.024703
2393  0.024569
2394  0.024432
2395  0.024306
2396  0.024051
2397  0.023912
2398  0.023759
2399  0.023628
2400  0.023371
2401  0.023262
2402  0.023124
2403  0.023032
2404  0.022777
2405  0.022669
2406  0.022510
2407  0.022229
2408  0.022069
2409  0.021903
2410  0.021740
2411  0.021492
2412  0.021330
2413  0.021160
2414  0.020909
2415  0.020755
2416  0.020615
2417  0.020497
2418  0.020274
2419  0.020162
2420  0.020034
2421  0.019772
2422  0.019599
2423  0.019429
2424  0.019267
2425  0.018997
2426  0.018884
2427  0.018757
2428  0.018549
2429  0.018428
2430  0.018290
2431  0.018108
2432  0.018014
2433  0.017918
2434  0.017830
2435  0.017652
2436  0.017531
2437  0.017420
2438  0.017232
2439  0.017121
2440  0.017022
2441  0.016851
2442  0.016768
2443  0.016683
2444  0.016514
2445  0.016428
2446  0.016336
2447  0.016171
2448  0.016071
2449  0.015984
2450  0.015820
2451  0.015710
2452  0.015605
2453  0.015418
2454  0.015315
2455  0.015217
2456  0.015045
2457  0.014954
2458  0.014859
2459  0.014699
2460  0.014607
2461  0.014531
2462  0.014397
2463  0.014329
2464  0.014265
2465  0.014148
2466  0.014100
2467  0.014009
2468  0.013968
2469  0.013931
2470  0.013841
2471  0.013805
2472  0.013763
2473  0.013671
2474  0.013634
2475  0.013596
2476  0.013527
2477  0.013498
2478  0.013430
2479  0.013396
2480  0.013369
2481  0.013317
2482  0.013301
2483  0.013292
2484  0.013244
2485  0.013211
2486  0.013118
2487  0.013107
2488  0.013079
2489  0.013002
2490  0.012983
2491  0.012955
2492  0.012916
2493  0.012895
2494  0.012863
2495  0.012852
2496  0.012834
2497  0.012794
2498  0.012775
2499  0.012736
2500  0.012721
