 400  0.013573
 401  0.013597
 402  0.013617
 403  0.013644
 404  0.013684
 405  0.013724
 406  0.013768
 407  0.013816
 408  0.013873
 409  0.013926
 410  0.013970
 411  0.014011
 412  0.014063
 413  0.014120
 414  0.014186
 415  0.014243
 416  0.014306
 417  0.014365
 418  0.014425
 419  0.014487
 420  0.014549
 421  0.014601
 422  0.014661
 423  0.014721
 424  0.014785
 425  0.014854
 426  0.014910
 427  0.014944
 428  0.014983
 429  0.015030
 430  0.015067
 431  0.015099
 432  0.015139
 433  0.015177
 434  0.015210
 435  0.015239
 436  0.015268
 437  0.015294
 438  0.015316
 439  0.015339
 440  0.015367
 441  0.015400
 442  0.015427
 443  0.015454
 444  0.015475
 445  0.015502
 446  0.015517
 447  0.015534
 448  0.015556
 449  0.015577
 450  0.015598
 451  0.015621
 452  0.015646
 453  0.015672
 454  0.015694
 455  0.015717
 456  0.015736
 457  0.015763
 458  0.015787
 459  0.015806
 460  0.015827
 461  0.015841
 462  0.015853
 463  0.015862
 464  0.015873
 465  0.015887
 466  0.015905
 467  0.015917
 468  0.015929
 469  0.015951
 470  0.015966
 471  0.015978
 472  0.015987
 473  0.015998
 474  0.016009
 475  0.016018
 476  0.016028
 477  0.016038
 478  0.016049
 479  0.016060
 480  0.016072
 481  0.016093
 482  0.016113
 483  0.016138
 484  0.016166
 485  0.016204
 486  0.016242
 487  0.016288
 488  0.016347
 489  0.016412
 490  0.016490
 491  0.016579
 492  0.016684
 493  0.016801
 494  0.016933
 495  0.017086
 496  0.017255
 497  0.017452
 498  0.017679
 499  0.017931
 500  0.018219
 501  0.018537
 502  0.018895
 503  0.019293
 504  0.019729
 505  0.020212
 506  0.020747
 507  0.021340
 508  0.021979
 509  0.022681
 510  0.023439
 511  0.024265
 512  0.025157
 513  0.026118
 514  0.027135
 515  0.028231
 516  0.029371
 517  0.030569
 518  0.031807
 519  0.033090
 520  0.034402
 521  0.035740
 522  0.037098
 523  0.038456
 524  0.039800
 525  0.041122
 526  0.042411
 527  0.043660
 528  0.044850
 529  0.045992
 530  0.047083
 531  0.048131
 532  0.049116
 533  0.050044
 534  0.050911
 535  0.051720
 536  0.052470
 537  0.053178
 538  0.053841
 539  0.054460
 540  0.055013
 541  0.055569
 542  0.056072
 543  0.056565
 544  0.057035
 545  0.057517
 546  0.057980
 547  0.058450
 548  0.058893
 549  0.059342
 550  0.059720
 551  0.060048
 552  0.060302
 553  0.060514
 554  0.060648
 555  0.060699
 556  0.060633
 557  0.060517
 558  0.060280
 559  0.059959
 560  0.059587
 561  0.059160
 562  0.058669
 563  0.058121
 564  0.057517
 565  0.056860
 566  0.056154
 567  0.055402
 568  0.054607
 569  0.053771
 570  0.052931
 571  0.052062
 572  0.051215
 573  0.050391
 574  0.049591
 575  0.048834
 576  0.048101
 577  0.047431
 578  0.046801
 579  0.046206
 580  0.045646
 581  0.045123
 582  0.044632
 583  0.044171
 584  0.043736
 585  0.043351
 586  0.042965
 587  0.042605
 588  0.042288
 589  0.041995
 590  0.041724
 591  0.041491
 592  0.041261
 593  0.041068
 594  0.040896
 595  0.040761
 596  0.040607
 597  0.040473
 598  0.040340
 599  0.040190
 600  0.040042
 601  0.039861
 602  0.039663
 603  0.039435
 604  0.039158
 605  0.038869
 606  0.038534
 607  0.038156
 608  0.037754
 609  0.037330
 610  0.036900
 611  0.036463
 612  0.036020
 613  0.035563
 614  0.035116
 615  0.034676
 616  0.034263
 617  0.033873
 618  0.033503
 619  0.033178
 620  0.032896
 621  0.032640
 622  0.032434
 623  0.032253
 624  0.032097
 625  0.031986
 626  0.031895
 627  0.031836
 628  0.031798
 629  0.031750
 630  0.031715
 631  0.031649
 632  0.031552
 633  0.031423
 634  0.031245
 635  0.031005
 636  0.030721
 637  0.030363
 638  0.029960
 639  0.029502
 640  0.029007
 641  0.028490
 642  0.027951
 643  0.027409
 644  0.026872
 645  0.026354
 646  0.025859
 647  0.025405
 648  0.024990
 649  0.024623
 650  0.024299
 651  0.024025
 652  0.023776
 653  0.023537
 654  0.023297
 655  0.023041
 656  0.022763
 657  0.022454
 658  0.022119
 659  0.021763
 660  0.021396
 661  0.021018
 662  0.020658
 663  0.020322
 664  0.020013
 665  0.019748
 666  0.019526
 667  0.019352
 668  0.019230
 669  0.019147
 670  0.019107
 671  0.019096
 672  0.019119
 673  0.019178
 674  0.019264
 675  0.019375
 676  0.019524
 677  0.019698
 678  0.019904
 679  0.020145
 680  0.020426
 681  0.020755
 682  0.021142
 683  0.021612
 684  0.022197
 685  0.022921
 686  0.023826
 687  0.024975
 688  0.026416
 689  0.028190
 690  0.030357
 691  0.032942
 692  0.035961
 693  0.039421
 694  0.043316
 695  0.047631
 696  0.052313
 697  0.057349
 698  0.062677
 699  0.068229
 700  0.073993
 701  0.079906
 702  0.085844
 703  0.091833
 704  0.097818
 705  0.103753
 706  0.109655
 707  0.115522
 708  0.121365
 709  0.127168
 710  0.132961
 711  0.138704
 712  0.144440
 713  0.150169
 714  0.155896
 715  0.161596
 716  0.167307
 717  0.172973
 718  0.178574
 719  0.184180
 720  0.189712
 721  0.195195
 722  0.200590
 723  0.205885
 724  0.211080
 725  0.216201
 726  0.221162
 727  0.226025
 728  0.230720
 729  0.235295
 730  0.239726
 731  0.243962
 732  0.248091
 733  0.252056
 734  0.255820
 735  0.259421
 736  0.262852
 737  0.266133
 738  0.269258
 739  0.272240
 740  0.275062
 741  0.277661
 742  0.280132
 743  0.282453
 744  0.284645
 745  0.286719
 746  0.288670
 747  0.290490
 748  0.292206
 749  0.293811
 750  0.295309
 751  0.296728
 752  0.298123
 753  0.299477
 754  0.300792
 755  0.302071
 756  0.303321
 757  0.304536
 758  0.305710
 759  0.306847
 760  0.307945
 761  0.308947
 762  0.309921
 763  0.310854
 764  0.311760
 765  0.312629
 766  0.313457
 767  0.314244
 768  0.315013
 769  0.315744
 770  0.316441
 771  0.317133
 772  0.317803
 773  0.318441
 774  0.319052
 775  0.319637
 776  0.320260
 777  0.320856
 778  0.321430
 779  0.321988
 780  0.322524
 781  0.322933
 782  0.323348
 783  0.323758
 784  0.324176
 785  0.324590
 786  0.325012
 787  0.325431
 788  0.325846
 789  0.326261
 790  0.326674
 791  0.327083
 792  0.327493
 793  0.327897
 794  0.328302
 795  0.328713
 796  0.329080
 797  0.329446
 798  0.329813
 799  0.330186
 800  0.330556
 801  0.330941
 802  0.331320
 803  0.331710
 804  0.332098
 805  0.332485
 806  0.332847
 807  0.333213
 808  0.333582
 809  0.333932
 810  0.334297
 811  0.334592
 812  0.334899
 813  0.335192
 814  0.335493
 815  0.335792
 816  0.336112
 817  0.336439
 818  0.336757
 819  0.337084
 820  0.337407
 821  0.337720
 822  0.338028
 823  0.338352
 824  0.338666
 825  0.338967
 826  0.339220
 827  0.339508
 828  0.339784
 829  0.340027
 830  0.340294
 831  0.340508
 832  0.340699
 833  0.340887
 834  0.341113
 835  0.341343
 836  0.341557
 837  0.341782
 838  0.342020
 839  0.342247
 840  0.342484
 841  0.342740
 842  0.343003
 843  0.343256
 844  0.343523
 845  0.343777
 846  0.344052
 847  0.344335
 848  0.344614
 849  0.344883
 850  0.345174
 851  0.345364
 852  0.345554
 853  0.345746
 854  0.345949
 855  0.346145
 856  0.346327
 857  0.346521
 858  0.346723
 859  0.346900
 860  0.347099
 861  0.347285
 862  0.347457
 863  0.347633
 864  0.347811
 865  0.347978
 866  0.348210
 867  0.348461
 868  0.348717
 869  0.348970
 870  0.349222
 871  0.349355
 872  0.349511
 873  0.349669
 874  0.349802
 875  0.349954
 876  0.350114
 877  0.350273
 878  0.350438
 879  0.350602
 880  0.350741
 881  0.350897
 882  0.351055
 883  0.351191
 884  0.351341
 885  0.351497
 886  0.351656
 887  0.351800
 888  0.351939
 889  0.352090
 890  0.352245
 891  0.352366
 892  0.352493
 893  0.352645
 894  0.352784
 895  0.352917
 896  0.353021
 897  0.353157
 898  0.353279
 899  0.353389
 900  0.353509
 901  0.353603
 902  0.353674
 903  0.353752
 904  0.353849
 905  0.353945
 906  0.354003
 907  0.354046
 908  0.354098
 909  0.354174
 910  0.354240
 911  0.354317
 912  0.354361
 913  0.354429
 914  0.354509
 915  0.354596
 916  0.354668
 917  0.354692
 918  0.354747
 919  0.354827
 920  0.354921
 921  0.354948
 922  0.354908
 923  0.354922
 924  0.354959
 925  0.354980
 926  0.354984
 927  0.355004
 928  0.354929
 929  0.354740
 930  0.354651
 931  0.354641
 932  0.354596
 933  0.354547
 934  0.354536
 935  0.354457
 936  0.354214
 937  0.354021
 938  0.353924
 939  0.353865
 940  0.353644
 941  0.353236
 942  0.353045
 943  0.352961
 944  0.352788
 945  0.352541
 946  0.352266
 947  0.352052
 948  0.351867
 949  0.351370
 950  0.350457
 951  0.349919
 952  0.349587
 953  0.349098
 954  0.348535
 955  0.348045
 956  0.347620
 957  0.347221
 958  0.346907
 959  0.346678
 960  0.346371
 961  0.345949
 962  0.345808
 963  0.345850
 964  0.345858
 965  0.345838
 966  0.345810
 967  0.345818
 968  0.345853
 969  0.345892
 970  0.345924
 971  0.345973
 972  0.346034
 973  0.346084
 974  0.346116
 975  0.346198
 976  0.346284
 977  0.346374
 978  0.346482
 979  0.346619
 980  0.346768
 981  0.346906
 982  0.347051
 983  0.347202
 984  0.347371
 985  0.347538
 986  0.347757
 987  0.347980
 988  0.348209
 989  0.348429
 990  0.348672
 991  0.349026
 992  0.349372
 993  0.349684
 994  0.349985
 995  0.350337
 996  0.350597
 997  0.350853
 998  0.351099
 999  0.351340
1000  0.351587
1001  0.351859
1002  0.352140
1003  0.352378
1004  0.352629
1005  0.352884
1006  0.353182
1007  0.353483
1008  0.353786
1009  0.354098
1010  0.354404
1011  0.354715
1012  0.355017
1013  0.355311
1014  0.355587
1015  0.355867
1016  0.356123
1017  0.356371
1018  0.356642
1019  0.356943
1020  0.357248
1021  0.357538
1022  0.357813
1023  0.358088
1024  0.358363
1025  0.358618
1026  0.358963
1027  0.359319
1028  0.359704
1029  0.360088
1030  0.360441
1031  0.360689
1032  0.360907
1033  0.361161
1034  0.361463
1035  0.361780
1036  0.362001
1037  0.362202
1038  0.362417
1039  0.362629
1040  0.362817
1041  0.363005
1042  0.363200
1043  0.363380
1044  0.363527
1045  0.363654
1046  0.363797
1047  0.363986
1048  0.364167
1049  0.364312
1050  0.364441
1051  0.364587
1052  0.364759
1053  0.364920
1054  0.365080
1055  0.365189
1056  0.365300
1057  0.365417
1058  0.365527
1059  0.365648
1060  0.365789
1061  0.365961
1062  0.366094
1063  0.366213
1064  0.366328
1065  0.366432
1066  0.366488
1067  0.366556
1068  0.366611
1069  0.366653
1070  0.366695
1071  0.366764
1072  0.366841
1073  0.366913
1074  0.366972
1075  0.367001
1076  0.367004
1077  0.367019
1078  0.367061
1079  0.367107
1080  0.367140
1081  0.367137
1082  0.367112
1083  0.367068
1084  0.367016
1085  0.367002
1086  0.367013
1087  0.367024
1088  0.367010
1089  0.366965
1090  0.366918
1091  0.366874
1092  0.366851
1093  0.366838
1094  0.366806
1095  0.366759
1096  0.366617
1097  0.366461
1098  0.366316
1099  0.366242
1100  0.366200
1101  0.366123
1102  0.365991
1103  0.365870
1104  0.365785
1105  0.365735
1106  0.365672
1107  0.365542
1108  0.365431
1109  0.365349
1110  0.365294
1111  0.365208
1112  0.365058
1113  0.364930
1114  0.364938
1115  0.364982
1116  0.364971
1117  0.364841
1118  0.364658
1119  0.364540
1120  0.364416
1121  0.364250
1122  0.364003
1123  0.363753
1124  0.363608
1125  0.363460
1126  0.363176
1127  0.362681
1128  0.362168
1129  0.361786
1130  0.361392
1131  0.360837
1132  0.359975
1133  0.359001
1134  0.358105
1135  0.357314
1136  0.356568
1137  0.355788
1138  0.354828
1139  0.353507
1140  0.351804
1141  0.350164
1142  0.348964
1143  0.347938
1144  0.346652
1145  0.344844
1146  0.343054
1147  0.341772
1148  0.340891
1149  0.340114
1150  0.339211
1151  0.338204
1152  0.337137
1153  0.336113
1154  0.335256
1155  0.334675
1156  0.334305
1157  0.334038
1158  0.333732
1159  0.333433
1160  0.333129
1161  0.332812
1162  0.332549
1163  0.332455
1164  0.332411
1165  0.332424
1166  0.332350
1167  0.332271
1168  0.332237
1169  0.332217
1170  0.332214
1171  0.332052
1172  0.331774
1173  0.331526
1174  0.331499
1175  0.331599
1176  0.331734
1177  0.331740
1178  0.331668
1179  0.331613
1180  0.331561
1181  0.331542
1182  0.331494
1183  0.331419
1184  0.331329
1185  0.331231
1186  0.331187
1187  0.331147
1188  0.331122
1189  0.331057
1190  0.331049
1191  0.330979
1192  0.330950
1193  0.330877
1194  0.330842
1195  0.330771
1196  0.330745
1197  0.330748
1198  0.330785
1199  0.330954
1200  0.331205
1201  0.331432
1202  0.331416
1203  0.331313
1204  0.331260
1205  0.331316
1206  0.331526
1207  0.331716
1208  0.331800
1209  0.331808
1210  0.331863
1211  0.331955
1212  0.332048
1213  0.332142
1214  0.332065
1215  0.331977
1216  0.332001
1217  0.332116
1218  0.332289
1219  0.332441
1220  0.332397
1221  0.332340
1222  0.332293
1223  0.332289
1224  0.332348
1225  0.332394
1226  0.332332
1227  0.332255
1228  0.332169
1229  0.332165
1230  0.332198
1231  0.332206
1232  0.332138
1233  0.332083
1234  0.332059
1235  0.332035
1236  0.332033
1237  0.331968
1238  0.331848
1239  0.331676
1240  0.331573
1241  0.331473
1242  0.331427
1243  0.331436
1244  0.331348
1245  0.331331
1246  0.331236
1247  0.331209
1248  0.331123
1249  0.331054
1250  0.331003
1251  0.330994
1252  0.330921
1253  0.330904
1254  0.330775
1255  0.330617
1256  0.330423
1257  0.330252
1258  0.330121
1259  0.329971
1260  0.329933
1261  0.329904
1262  0.329850
1263  0.329709
1264  0.329567
1265  0.329395
1266  0.329251
1267  0.329099
1268  0.328944
1269  0.328817
1270  0.328600
1271  0.328393
1272  0.328155
1273  0.327860
1274  0.327562
1275  0.327295
1276  0.327077
1277  0.326882
1278  0.326714
1279  0.326482
1280  0.326199
1281  0.325901
1282  0.325598
1283  0.325247
1284  0.324956
1285  0.324644
1286  0.324386
1287  0.324161
1288  0.323934
1289  0.323636
1290  0.323346
1291  0.322993
1292  0.322648
1293  0.322305
1294  0.321903
1295  0.321509
1296  0.321103
1297  0.320695
1298  0.320318
1299  0.320000
1300  0.319961
1301  0.319161
1302  0.318965
1303  0.318700
1304  0.318286
1305  0.318018
1306  0.317216
1307  0.316817
1308  0.316209
1309  0.315637
1310  0.315151
1311  0.314667
1312  0.313994
1313  0.313115
1314  0.312428
1315  0.311586
1316  0.310885
1317  0.310100
1318  0.309184
1319  0.308300
1320  0.307001
1321  0.306157
1322  0.305108
1323  0.304085
1324  0.303252
1325  0.302856
1326  0.301924
1327  0.300451
1328  0.299012
1329  0.297669
1330  0.296921
1331  0.296149
1332  0.295187
1333  0.294019
1334  0.292326
1335  0.290688
1336  0.289289
1337  0.287811
1338  0.286500
1339  0.285488
1340  0.284736
1341  0.283665
1342  0.282285
1343  0.281202
1344  0.279701
1345  0.277897
1346  0.276021
1347  0.274361
1348  0.272808
1349  0.271717
1350  0.270169
1351  0.269054
1352  0.267621
1353  0.266376
1354  0.265064
1355  0.263991
1356  0.262615
1357  0.261568
1358  0.260368
1359  0.260130
1360  0.260118
1361  0.259565
1362  0.258368
1363  0.256925
1364  0.255851
1365  0.254719
1366  0.253108
1367  0.252153
1368  0.250523
1369  0.248663
1370  0.246583
1371  0.243878
1372  0.240970
1373  0.238508
1374  0.235449
1375  0.231948
1376  0.229113
1377  0.225828
1378  0.222725
1379  0.219444
1380  0.217112
1381  0.213128
1382  0.208953
1383  0.204133
1384  0.200116
1385  0.194737
1386  0.189455
1387  0.184361
1388  0.178890
1389  0.174759
1390  0.169440
1391  0.164737
1392  0.159997
1393  0.155593
1394  0.150697
1395  0.147259
1396  0.143220
1397  0.138793
1398  0.134939
1399  0.131223
1400  0.127735
1401  0.124425
1402  0.120972
1403  0.118061
1404  0.115439
1405  0.113285
1406  0.110787
1407  0.108504
1408  0.106355
1409  0.104133
1410  0.102133
1411  0.100401
1412  0.098716
1413  0.097224
1414  0.095781
1415  0.094382
1416  0.093116
1417  0.091952
1418  0.090781
1419  0.089787
1420  0.088839
1421  0.087900
1422  0.087001
1423  0.086164
1424  0.085392
1425  0.084490
1426  0.083802
1427  0.083181
1428  0.082625
1429  0.082091
1430  0.081538
1431  0.081094
1432  0.080593
1433  0.080261
1434  0.079817
1435  0.079451
1436  0.079134
1437  0.078813
1438  0.078515
1439  0.078281
1440  0.078059
1441  0.077840
1442  0.077677
1443  0.077574
1444  0.077466
1445  0.077405
1446  0.077320
1447  0.077252
1448  0.077232
1449  0.077229
1450  0.077240
1451  0.077271
1452  0.077283
1453  0.077306
1454  0.077359
1455  0.077435
1456  0.077545
1457  0.077664
1458  0.077863
1459  0.078008
1460  0.078131
1461  0.078432
1462  0.078714
1463  0.079020
1464  0.079447
1465  0.079849
1466  0.080242
1467  0.080822
1468  0.081307
1469  0.081810
1470  0.082447
1471  0.082990
1472  0.083526
1473  0.084302
1474  0.084861
1475  0.085713
1476  0.086371
1477  0.087040
1478  0.087787
1479  0.088470
1480  0.089330
1481  0.089924
1482  0.090637
1483  0.091258
1484  0.092060
1485  0.092718
1486  0.093369
1487  0.094243
1488  0.094990
1489  0.095975
1490  0.096670
1491  0.097634
1492  0.098420
1493  0.099315
1494  0.100109
1495  0.101126
1496  0.102020
1497  0.102987
1498  0.103924
1499  0.104745
1500  0.105765
1501  0.106494
1502  0.107505
1503  0.108453
1504  0.109497
1505  0.110531
1506  0.111326
1507  0.112355
1508  0.113085
1509  0.114120
1510  0.115191
1511  0.116113
1512  0.117189
1513  0.117968
1514  0.119026
1515  0.120116
1516  0.120962
1517  0.122059
1518  0.123089
1519  0.123910
1520  0.124889
1521  0.125994
1522  0.126815
1523  0.127920
1524  0.129035
1525  0.129878
1526  0.130887
1527  0.131858
1528  0.132686
1529  0.133546
1530  0.134442
1531  0.135520
1532  0.136283
1533  0.137249
1534  0.138231
1535  0.139167
1536  0.139952
1537  0.140868
1538  0.141661
1539  0.142679
1540  0.143508
1541  0.144248
1542  0.145197
1543  0.146091
1544  0.147085
1545  0.147809
1546  0.148521
1547  0.149482
1548  0.150324
1549  0.151157
1550  0.151951
1551  0.152657
1552  0.153323
1553  0.154192
1554  0.154890
1555  0.155724
1556  0.156581
1557  0.157329
1558  0.157823
1559  0.158485
1560  0.159108
1561  0.159730
1562  0.160357
1563  0.161044
1564  0.161598
1565  0.162312
1566  0.162877
1567  0.163623
1568  0.164180
1569  0.164812
1570  0.165446
1571  0.166051
1572  0.166682
1573  0.167358
1574  0.168032
1575  0.168496
1576  0.169243
1577  0.169685
1578  0.170247
1579  0.170842
1580  0.171349
1581  0.172015
1582  0.172626
1583  0.173310
1584  0.173796
1585  0.174439
1586  0.175055
1587  0.175582
1588  0.175983
1589  0.176635
1590  0.177110
1591  0.177795
1592  0.178446
1593  0.179292
1594  0.180018
1595  0.180708
1596  0.181087
1597  0.181732
1598  0.182217
1599  0.182888
1600  0.183484
1601  0.184015
1602  0.184458
1603  0.185218
1604  0.185672
1605  0.186302
1606  0.186776
1607  0.187294
1608  0.187677
1609  0.188211
1610  0.188553
1611  0.189060
1612  0.189504
1613  0.190071
1614  0.190486
1615  0.190951
1616  0.191309
1617  0.191686
1618  0.192001
1619  0.192553
1620  0.192808
1621  0.193228
1622  0.193679
1623  0.194134
1624  0.194634
1625  0.195008
1626  0.195212
1627  0.195684
1628  0.195874
1629  0.196283
1630  0.196561
1631  0.196868
1632  0.196937
1633  0.197370
1634  0.197748
1635  0.198210
1636  0.198281
1637  0.198688
1638  0.198853
1639  0.199167
1640  0.199139
1641  0.199609
1642  0.199780
1643  0.200142
1644  0.200264
1645  0.200510
1646  0.200649
1647  0.200863
1648  0.200823
1649  0.201206
1650  0.201132
1651  0.201109
1652  0.200936
1653  0.201176
1654  0.200712
1655  0.200739
1656  0.200534
1657  0.200597
1658  0.200105
1659  0.199845
1660  0.199614
1661  0.199362
1662  0.198961
1663  0.198750
1664  0.198346
1665  0.198135
1666  0.197658
1667  0.197357
1668  0.196872
1669  0.196551
1670  0.196580
1671  0.197746
1672  0.197203
1673  0.197001
1674  0.196633
1675  0.196268
1676  0.195674
1677  0.195440
1678  0.194970
1679  0.194553
1680  0.193954
1681  0.193636
1682  0.192982
1683  0.192465
1684  0.192048
1685  0.191557
1686  0.190961
1687  0.190433
1688  0.189844
1689  0.189402
1690  0.188779
1691  0.188461
1692  0.188053
1693  0.187663
1694  0.186992
1695  0.186527
1696  0.186042
1697  0.185577
1698  0.185020
1699  0.184424
1700  0.183868
1701  0.183336
1702  0.182753
1703  0.182352
1704  0.181902
1705  0.181522
1706  0.180976
1707  0.180607
1708  0.179962
1709  0.179645
1710  0.179177
1711  0.178676
1712  0.178194
1713  0.177812
1714  0.177353
1715  0.177058
1716  0.176610
1717  0.176275
1718  0.175735
1719  0.175340
1720  0.174823
1721  0.174514
1722  0.174148
1723  0.173851
1724  0.173551
1725  0.173211
1726  0.172823
1727  0.172726
1728  0.172528
1729  0.172344
1730  0.172130
1731  0.172164
1732  0.172076
1733  0.172051
1734  0.171901
1735  0.171858
1736  0.171942
1737  0.171794
1738  0.171606
1739  0.171513
1740  0.171275
1741  0.171140
1742  0.170935
1743  0.170794
1744  0.170434
1745  0.170037
1746  0.169658
1747  0.169425
1748  0.169019
1749  0.168615
1750  0.168241
1751  0.167761
1752  0.167215
1753  0.166841
1754  0.166483
1755  0.166095
1756  0.165613
1757  0.165176
1758  0.164842
1759  0.164544
1760  0.164166
1761  0.163815
1762  0.163618
1763  0.163363
1764  0.162961
1765  0.162707
1766  0.162533
1767  0.162425
1768  0.162198
1769  0.162161
1770  0.162089
1771  0.162232
1772  0.162423
1773  0.162239
1774  0.162267
1775  0.162200
1776  0.162148
1777  0.162337
1778  0.162389
1779  0.162294
1780  0.162287
1781  0.162212
1782  0.162207
1783  0.162058
1784  0.161982
1785  0.161697
1786  0.161565
1787  0.161379
1788  0.161445
1789  0.161442
1790  0.161325
1791  0.161408
1792  0.161332
1793  0.161377
1794  0.161456
1795  0.161554
1796  0.161499
1797  0.161691
1798  0.161967
1799  0.162076
1800  0.162083
1801  0.162385
1802  0.162503
1803  0.162632
1804  0.162736
1805  0.162920
1806  0.162965
1807  0.163085
1808  0.162954
1809  0.162978
1810  0.163096
1811  0.163008
1812  0.162965
1813  0.163027
1814  0.163100
1815  0.163221
1816  0.163068
1817  0.163138
1818  0.163159
1819  0.163160
1820  0.163265
1821  0.163301
1822  0.163275
1823  0.163384
1824  0.163258
1825  0.163520
1826  0.163511
1827  0.163354
1828  0.163114
1829  0.163102
1830  0.162976
1831  0.162842
1832  0.162426
1833  0.162246
1834  0.162042
1835  0.161680
1836  0.161530
1837  0.161288
1838  0.160885
1839  0.160571
1840  0.160181
1841  0.159528
1842  0.158980
1843  0.158236
1844  0.157612
1845  0.156864
1846  0.156074
1847  0.155305
1848  0.154110
1849  0.152944
1850  0.151706
1851  0.150686
1852  0.148879
1853  0.147488
1854  0.146032
1855  0.144546
1856  0.142903
1857  0.141065
1858  0.138992
1859  0.137109
1860  0.134824
1861  0.132792
1862  0.129355
1863  0.126691
1864  0.123936
1865  0.121375
1866  0.118341
1867  0.115639
1868  0.112509
1869  0.110017
1870  0.105589
1871  0.102237
1872  0.098903
1873  0.095315
1874  0.091915
1875  0.088112
1876  0.084792
1877  0.079631
1878  0.075920
1879  0.072521
1880  0.069119
1881  0.065486
1882  0.062432
1883  0.057703
1884  0.054529
1885  0.051651
1886  0.048927
1887  0.046152
1888  0.042780
1889  0.040371
1890  0.038304
1891  0.036418
1892  0.034580
1893  0.032349
1894  0.030876
1895  0.029676
1896  0.028593
1897  0.027732
1898  0.026313
1899  0.025667
1900  0.025109
1901  0.024448
1902  0.023617
1903  0.023103
1904  0.022692
1905  0.022333
1906  0.021775
1907  0.021449
1908  0.021135
1909  0.020891
1910  0.020541
1911  0.020276
1912  0.020040
1913  0.019833
1914  0.019567
1915  0.019418
1916  0.019256
1917  0.019101
1918  0.018896
1919  0.018753
1920  0.018607
1921  0.018407
1922  0.018248
1923  0.018107
1924  0.017966
1925  0.017862
1926  0.017758
1927  0.017685
1928  0.017612
1929  0.017550
1930  0.017495
1931  0.017471
1932  0.017433
1933  0.017406
1934  0.017405
1935  0.017396
1936  0.017411
1937  0.017453
1938  0.017466
1939  0.017495
1940  0.017554
1941  0.017605
1942  0.017653
1943  0.017747
1944  0.017818
1945  0.017890
1946  0.018001
1947  0.018103
1948  0.018177
1949  0.018328
1950  0.018418
1951  0.018603
1952  0.018710
1953  0.018838
1954  0.019020
1955  0.019172
1956  0.019296
1957  0.019514
1958  0.019664
1959  0.019873
1960  0.020051
1961  0.020186
1962  0.020448
1963  0.020594
1964  0.020851
1965  0.021033
1966  0.021222
1967  0.021481
1968  0.021687
1969  0.021960
1970  0.022146
1971  0.022491
1972  0.022670
1973  0.022847
1974  0.023204
1975  0.023425
1976  0.023741
1977  0.023972
1978  0.024342
1979  0.024580
1980  0.024935
1981  0.025196
1982  0.025435
1983  0.025849
1984  0.026104
1985  0.026500
1986  0.026765
1987  0.027142
1988  0.027397
1989  0.027799
1990  0.028096
1991  0.028470
1992  0.028758
1993  0.029155
1994  0.029454
1995  0.029862
1996  0.030139
1997  0.030571
1998  0.030847
1999  0.031299
2000  0.031590
2001  0.031867
2002  0.032287
2003  0.032746
2004  0.033009
2005  0.033450
2006  0.033748
2007  0.034160
2008  0.034445
2009  0.034872
2010  0.035127
2011  0.035556
2012  0.035841
2013  0.036293
2014  0.036569
2015  0.036994
2016  0.037258
2017  0.037664
2018  0.037883
2019  0.038257
2020  0.038514
2021  0.038889
2022  0.039264
2023  0.039458
2024  0.039834
2025  0.040061
2026  0.040409
2027  0.040582
2028  0.040922
2029  0.041259
2030  0.041461
2031  0.041715
2032  0.041924
2033  0.042231
2034  0.042404
2035  0.042716
2036  0.043034
2037  0.043166
2038  0.043497
2039  0.043622
2040  0.043916
2041  0.044199
2042  0.044312
2043  0.044598
2044  0.044720
2045  0.044975
2046  0.045227
2047  0.045354
2048  0.045608
2049  0.045738
2050  0.045977
2051  0.046217
2052  0.046328
2053  0.046559
2054  0.046832
2055  0.046946
2056  0.047227
2057  0.047367
2058  0.047672
2059  0.047960
2060  0.048152
2061  0.048454
2062  0.048739
2063  0.048952
2064  0.049231
2065  0.049586
2066  0.049738
2067  0.050047
2068  0.050371
2069  0.050569
2070  0.050877
2071  0.051209
2072  0.051358
2073  0.051660
2074  0.051956
2075  0.052177
2076  0.052463
2077  0.052785
2078  0.052970
2079  0.053263
2080  0.053523
2081  0.053688
2082  0.054031
2083  0.054314
2084  0.054470
2085  0.054748
2086  0.055054
2087  0.055337
2088  0.055521
2089  0.055807
2090  0.056084
2091  0.056272
2092  0.056501
2093  0.056831
2094  0.057075
2095  0.057242
2096  0.057453
2097  0.057731
2098  0.057919
2099  0.058160
2100  0.058404
2101  0.058667
2102  0.058836
2103  0.059131
2104  0.059384
2105  0.059670
2106  0.059829
2107  0.060091
2108  0.060335
2109  0.060582
2110  0.060759
2111  0.060993
2112  0.061200
2113  0.061465
2114  0.061600
2115  0.061796
2116  0.062049
2117  0.062300
2118  0.062465
2119  0.062704
2120  0.062962
2121  0.063254
2122  0.063456
2123  0.063609
2124  0.063844
2125  0.064048
2126  0.064278
2127  0.064433
2128  0.064619
2129  0.064837
2130  0.065058
2131  0.065276
2132  0.065384
2133  0.065601
2134  0.065740
2135  0.065898
2136  0.066093
2137  0.066175
2138  0.066306
2139  0.066422
2140  0.066536
2141  0.066728
2142  0.066871
2143  0.066962
2144  0.067089
2145  0.067267
2146  0.067436
2147  0.067572
2148  0.067656
2149  0.067758
2150  0.067949
2151  0.068116
2152  0.068235
2153  0.068387
2154  0.068472
2155  0.068608
2156  0.068817
2157  0.068884
2158  0.069004
2159  0.069143
2160  0.069283
2161  0.069333
2162  0.069492
2163  0.069613
2164  0.069771
2165  0.069877
2166  0.070020
2167  0.070181
2168  0.070323
2169  0.070412
2170  0.070556
2171  0.070703
2172  0.070832
2173  0.070999
2174  0.071184
2175  0.071297
2176  0.071483
2177  0.071652
2178  0.071838
2179  0.072066
2180  0.072275
2181  0.072433
2182  0.072634
2183  0.072816
2184  0.072999
2185  0.073218
2186  0.073399
2187  0.073577
2188  0.073818
2189  0.073981
2190  0.074142
2191  0.074336
2192  0.074516
2193  0.074690
2194  0.074765
2195  0.074864
2196  0.075027
2197  0.075231
2198  0.075373
2199  0.075458
2200  0.075623
2201  0.075759
2202  0.075878
2203  0.075996
2204  0.076071
2205  0.076191
2206  0.076257
2207  0.076362
2208  0.076513
2209  0.076599
2210  0.076729
2211  0.076865
2212  0.076936
2213  0.077029
2214  0.077061
2215  0.077134
2216  0.077136
2217  0.077181
2218  0.077158
2219  0.077181
2220  0.077248
2221  0.077251
2222  0.077253
2223  0.077169
2224  0.077128
2225  0.077067
2226  0.076921
2227  0.076775
2228  0.076628
2229  0.076420
2230  0.076170
2231  0.075985
2232  0.075717
2233  0.075408
2234  0.075165
2235  0.074820
2236  0.074450
2237  0.074044
2238  0.073679
2239  0.073240
2240  0.072766
2241  0.072296
2242  0.071812
2243  0.071274
2244  0.070745
2245  0.070221
2246  0.069652
2247  0.069126
2248  0.068587
2249  0.068038
2250  0.067531
2251  0.067028
2252  0.066529
2253  0.065903
2254  0.065404
2255  0.064827
2256  0.064322
2257  0.063803
2258  0.063339
2259  0.062817
2260  0.062335
2261  0.061820
2262  0.061416
2263  0.060953
2264  0.060500
2265  0.060066
2266  0.059656
2267  0.059237
2268  0.058806
2269  0.058382
2270  0.057976
2271  0.057645
2272  0.057330
2273  0.056989
2274  0.056588
2275  0.056308
2276  0.055951
2277  0.055663
2278  0.055390
2279  0.055104
2280  0.054872
2281  0.054574
2282  0.054230
2283  0.053974
2284  0.053621
2285  0.053297
2286  0.052980
2287  0.052584
2288  0.052248
2289  0.051894
2290  0.051521
2291  0.051262
2292  0.050913
2293  0.050656
2294  0.050345
2295  0.050082
2296  0.049789
2297  0.049529
2298  0.049157
2299  0.048934
2300  0.048662
2301  0.048420
2302  0.048129
2303  0.047939
2304  0.047722
2305  0.047578
2306  0.047236
2307  0.047103
2308  0.046980
2309  0.046839
2310  0.046708
2311  0.046643
2312  0.046521
2313  0.046467
2314  0.046230
2315  0.046224
2316  0.046096
2317  0.046006
2318  0.045907
2319  0.045856
2320  0.045720
2321  0.045612
2322  0.045355
2323  0.045269
2324  0.045117
2325  0.044956
2326  0.044829
2327  0.044713
2328  0.044365
2329  0.044223
2330  0.044029
2331  0.043855
2332  0.043656
2333  0.043452
2334  0.043239
2335  0.042916
2336  0.042722
2337  0.042532
2338  0.042324
2339  0.042136
2340  0.041766
2341  0.041622
2342  0.041401
2343  0.041243
2344  0.041065
2345  0.040916
2346  0.040654
2347  0.040542
2348  0.040422
2349  0.040342
2350  0.040217
2351  0.039954
2352  0.039898
2353  0.039800
2354  0.039624
2355  0.039524
2356  0.039436
2357  0.039164
2358  0.039078
2359  0.039021
2360  0.038870
2361  0.038757
2362  0.038451
2363  0.038370
2364  0.038274
2365  0.038171
2366  0.037909
2367  0.037790
2368  0.037637
2369  0.037484
2370  0.037380
2371  0.037093
2372  0.036958
2373  0.036813
2374  0.036725
2375  0.036406
2376  0.036348
2377  0.036179
2378  0.036000
2379  0.035916
2380  0.035609
2381  0.035476
2382  0.035301
2383  0.035193
2384  0.034908
2385  0.034755
2386  0.034608
2387  0.034473
2388  0.034162
2389  0.033982
2390  0.033809
2391  0.033657
2392  0.033357
2393  0.033195
2394  0.033039
2395  0.032909
2396  0.032626
2397  0.032488
2398  0.032326
2399  0.032196
2400  0.031885
2401  0.031751
2402  0.031567
2403  0.031445
2404  0.031098
2405  0.030948
2406  0.030766
2407  0.030464
2408  0.030281
2409  0.030118
2410  0.029968
2411  0.029692
2412  0.029476
2413  0.029277
2414  0.028954
2415  0.028779
2416  0.028586
2417  0.028403
2418  0.028103
2419  0.027921
2420  0.027724
2421  0.027391
2422  0.027177
2423  0.026972
2424  0.026782
2425  0.026426
2426  0.026250
2427  0.026056
2428  0.025746
2429  0.025559
2430  0.025336
2431  0.025054
2432  0.024865
2433  0.024674
2434  0.024513
2435  0.024192
2436  0.024014
2437  0.023824
2438  0.023539
2439  0.023352
2440  0.023181
2441  0.022887
2442  0.022737
2443  0.022561
2444  0.022246
2445  0.022045
2446  0.021869
2447  0.021589
2448  0.021402
2449  0.021232
2450  0.020961
2451  0.020778
2452  0.020613
2453  0.020310
2454  0.020148
2455  0.019994
2456  0.019715
2457  0.019572
2458  0.019414
2459  0.019165
2460  0.019022
2461  0.018872
2462  0.018639
2463  0.018531
2464  0.018413
2465  0.018210
2466  0.018078
2467  0.017872
2468  0.017736
2469  0.017652
2470  0.017456
2471  0.017373
2472  0.017279
2473  0.017077
2474  0.016981
2475  0.016904
2476  0.016756
2477  0.016690
2478  0.016556
2479  0.016466
2480  0.016386
2481  0.016272
2482  0.016216
2483  0.016188
2484  0.016065
2485  0.015969
2486  0.015760
2487  0.015741
2488  0.015672
2489  0.015498
2490  0.015469
2491  0.015399
2492  0.015312
2493  0.015267
2494  0.015206
2495  0.015181
2496  0.015175
2497  0.015089
2498  0.015092
2499  0.014991
2500  0.015018
