 400  0.013172
 401  0.013183
 402  0.013189
 403  0.013205
 404  0.013235
 405  0.013268
 406  0.013309
 407  0.013354
 408  0.013407
 409  0.013458
 410  0.013499
 411  0.013535
 412  0.013584
 413  0.013640
 414  0.013705
 415  0.013761
 416  0.013823
 417  0.013880
 418  0.013939
 419  0.014001
 420  0.014062
 421  0.014111
 422  0.014170
 423  0.014228
 424  0.014293
 425  0.014362
 426  0.014417
 427  0.014449
 428  0.014487
 429  0.014533
 430  0.014569
 431  0.014600
 432  0.014640
 433  0.014677
 434  0.014710
 435  0.014740
 436  0.014769
 437  0.014795
 438  0.014818
 439  0.014841
 440  0.014870
 441  0.014904
 442  0.014932
 443  0.014960
 444  0.014981
 445  0.015009
 446  0.015024
 447  0.015042
 448  0.015064
 449  0.015086
 450  0.015107
 451  0.015131
 452  0.015157
 453  0.015184
 454  0.015207
 455  0.015231
 456  0.015250
 457  0.015277
 458  0.015301
 459  0.015320
 460  0.015340
 461  0.015353
 462  0.015363
 463  0.015370
 464  0.015379
 465  0.015391
 466  0.015408
 467  0.015418
 468  0.015428
 469  0.015448
 470  0.015461
 471  0.015471
 472  0.015478
 473  0.015487
 474  0.015496
 475  0.015504
 476  0.015515
 477  0.015527
 478  0.015540
 479  0.015553
 480  0.015566
 481  0.015589
 482  0.015610
 483  0.015637
 484  0.015668
 485  0.015710
 486  0.015753
 487  0.015805
 488  0.015874
 489  0.015951
 490  0.016043
 491  0.016145
 492  0.016266
 493  0.016404
 494  0.016561
 495  0.016744
 496  0.016954
 497  0.017199
 498  0.017480
 499  0.017792
 500  0.018149
 501  0.018544
 502  0.018991
 503  0.019488
 504  0.020036
 505  0.020642
 506  0.021315
 507  0.022061
 508  0.022867
 509  0.023753
 510  0.024712
 511  0.025760
 512  0.026895
 513  0.028117
 514  0.029412
 515  0.030806
 516  0.032255
 517  0.033773
 518  0.035339
 519  0.036950
 520  0.038590
 521  0.040249
 522  0.041920
 523  0.043567
 524  0.045172
 525  0.046719
 526  0.048194
 527  0.049584
 528  0.050865
 529  0.052051
 530  0.053142
 531  0.054128
 532  0.055001
 533  0.055777
 534  0.056452
 535  0.057034
 536  0.057523
 537  0.057950
 538  0.058309
 539  0.058614
 540  0.058833
 541  0.059083
 542  0.059276
 543  0.059463
 544  0.059635
 545  0.059833
 546  0.060013
 547  0.060217
 548  0.060404
 549  0.060612
 550  0.060754
 551  0.060871
 552  0.060918
 553  0.060937
 554  0.060884
 555  0.060758
 556  0.060515
 557  0.060240
 558  0.059850
 559  0.059388
 560  0.058895
 561  0.058336
 562  0.057704
 563  0.057006
 564  0.056245
 565  0.055426
 566  0.054553
 567  0.053632
 568  0.052668
 569  0.051664
 570  0.050660
 571  0.049627
 572  0.048628
 573  0.047662
 574  0.046726
 575  0.045848
 576  0.044998
 577  0.044224
 578  0.043496
 579  0.042813
 580  0.042172
 581  0.041568
 582  0.041003
 583  0.040473
 584  0.039975
 585  0.039530
 586  0.039093
 587  0.038686
 588  0.038324
 589  0.037990
 590  0.037680
 591  0.037412
 592  0.037148
 593  0.036924
 594  0.036721
 595  0.036557
 596  0.036375
 597  0.036213
 598  0.036053
 599  0.035875
 600  0.035702
 601  0.035491
 602  0.035266
 603  0.035011
 604  0.034706
 605  0.034391
 606  0.034032
 607  0.033631
 608  0.033208
 609  0.032766
 610  0.032319
 611  0.031869
 612  0.031415
 613  0.030949
 614  0.030495
 615  0.030051
 616  0.029634
 617  0.029241
 618  0.028869
 619  0.028542
 620  0.028257
 621  0.028000
 622  0.027789
 623  0.027604
 624  0.027443
 625  0.027324
 626  0.027219
 627  0.027145
 628  0.027090
 629  0.027027
 630  0.026975
 631  0.026902
 632  0.026800
 633  0.026669
 634  0.026493
 635  0.026259
 636  0.025983
 637  0.025640
 638  0.025257
 639  0.024828
 640  0.024366
 641  0.023890
 642  0.023397
 643  0.022905
 644  0.022422
 645  0.021959
 646  0.021523
 647  0.021126
 648  0.020765
 649  0.020447
 650  0.020168
 651  0.019933
 652  0.019719
 653  0.019517
 654  0.019314
 655  0.019100
 656  0.018869
 657  0.018617
 658  0.018348
 659  0.018066
 660  0.017781
 661  0.017495
 662  0.017230
 663  0.016990
 664  0.016777
 665  0.016603
 666  0.016463
 667  0.016362
 668  0.016303
 669  0.016273
 670  0.016275
 671  0.016301
 672  0.016352
 673  0.016429
 674  0.016526
 675  0.016641
 676  0.016778
 677  0.016932
 678  0.017108
 679  0.017304
 680  0.017523
 681  0.017773
 682  0.018055
 683  0.018389
 684  0.018803
 685  0.019320
 686  0.019983
 687  0.020853
 688  0.021989
 689  0.023437
 690  0.025267
 691  0.027523
 692  0.030232
 693  0.033417
 694  0.037088
 695  0.041247
 696  0.045853
 697  0.050908
 698  0.056360
 699  0.062153
 700  0.068277
 701  0.074677
 702  0.081223
 703  0.087947
 704  0.094784
 705  0.101693
 706  0.108685
 707  0.115763
 708  0.122941
 709  0.130192
 710  0.137578
 711  0.145056
 712  0.152674
 713  0.160437
 714  0.168360
 715  0.176415
 716  0.184655
 717  0.193015
 718  0.201489
 719  0.210148
 720  0.218898
 721  0.227774
 722  0.236753
 723  0.245790
 724  0.254869
 725  0.264046
 726  0.273136
 727  0.282266
 728  0.291287
 729  0.300287
 730  0.309201
 731  0.317920
 732  0.326605
 733  0.335109
 734  0.343338
 735  0.351329
 736  0.359089
 737  0.366620
 738  0.373889
 739  0.380906
 740  0.387608
 741  0.393948
 742  0.400008
 743  0.405731
 744  0.411155
 745  0.416287
 746  0.421103
 747  0.425550
 748  0.429704
 749  0.433563
 750  0.437089
 751  0.440543
 752  0.443933
 753  0.447208
 754  0.450380
 755  0.453443
 756  0.456412
 757  0.459276
 758  0.462021
 759  0.464653
 760  0.467173
 761  0.469531
 762  0.471781
 763  0.473899
 764  0.475911
 765  0.477797
 766  0.479562
 767  0.481200
 768  0.482749
 769  0.484172
 770  0.485473
 771  0.486690
 772  0.487814
 773  0.488833
 774  0.489767
 775  0.490594
 776  0.491364
 777  0.492046
 778  0.492640
 779  0.493176
 780  0.493630
 781  0.493992
 782  0.494356
 783  0.494720
 784  0.495082
 785  0.495458
 786  0.495868
 787  0.496270
 788  0.496640
 789  0.497000
 790  0.497397
 791  0.497733
 792  0.498106
 793  0.498447
 794  0.498782
 795  0.499121
 796  0.499464
 797  0.499798
 798  0.500133
 799  0.500482
 800  0.500848
 801  0.501153
 802  0.501447
 803  0.501777
 804  0.502100
 805  0.502407
 806  0.502702
 807  0.503018
 808  0.503357
 809  0.503618
 810  0.503925
 811  0.504184
 812  0.504447
 813  0.504684
 814  0.504938
 815  0.505190
 816  0.505431
 817  0.505652
 818  0.505869
 819  0.506127
 820  0.506364
 821  0.506501
 822  0.506630
 823  0.506826
 824  0.506995
 825  0.507053
 826  0.506994
 827  0.507118
 828  0.507187
 829  0.507048
 830  0.507079
 831  0.507121
 832  0.507017
 833  0.506923
 834  0.507016
 835  0.507142
 836  0.507179
 837  0.507297
 838  0.507453
 839  0.507548
 840  0.507685
 841  0.507838
 842  0.508003
 843  0.508123
 844  0.508310
 845  0.508469
 846  0.508610
 847  0.508796
 848  0.508964
 849  0.509064
 850  0.509286
 851  0.509409
 852  0.509518
 853  0.509655
 854  0.509820
 855  0.509946
 856  0.510009
 857  0.510154
 858  0.510316
 859  0.510371
 860  0.510511
 861  0.510657
 862  0.510738
 863  0.510859
 864  0.510968
 865  0.511022
 866  0.511089
 867  0.511213
 868  0.511364
 869  0.511533
 870  0.511644
 871  0.511648
 872  0.511754
 873  0.511876
 874  0.511904
 875  0.511988
 876  0.512044
 877  0.512081
 878  0.512149
 879  0.512213
 880  0.512175
 881  0.512223
 882  0.512286
 883  0.512267
 884  0.512285
 885  0.512359
 886  0.512433
 887  0.512459
 888  0.512419
 889  0.512471
 890  0.512522
 891  0.512461
 892  0.512450
 893  0.512527
 894  0.512580
 895  0.512588
 896  0.512512
 897  0.512562
 898  0.512582
 899  0.512527
 900  0.512539
 901  0.512538
 902  0.512437
 903  0.512385
 904  0.512420
 905  0.512461
 906  0.512417
 907  0.512271
 908  0.512189
 909  0.512209
 910  0.512209
 911  0.512121
 912  0.511875
 913  0.511735
 914  0.511679
 915  0.511648
 916  0.511441
 917  0.510973
 918  0.510678
 919  0.510543
 920  0.510435
 921  0.509998
 922  0.509201
 923  0.508693
 924  0.508340
 925  0.507864
 926  0.507402
 927  0.507037
 928  0.506221
 929  0.504779
 930  0.503880
 931  0.503290
 932  0.502514
 933  0.501721
 934  0.501130
 935  0.500193
 936  0.498557
 937  0.497185
 938  0.496292
 939  0.495581
 940  0.494095
 941  0.491571
 942  0.490115
 943  0.489197
 944  0.487853
 945  0.486172
 946  0.484523
 947  0.483169
 948  0.481962
 949  0.479325
 950  0.474813
 951  0.471987
 952  0.470106
 953  0.467555
 954  0.464710
 955  0.462223
 956  0.460038
 957  0.457984
 958  0.456295
 959  0.454994
 960  0.453366
 961  0.451188
 962  0.450186
 963  0.449933
 964  0.449550
 965  0.449053
 966  0.448644
 967  0.448379
 968  0.448216
 969  0.448083
 970  0.447921
 971  0.447773
 972  0.447665
 973  0.447514
 974  0.447290
 975  0.447270
 976  0.447372
 977  0.447480
 978  0.447659
 979  0.447961
 980  0.448314
 981  0.448632
 982  0.448971
 983  0.449348
 984  0.449792
 985  0.450245
 986  0.450787
 987  0.451355
 988  0.451946
 989  0.452500
 990  0.453135
 991  0.453957
 992  0.454753
 993  0.455400
 994  0.456018
 995  0.456804
 996  0.457661
 997  0.458506
 998  0.459309
 999  0.460102
1000  0.460928
1001  0.461855
1002  0.462771
1003  0.463576
1004  0.464377
1005  0.465259
1006  0.466172
1007  0.467157
1008  0.468158
1009  0.469143
1010  0.470158
1011  0.471190
1012  0.472199
1013  0.473114
1014  0.474016
1015  0.474943
1016  0.475870
1017  0.476772
1018  0.477770
1019  0.478911
1020  0.480079
1021  0.481176
1022  0.482219
1023  0.483271
1024  0.484330
1025  0.485297
1026  0.486243
1027  0.487253
1028  0.488378
1029  0.489519
1030  0.490519
1031  0.491170
1032  0.491684
1033  0.492303
1034  0.493212
1035  0.494206
1036  0.495086
1037  0.495880
1038  0.496740
1039  0.497586
1040  0.498333
1041  0.499065
1042  0.499844
1043  0.500551
1044  0.501103
1045  0.501568
1046  0.502117
1047  0.502877
1048  0.503611
1049  0.504175
1050  0.504655
1051  0.505164
1052  0.505716
1053  0.506287
1054  0.506790
1055  0.507137
1056  0.507418
1057  0.507652
1058  0.507925
1059  0.508256
1060  0.508684
1061  0.509105
1062  0.509393
1063  0.509561
1064  0.509710
1065  0.509878
1066  0.510052
1067  0.510268
1068  0.510433
1069  0.510531
1070  0.510620
1071  0.510665
1072  0.510740
1073  0.510795
1074  0.510783
1075  0.510700
1076  0.510500
1077  0.510359
1078  0.510345
1079  0.510359
1080  0.510314
1081  0.510093
1082  0.509765
1083  0.509349
1084  0.508973
1085  0.508713
1086  0.508502
1087  0.508283
1088  0.507956
1089  0.507545
1090  0.507057
1091  0.506589
1092  0.506293
1093  0.506047
1094  0.505721
1095  0.505254
1096  0.504558
1097  0.503717
1098  0.502951
1099  0.502525
1100  0.502249
1101  0.501819
1102  0.501121
1103  0.500415
1104  0.499945
1105  0.499576
1106  0.499113
1107  0.498346
1108  0.497600
1109  0.497071
1110  0.496671
1111  0.496118
1112  0.495286
1113  0.494611
1114  0.494491
1115  0.494606
1116  0.494419
1117  0.493670
1118  0.492755
1119  0.492068
1120  0.491433
1121  0.490562
1122  0.489319
1123  0.488136
1124  0.487360
1125  0.486576
1126  0.485195
1127  0.482948
1128  0.480573
1129  0.478794
1130  0.477030
1131  0.474514
1132  0.470723
1133  0.466521
1134  0.462760
1135  0.459419
1136  0.456298
1137  0.453076
1138  0.449193
1139  0.443988
1140  0.437448
1141  0.431295
1142  0.426906
1143  0.423206
1144  0.418605
1145  0.412349
1146  0.406258
1147  0.402000
1148  0.399057
1149  0.396513
1150  0.393608
1151  0.390380
1152  0.387039
1153  0.383845
1154  0.381217
1155  0.379402
1156  0.378269
1157  0.377408
1158  0.376469
1159  0.375524
1160  0.374596
1161  0.373586
1162  0.372777
1163  0.372420
1164  0.372250
1165  0.372198
1166  0.371948
1167  0.371685
1168  0.371514
1169  0.371423
1170  0.371345
1171  0.370829
1172  0.369951
1173  0.369164
1174  0.369006
1175  0.369209
1176  0.369505
1177  0.369432
1178  0.369178
1179  0.368929
1180  0.368689
1181  0.368548
1182  0.368326
1183  0.367993
1184  0.367655
1185  0.367297
1186  0.367101
1187  0.366888
1188  0.366705
1189  0.366447
1190  0.366304
1191  0.366072
1192  0.365947
1193  0.365733
1194  0.365595
1195  0.365356
1196  0.365180
1197  0.365083
1198  0.365084
1199  0.365451
1200  0.366085
1201  0.366642
1202  0.366579
1203  0.366245
1204  0.366080
1205  0.366258
1206  0.366766
1207  0.367190
1208  0.367343
1209  0.367316
1210  0.367387
1211  0.367773
1212  0.368168
1213  0.368497
1214  0.368443
1215  0.368384
1216  0.368609
1217  0.369191
1218  0.369944
1219  0.370604
1220  0.370735
1221  0.370688
1222  0.370715
1223  0.370893
1224  0.371254
1225  0.371616
1226  0.371625
1227  0.371602
1228  0.371584
1229  0.371763
1230  0.372116
1231  0.372480
1232  0.372729
1233  0.372978
1234  0.373321
1235  0.373664
1236  0.374025
1237  0.374201
1238  0.374209
1239  0.374105
1240  0.374175
1241  0.374345
1242  0.374615
1243  0.375050
1244  0.375270
1245  0.375626
1246  0.375757
1247  0.376019
1248  0.376168
1249  0.376310
1250  0.376535
1251  0.376862
1252  0.377070
1253  0.377329
1254  0.377361
1255  0.377236
1256  0.377093
1257  0.376988
1258  0.376964
1259  0.376997
1260  0.377257
1261  0.377594
1262  0.377850
1263  0.377834
1264  0.377818
1265  0.377707
1266  0.377687
1267  0.377644
1268  0.377597
1269  0.377566
1270  0.377329
1271  0.376959
1272  0.376495
1273  0.375850
1274  0.375202
1275  0.374650
1276  0.374287
1277  0.373995
1278  0.373722
1279  0.373283
1280  0.372656
1281  0.371857
1282  0.371085
1283  0.370126
1284  0.369286
1285  0.368500
1286  0.367919
1287  0.367433
1288  0.366878
1289  0.366188
1290  0.365453
1291  0.364537
1292  0.363644
1293  0.362691
1294  0.361636
1295  0.360537
1296  0.359277
1297  0.357956
1298  0.356792
1299  0.355739
1300  0.354874
1301  0.353529
1302  0.352486
1303  0.351161
1304  0.349583
1305  0.347976
1306  0.346023
1307  0.344305
1308  0.342531
1309  0.340895
1310  0.339389
1311  0.337786
1312  0.335977
1313  0.333801
1314  0.331662
1315  0.329566
1316  0.327637
1317  0.325771
1318  0.323696
1319  0.321517
1320  0.318784
1321  0.316312
1322  0.313852
1323  0.311759
1324  0.309848
1325  0.308117
1326  0.305794
1327  0.302739
1328  0.299583
1329  0.296759
1330  0.294702
1331  0.292896
1332  0.290976
1333  0.288586
1334  0.285482
1335  0.282230
1336  0.279291
1337  0.276749
1338  0.274652
1339  0.272928
1340  0.271339
1341  0.269567
1342  0.267497
1343  0.265385
1344  0.262751
1345  0.259696
1346  0.256610
1347  0.253940
1348  0.251802
1349  0.250285
1350  0.248307
1351  0.246648
1352  0.244573
1353  0.242821
1354  0.240928
1355  0.239456
1356  0.237413
1357  0.235903
1358  0.233963
1359  0.232655
1360  0.231348
1361  0.229894
1362  0.228234
1363  0.226062
1364  0.224368
1365  0.222615
1366  0.220224
1367  0.218503
1368  0.215899
1369  0.213355
1370  0.210756
1371  0.207435
1372  0.203907
1373  0.200976
1374  0.196835
1375  0.192319
1376  0.188497
1377  0.183849
1378  0.179117
1379  0.173912
1380  0.169904
1381  0.164293
1382  0.158819
1383  0.153019
1384  0.148426
1385  0.142363
1386  0.136682
1387  0.131137
1388  0.125242
1389  0.120988
1390  0.115452
1391  0.110540
1392  0.105747
1393  0.101378
1394  0.096664
1395  0.093393
1396  0.089635
1397  0.085600
1398  0.082156
1399  0.078961
1400  0.075979
1401  0.073214
1402  0.070376
1403  0.068012
1404  0.065919
1405  0.064305
1406  0.062404
1407  0.060685
1408  0.059074
1409  0.057453
1410  0.056030
1411  0.054825
1412  0.053660
1413  0.052635
1414  0.051637
1415  0.050720
1416  0.049874
1417  0.049110
1418  0.048354
1419  0.047695
1420  0.047111
1421  0.046532
1422  0.045980
1423  0.045460
1424  0.044985
1425  0.044413
1426  0.043998
1427  0.043627
1428  0.043296
1429  0.042986
1430  0.042643
1431  0.042380
1432  0.042074
1433  0.041880
1434  0.041578
1435  0.041360
1436  0.041169
1437  0.040961
1438  0.040781
1439  0.040657
1440  0.040522
1441  0.040397
1442  0.040304
1443  0.040232
1444  0.040153
1445  0.040110
1446  0.040051
1447  0.040011
1448  0.039996
1449  0.039995
1450  0.039999
1451  0.040039
1452  0.040056
1453  0.040093
1454  0.040130
1455  0.040199
1456  0.040275
1457  0.040353
1458  0.040486
1459  0.040593
1460  0.040697
1461  0.040931
1462  0.041120
1463  0.041337
1464  0.041668
1465  0.041967
1466  0.042252
1467  0.042706
1468  0.043060
1469  0.043433
1470  0.043936
1471  0.044331
1472  0.044727
1473  0.045319
1474  0.045735
1475  0.046405
1476  0.046909
1477  0.047442
1478  0.048049
1479  0.048583
1480  0.049280
1481  0.049791
1482  0.050406
1483  0.050938
1484  0.051615
1485  0.052182
1486  0.052735
1487  0.053499
1488  0.054114
1489  0.054955
1490  0.055559
1491  0.056399
1492  0.057061
1493  0.057865
1494  0.058529
1495  0.059439
1496  0.060178
1497  0.061066
1498  0.061891
1499  0.062634
1500  0.063565
1501  0.064239
1502  0.065147
1503  0.065973
1504  0.066891
1505  0.067854
1506  0.068578
1507  0.069515
1508  0.070189
1509  0.071187
1510  0.072151
1511  0.073032
1512  0.074027
1513  0.074740
1514  0.075762
1515  0.076812
1516  0.077583
1517  0.078637
1518  0.079622
1519  0.080424
1520  0.081387
1521  0.082436
1522  0.083197
1523  0.084275
1524  0.085376
1525  0.086181
1526  0.087209
1527  0.088201
1528  0.089002
1529  0.089952
1530  0.090881
1531  0.092005
1532  0.092789
1533  0.093867
1534  0.094874
1535  0.095931
1536  0.096675
1537  0.097707
1538  0.098671
1539  0.099815
1540  0.100716
1541  0.101548
1542  0.102611
1543  0.103621
1544  0.104727
1545  0.105548
1546  0.106434
1547  0.107519
1548  0.108467
1549  0.109484
1550  0.110383
1551  0.111204
1552  0.112020
1553  0.113033
1554  0.113881
1555  0.114842
1556  0.115752
1557  0.116627
1558  0.117264
1559  0.118041
1560  0.118874
1561  0.119736
1562  0.120534
1563  0.121414
1564  0.122147
1565  0.123121
1566  0.123808
1567  0.124684
1568  0.125389
1569  0.126193
1570  0.126996
1571  0.127801
1572  0.128614
1573  0.129450
1574  0.130307
1575  0.130961
1576  0.131905
1577  0.132632
1578  0.133336
1579  0.134190
1580  0.134818
1581  0.135635
1582  0.136520
1583  0.137374
1584  0.138054
1585  0.138835
1586  0.139612
1587  0.140338
1588  0.140903
1589  0.141707
1590  0.142379
1591  0.143215
1592  0.144000
1593  0.144871
1594  0.145750
1595  0.146485
1596  0.147016
1597  0.147652
1598  0.148230
1599  0.148913
1600  0.149684
1601  0.150338
1602  0.150848
1603  0.151602
1604  0.152163
1605  0.152956
1606  0.153493
1607  0.153985
1608  0.154329
1609  0.154971
1610  0.155360
1611  0.155902
1612  0.156436
1613  0.157118
1614  0.157565
1615  0.158054
1616  0.158475
1617  0.158951
1618  0.159291
1619  0.159940
1620  0.160249
1621  0.160840
1622  0.161339
1623  0.161902
1624  0.162534
1625  0.163023
1626  0.163379
1627  0.163959
1628  0.164141
1629  0.164663
1630  0.164951
1631  0.165354
1632  0.165451
1633  0.166016
1634  0.166302
1635  0.166771
1636  0.166922
1637  0.167410
1638  0.167571
1639  0.167968
1640  0.168070
1641  0.168564
1642  0.168792
1643  0.169312
1644  0.169624
1645  0.170086
1646  0.170281
1647  0.170839
1648  0.170890
1649  0.171417
1650  0.171570
1651  0.171828
1652  0.171774
1653  0.172232
1654  0.172039
1655  0.172240
1656  0.172115
1657  0.172440
1658  0.172252
1659  0.172247
1660  0.172175
1661  0.172278
1662  0.171970
1663  0.172120
1664  0.171881
1665  0.172078
1666  0.171862
1667  0.172005
1668  0.171818
1669  0.171903
1670  0.171942
1671  0.172541
1672  0.172250
1673  0.172352
1674  0.172168
1675  0.172121
1676  0.171777
1677  0.171745
1678  0.171538
1679  0.171539
1680  0.171187
1681  0.171156
1682  0.170747
1683  0.170605
1684  0.170428
1685  0.170263
1686  0.169927
1687  0.169843
1688  0.169383
1689  0.169400
1690  0.169030
1691  0.168940
1692  0.168698
1693  0.168651
1694  0.168249
1695  0.167978
1696  0.167572
1697  0.167401
1698  0.167039
1699  0.166612
1700  0.166196
1701  0.165811
1702  0.165268
1703  0.165079
1704  0.164607
1705  0.164351
1706  0.163767
1707  0.163524
1708  0.162957
1709  0.162699
1710  0.162111
1711  0.161662
1712  0.161281
1713  0.160989
1714  0.160537
1715  0.160241
1716  0.159841
1717  0.159542
1718  0.158899
1719  0.158566
1720  0.157896
1721  0.157587
1722  0.157120
1723  0.156681
1724  0.156251
1725  0.155804
1726  0.155227
1727  0.155079
1728  0.154549
1729  0.154138
1730  0.153695
1731  0.153480
1732  0.153042
1733  0.152723
1734  0.152108
1735  0.151721
1736  0.151522
1737  0.150907
1738  0.150334
1739  0.150054
1740  0.149406
1741  0.148874
1742  0.148364
1743  0.147979
1744  0.147228
1745  0.146577
1746  0.145957
1747  0.145309
1748  0.144567
1749  0.143930
1750  0.143282
1751  0.142548
1752  0.141689
1753  0.141013
1754  0.140500
1755  0.139741
1756  0.138865
1757  0.138088
1758  0.137467
1759  0.136837
1760  0.136033
1761  0.135339
1762  0.134902
1763  0.134316
1764  0.133651
1765  0.133057
1766  0.132589
1767  0.132176
1768  0.131627
1769  0.131202
1770  0.130788
1771  0.130559
1772  0.130447
1773  0.129925
1774  0.129684
1775  0.129317
1776  0.129002
1777  0.128912
1778  0.128686
1779  0.128365
1780  0.128176
1781  0.127940
1782  0.127706
1783  0.127473
1784  0.127289
1785  0.126970
1786  0.126784
1787  0.126481
1788  0.126358
1789  0.126217
1790  0.125999
1791  0.126009
1792  0.125978
1793  0.125871
1794  0.125818
1795  0.125838
1796  0.125808
1797  0.125861
1798  0.126048
1799  0.126115
1800  0.126162
1801  0.126341
1802  0.126475
1803  0.126617
1804  0.126679
1805  0.126830
1806  0.126836
1807  0.126905
1808  0.126794
1809  0.126737
1810  0.126766
1811  0.126547
1812  0.126480
1813  0.126475
1814  0.126434
1815  0.126498
1816  0.126312
1817  0.126259
1818  0.126140
1819  0.126068
1820  0.126036
1821  0.126020
1822  0.125941
1823  0.125974
1824  0.125821
1825  0.125880
1826  0.125791
1827  0.125579
1828  0.125285
1829  0.125117
1830  0.124800
1831  0.124582
1832  0.123885
1833  0.123563
1834  0.123140
1835  0.122555
1836  0.122107
1837  0.121568
1838  0.120897
1839  0.120254
1840  0.119454
1841  0.118637
1842  0.117786
1843  0.116818
1844  0.115869
1845  0.114794
1846  0.113730
1847  0.112812
1848  0.111406
1849  0.110095
1850  0.108606
1851  0.107376
1852  0.105206
1853  0.103652
1854  0.101950
1855  0.100282
1856  0.098459
1857  0.096438
1858  0.094226
1859  0.092225
1860  0.089831
1861  0.087773
1862  0.084268
1863  0.081703
1864  0.079012
1865  0.076560
1866  0.073690
1867  0.071145
1868  0.068230
1869  0.065813
1870  0.061750
1871  0.058915
1872  0.056156
1873  0.053235
1874  0.050583
1875  0.047655
1876  0.045193
1877  0.041269
1878  0.038641
1879  0.036299
1880  0.034021
1881  0.031598
1882  0.029683
1883  0.026620
1884  0.024742
1885  0.023122
1886  0.021634
1887  0.020175
1888  0.018366
1889  0.017212
1890  0.016290
1891  0.015481
1892  0.014720
1893  0.013743
1894  0.013207
1895  0.012826
1896  0.012509
1897  0.012312
1898  0.011798
1899  0.011689
1900  0.011611
1901  0.011450
1902  0.011177
1903  0.011054
1904  0.010970
1905  0.010895
1906  0.010725
1907  0.010660
1908  0.010595
1909  0.010561
1910  0.010465
1911  0.010425
1912  0.010397
1913  0.010382
1914  0.010333
1915  0.010337
1916  0.010319
1917  0.010293
1918  0.010235
1919  0.010195
1920  0.010146
1921  0.010068
1922  0.010004
1923  0.009948
1924  0.009897
1925  0.009851
1926  0.009805
1927  0.009769
1928  0.009734
1929  0.009698
1930  0.009666
1931  0.009638
1932  0.009607
1933  0.009579
1934  0.009557
1935  0.009532
1936  0.009512
1937  0.009500
1938  0.009480
1939  0.009463
1940  0.009456
1941  0.009447
1942  0.009434
1943  0.009434
1944  0.009430
1945  0.009427
1946  0.009431
1947  0.009433
1948  0.009433
1949  0.009448
1950  0.009450
1951  0.009475
1952  0.009480
1953  0.009493
1954  0.009520
1955  0.009540
1956  0.009553
1957  0.009590
1958  0.009610
1959  0.009647
1960  0.009679
1961  0.009699
1962  0.009758
1963  0.009781
1964  0.009840
1965  0.009878
1966  0.009918
1967  0.009981
1968  0.010030
1969  0.010102
1970  0.010145
1971  0.010243
1972  0.010286
1973  0.010332
1974  0.010436
1975  0.010498
1976  0.010592
1977  0.010658
1978  0.010773
1979  0.010844
1980  0.010960
1981  0.011040
1982  0.011110
1983  0.011250
1984  0.011333
1985  0.011469
1986  0.011560
1987  0.011697
1988  0.011787
1989  0.011936
1990  0.012045
1991  0.012190
1992  0.012301
1993  0.012456
1994  0.012574
1995  0.012743
1996  0.012856
1997  0.013035
1998  0.013147
1999  0.013343
2000  0.013471
2001  0.013597
2002  0.013789
2003  0.014003
2004  0.014129
2005  0.014340
2006  0.014484
2007  0.014686
2008  0.014827
2009  0.015038
2010  0.015172
2011  0.015390
2012  0.015538
2013  0.015772
2014  0.015921
2015  0.016152
2016  0.016310
2017  0.016539
2018  0.016680
2019  0.016906
2020  0.017071
2021  0.017308
2022  0.017542
2023  0.017686
2024  0.017935
2025  0.018096
2026  0.018342
2027  0.018488
2028  0.018732
2029  0.018982
2030  0.019149
2031  0.019366
2032  0.019543
2033  0.019792
2034  0.019951
2035  0.020209
2036  0.020470
2037  0.020619
2038  0.020895
2039  0.021048
2040  0.021306
2041  0.021573
2042  0.021725
2043  0.021996
2044  0.022151
2045  0.022411
2046  0.022677
2047  0.022846
2048  0.023116
2049  0.023282
2050  0.023552
2051  0.023813
2052  0.023995
2053  0.024248
2054  0.024534
2055  0.024697
2056  0.024998
2057  0.025178
2058  0.025475
2059  0.025769
2060  0.025962
2061  0.026275
2062  0.026565
2063  0.026783
2064  0.027074
2065  0.027406
2066  0.027589
2067  0.027899
2068  0.028217
2069  0.028427
2070  0.028721
2071  0.029065
2072  0.029246
2073  0.029551
2074  0.029879
2075  0.030091
2076  0.030384
2077  0.030730
2078  0.030931
2079  0.031237
2080  0.031540
2081  0.031745
2082  0.032091
2083  0.032398
2084  0.032591
2085  0.032897
2086  0.033243
2087  0.033550
2088  0.033767
2089  0.034091
2090  0.034408
2091  0.034637
2092  0.034909
2093  0.035280
2094  0.035573
2095  0.035798
2096  0.036092
2097  0.036428
2098  0.036669
2099  0.036981
2100  0.037298
2101  0.037645
2102  0.037845
2103  0.038194
2104  0.038504
2105  0.038826
2106  0.039030
2107  0.039337
2108  0.039640
2109  0.039951
2110  0.040157
2111  0.040459
2112  0.040744
2113  0.041060
2114  0.041226
2115  0.041502
2116  0.041782
2117  0.042104
2118  0.042292
2119  0.042590
2120  0.042909
2121  0.043260
2122  0.043532
2123  0.043746
2124  0.044046
2125  0.044340
2126  0.044610
2127  0.044798
2128  0.045055
2129  0.045343
2130  0.045618
2131  0.045882
2132  0.046066
2133  0.046333
2134  0.046562
2135  0.046814
2136  0.047067
2137  0.047219
2138  0.047434
2139  0.047649
2140  0.047848
2141  0.048104
2142  0.048312
2143  0.048451
2144  0.048656
2145  0.048896
2146  0.049121
2147  0.049354
2148  0.049481
2149  0.049652
2150  0.049888
2151  0.050103
2152  0.050301
2153  0.050511
2154  0.050664
2155  0.050817
2156  0.051051
2157  0.051219
2158  0.051404
2159  0.051580
2160  0.051775
2161  0.051866
2162  0.052050
2163  0.052221
2164  0.052389
2165  0.052519
2166  0.052682
2167  0.052853
2168  0.052976
2169  0.053083
2170  0.053229
2171  0.053377
2172  0.053517
2173  0.053673
2174  0.053834
2175  0.053952
2176  0.054116
2177  0.054254
2178  0.054397
2179  0.054618
2180  0.054792
2181  0.054928
2182  0.055120
2183  0.055264
2184  0.055409
2185  0.055610
2186  0.055753
2187  0.055897
2188  0.056039
2189  0.056176
2190  0.056271
2191  0.056424
2192  0.056528
2193  0.056586
2194  0.056589
2195  0.056643
2196  0.056711
2197  0.056795
2198  0.056833
2199  0.056851
2200  0.056921
2201  0.056991
2202  0.057031
2203  0.057070
2204  0.057075
2205  0.057137
2206  0.057142
2207  0.057181
2208  0.057281
2209  0.057335
2210  0.057429
2211  0.057500
2212  0.057528
2213  0.057538
2214  0.057551
2215  0.057557
2216  0.057511
2217  0.057458
2218  0.057426
2219  0.057410
2220  0.057431
2221  0.057408
2222  0.057429
2223  0.057330
2224  0.057270
2225  0.057225
2226  0.057107
2227  0.056990
2228  0.056892
2229  0.056754
2230  0.056601
2231  0.056514
2232  0.056377
2233  0.056181
2234  0.056073
2235  0.055909
2236  0.055715
2237  0.055466
2238  0.055251
2239  0.055013
2240  0.054741
2241  0.054471
2242  0.054216
2243  0.053901
2244  0.053610
2245  0.053322
2246  0.052998
2247  0.052709
2248  0.052414
2249  0.052117
2250  0.051816
2251  0.051518
2252  0.051241
2253  0.050825
2254  0.050547
2255  0.050205
2256  0.049896
2257  0.049620
2258  0.049343
2259  0.049048
2260  0.048749
2261  0.048397
2262  0.048123
2263  0.047828
2264  0.047469
2265  0.047169
2266  0.046883
2267  0.046593
2268  0.046283
2269  0.045994
2270  0.045713
2271  0.045476
2272  0.045215
2273  0.044958
2274  0.044575
2275  0.044332
2276  0.044046
2277  0.043817
2278  0.043550
2279  0.043296
2280  0.043077
2281  0.042835
2282  0.042563
2283  0.042325
2284  0.042039
2285  0.041764
2286  0.041496
2287  0.041092
2288  0.040805
2289  0.040528
2290  0.040207
2291  0.039959
2292  0.039653
2293  0.039423
2294  0.039149
2295  0.038906
2296  0.038625
2297  0.038431
2298  0.038003
2299  0.037814
2300  0.037536
2301  0.037315
2302  0.037030
2303  0.036829
2304  0.036576
2305  0.036408
2306  0.035969
2307  0.035797
2308  0.035587
2309  0.035372
2310  0.035162
2311  0.035000
2312  0.034755
2313  0.034609
2314  0.034216
2315  0.034100
2316  0.033885
2317  0.033715
2318  0.033514
2319  0.033350
2320  0.033139
2321  0.032987
2322  0.032587
2323  0.032439
2324  0.032231
2325  0.032003
2326  0.031807
2327  0.031643
2328  0.031229
2329  0.031070
2330  0.030851
2331  0.030645
2332  0.030424
2333  0.030197
2334  0.030009
2335  0.029606
2336  0.029415
2337  0.029205
2338  0.028989
2339  0.028815
2340  0.028405
2341  0.028246
2342  0.028030
2343  0.027839
2344  0.027639
2345  0.027455
2346  0.027126
2347  0.026960
2348  0.026771
2349  0.026604
2350  0.026444
2351  0.026095
2352  0.025971
2353  0.025799
2354  0.025610
2355  0.025445
2356  0.025306
2357  0.024966
2358  0.024825
2359  0.024669
2360  0.024495
2361  0.024358
2362  0.024003
2363  0.023872
2364  0.023721
2365  0.023587
2366  0.023260
2367  0.023137
2368  0.022962
2369  0.022777
2370  0.022635
2371  0.022326
2372  0.022181
2373  0.022017
2374  0.021897
2375  0.021565
2376  0.021468
2377  0.021299
2378  0.021124
2379  0.021019
2380  0.020705
2381  0.020578
2382  0.020401
2383  0.020267
2384  0.019984
2385  0.019837
2386  0.019692
2387  0.019564
2388  0.019304
2389  0.019161
2390  0.019017
2391  0.018879
2392  0.018619
2393  0.018484
2394  0.018346
2395  0.018220
2396  0.017978
2397  0.017859
2398  0.017725
2399  0.017613
2400  0.017370
2401  0.017259
2402  0.017118
2403  0.017025
2404  0.016761
2405  0.016652
2406  0.016541
2407  0.016303
2408  0.016192
2409  0.016074
2410  0.015960
2411  0.015749
2412  0.015627
2413  0.015497
2414  0.015283
2415  0.015169
2416  0.015035
2417  0.014922
2418  0.014701
2419  0.014595
2420  0.014472
2421  0.014263
2422  0.014146
2423  0.014034
2424  0.013929
2425  0.013711
2426  0.013616
2427  0.013509
2428  0.013317
2429  0.013214
2430  0.013096
2431  0.012907
2432  0.012811
2433  0.012712
2434  0.012622
2435  0.012438
2436  0.012333
2437  0.012240
2438  0.012066
2439  0.011972
2440  0.011890
2441  0.011714
2442  0.011629
2443  0.011544
2444  0.011369
2445  0.011282
2446  0.011201
2447  0.011046
2448  0.010956
2449  0.010882
2450  0.010727
2451  0.010647
2452  0.010571
2453  0.010410
2454  0.010338
2455  0.010269
2456  0.010122
2457  0.010058
2458  0.009990
2459  0.009854
2460  0.009790
2461  0.009724
2462  0.009598
2463  0.009540
2464  0.009487
2465  0.009378
2466  0.009319
2467  0.009214
2468  0.009161
2469  0.009113
2470  0.009010
2471  0.008969
2472  0.008923
2473  0.008825
2474  0.008783
2475  0.008741
2476  0.008662
2477  0.008624
2478  0.008547
2479  0.008503
2480  0.008467
2481  0.008407
2482  0.008381
2483  0.008364
2484  0.008307
2485  0.008264
2486  0.008169
2487  0.008159
2488  0.008130
2489  0.008052
2490  0.008033
2491  0.008004
2492  0.007964
2493  0.007942
2494  0.007910
2495  0.007898
2496  0.007891
2497  0.007860
2498  0.007852
2499  0.007823
2500  0.007819
