 400  0.012882
 401  0.012899
 402  0.012912
 403  0.012933
 404  0.012968
 405  0.013004
 406  0.013045
 407  0.013090
 408  0.013144
 409  0.013194
 410  0.013235
 411  0.013272
 412  0.013321
 413  0.013376
 414  0.013439
 415  0.013493
 416  0.013553
 417  0.013609
 418  0.013665
 419  0.013724
 420  0.013784
 421  0.013833
 422  0.013891
 423  0.013950
 424  0.014013
 425  0.014081
 426  0.014135
 427  0.014168
 428  0.014205
 429  0.014251
 430  0.014287
 431  0.014319
 432  0.014359
 433  0.014396
 434  0.014429
 435  0.014457
 436  0.014486
 437  0.014511
 438  0.014532
 439  0.014553
 440  0.014580
 441  0.014608
 442  0.014629
 443  0.014651
 444  0.014664
 445  0.014683
 446  0.014690
 447  0.014697
 448  0.014707
 449  0.014715
 450  0.014721
 451  0.014728
 452  0.014734
 453  0.014741
 454  0.014744
 455  0.014748
 456  0.014748
 457  0.014754
 458  0.014758
 459  0.014758
 460  0.014761
 461  0.014757
 462  0.014752
 463  0.014746
 464  0.014740
 465  0.014737
 466  0.014740
 467  0.014737
 468  0.014736
 469  0.014744
 470  0.014746
 471  0.014748
 472  0.014748
 473  0.014750
 474  0.014751
 475  0.014753
 476  0.014757
 477  0.014761
 478  0.014765
 479  0.014769
 480  0.014772
 481  0.014780
 482  0.014785
 483  0.014793
 484  0.014801
 485  0.014815
 486  0.014826
 487  0.014841
 488  0.014865
 489  0.014892
 490  0.014927
 491  0.014967
 492  0.015017
 493  0.015077
 494  0.015150
 495  0.015240
 496  0.015348
 497  0.015482
 498  0.015642
 499  0.015824
 500  0.016041
 501  0.016287
 502  0.016574
 503  0.016902
 504  0.017270
 505  0.017686
 506  0.018157
 507  0.018691
 508  0.019274
 509  0.019927
 510  0.020642
 511  0.021433
 512  0.022299
 513  0.023240
 514  0.024247
 515  0.025342
 516  0.026486
 517  0.027693
 518  0.028944
 519  0.030239
 520  0.031562
 521  0.032905
 522  0.034261
 523  0.035602
 524  0.036910
 525  0.038174
 526  0.039379
 527  0.040514
 528  0.041559
 529  0.042527
 530  0.043415
 531  0.044219
 532  0.044931
 533  0.045561
 534  0.046107
 535  0.046577
 536  0.046969
 537  0.047311
 538  0.047595
 539  0.047835
 540  0.048004
 541  0.048197
 542  0.048341
 543  0.048484
 544  0.048612
 545  0.048764
 546  0.048901
 547  0.049059
 548  0.049204
 549  0.049367
 550  0.049475
 551  0.049562
 552  0.049591
 553  0.049597
 554  0.049545
 555  0.049433
 556  0.049224
 557  0.048991
 558  0.048662
 559  0.048276
 560  0.047865
 561  0.047401
 562  0.046878
 563  0.046300
 564  0.045671
 565  0.044993
 566  0.044272
 567  0.043510
 568  0.042713
 569  0.041884
 570  0.041055
 571  0.040205
 572  0.039383
 573  0.038588
 574  0.037819
 575  0.037099
 576  0.036402
 577  0.035768
 578  0.035173
 579  0.034615
 580  0.034092
 581  0.033600
 582  0.033141
 583  0.032710
 584  0.032306
 585  0.031945
 586  0.031591
 587  0.031262
 588  0.030968
 589  0.030699
 590  0.030449
 591  0.030233
 592  0.030019
 593  0.029839
 594  0.029675
 595  0.029544
 596  0.029397
 597  0.029268
 598  0.029138
 599  0.028996
 600  0.028857
 601  0.028688
 602  0.028506
 603  0.028302
 604  0.028056
 605  0.027804
 606  0.027515
 607  0.027194
 608  0.026855
 609  0.026502
 610  0.026145
 611  0.025786
 612  0.025425
 613  0.025055
 614  0.024695
 615  0.024343
 616  0.024014
 617  0.023704
 618  0.023412
 619  0.023155
 620  0.022932
 621  0.022731
 622  0.022565
 623  0.022420
 624  0.022295
 625  0.022201
 626  0.022121
 627  0.022063
 628  0.022019
 629  0.021970
 630  0.021929
 631  0.021872
 632  0.021793
 633  0.021690
 634  0.021555
 635  0.021375
 636  0.021163
 637  0.020899
 638  0.020607
 639  0.020280
 640  0.019930
 641  0.019572
 642  0.019203
 643  0.018837
 644  0.018481
 645  0.018142
 646  0.017825
 647  0.017540
 648  0.017282
 649  0.017057
 650  0.016860
 651  0.016697
 652  0.016549
 653  0.016412
 654  0.016274
 655  0.016130
 656  0.015977
 657  0.015812
 658  0.015640
 659  0.015461
 660  0.015288
 661  0.015118
 662  0.014968
 663  0.014841
 664  0.014736
 665  0.014662
 666  0.014613
 667  0.014592
 668  0.014602
 669  0.014629
 670  0.014676
 671  0.014738
 672  0.014814
 673  0.014908
 674  0.015014
 675  0.015130
 676  0.015261
 677  0.015401
 678  0.015552
 679  0.015712
 680  0.015877
 681  0.016052
 682  0.016232
 683  0.016432
 684  0.016672
 685  0.016972
 686  0.017368
 687  0.017914
 688  0.018668
 689  0.019673
 690  0.021001
 691  0.022694
 692  0.024787
 693  0.027306
 694  0.030265
 695  0.033672
 696  0.037495
 697  0.041736
 698  0.046352
 699  0.051295
 700  0.056555
 701  0.062079
 702  0.067754
 703  0.073605
 704  0.079572
 705  0.085615
 706  0.091742
 707  0.097954
 708  0.104259
 709  0.110636
 710  0.117131
 711  0.123708
 712  0.130408
 713  0.137233
 714  0.144194
 715  0.151265
 716  0.158493
 717  0.165816
 718  0.173226
 719  0.180789
 720  0.188417
 721  0.196140
 722  0.203930
 723  0.211751
 724  0.219592
 725  0.227498
 726  0.235309
 727  0.243134
 728  0.250844
 729  0.258516
 730  0.266096
 731  0.273497
 732  0.280850
 733  0.288035
 734  0.294976
 735  0.301705
 736  0.308225
 737  0.314544
 738  0.320637
 739  0.326509
 740  0.332115
 741  0.337393
 742  0.342439
 743  0.347202
 744  0.351712
 745  0.355988
 746  0.360000
 747  0.363711
 748  0.367187
 749  0.370426
 750  0.373397
 751  0.376290
 752  0.379127
 753  0.381873
 754  0.384540
 755  0.387117
 756  0.389615
 757  0.392029
 758  0.394348
 759  0.396577
 760  0.398716
 761  0.400716
 762  0.402635
 763  0.404448
 764  0.406180
 765  0.407819
 766  0.409366
 767  0.410811
 768  0.412191
 769  0.413471
 770  0.414662
 771  0.415789
 772  0.416846
 773  0.417819
 774  0.418723
 775  0.419551
 776  0.420334
 777  0.421041
 778  0.421685
 779  0.422283
 780  0.422815
 781  0.423231
 782  0.423651
 783  0.424062
 784  0.424482
 785  0.424908
 786  0.425360
 787  0.425811
 788  0.426236
 789  0.426660
 790  0.427098
 791  0.427503
 792  0.427923
 793  0.428328
 794  0.428724
 795  0.429132
 796  0.429521
 797  0.429910
 798  0.430294
 799  0.430697
 800  0.431100
 801  0.431460
 802  0.431815
 803  0.432194
 804  0.432565
 805  0.432927
 806  0.433274
 807  0.433636
 808  0.434013
 809  0.434331
 810  0.434687
 811  0.434978
 812  0.435273
 813  0.435549
 814  0.435834
 815  0.436123
 816  0.436405
 817  0.436686
 818  0.436951
 819  0.437254
 820  0.437534
 821  0.437749
 822  0.437956
 823  0.438212
 824  0.438445
 825  0.438600
 826  0.438675
 827  0.438879
 828  0.439043
 829  0.439064
 830  0.439201
 831  0.439327
 832  0.439353
 833  0.439391
 834  0.439554
 835  0.439739
 836  0.439870
 837  0.440047
 838  0.440262
 839  0.440427
 840  0.440622
 841  0.440824
 842  0.441030
 843  0.441208
 844  0.441430
 845  0.441632
 846  0.441827
 847  0.442051
 848  0.442271
 849  0.442436
 850  0.442693
 851  0.442854
 852  0.443006
 853  0.443176
 854  0.443369
 855  0.443535
 856  0.443654
 857  0.443836
 858  0.444027
 859  0.444146
 860  0.444322
 861  0.444493
 862  0.444616
 863  0.444766
 864  0.444908
 865  0.445013
 866  0.445124
 867  0.445282
 868  0.445465
 869  0.445650
 870  0.445808
 871  0.445850
 872  0.445968
 873  0.446097
 874  0.446154
 875  0.446256
 876  0.446355
 877  0.446434
 878  0.446542
 879  0.446642
 880  0.446664
 881  0.446754
 882  0.446847
 883  0.446878
 884  0.446946
 885  0.447045
 886  0.447152
 887  0.447222
 888  0.447242
 889  0.447331
 890  0.447421
 891  0.447423
 892  0.447464
 893  0.447567
 894  0.447654
 895  0.447705
 896  0.447696
 897  0.447776
 898  0.447836
 899  0.447838
 900  0.447892
 901  0.447918
 902  0.447871
 903  0.447858
 904  0.447907
 905  0.447961
 906  0.447945
 907  0.447854
 908  0.447812
 909  0.447838
 910  0.447854
 911  0.447811
 912  0.447660
 913  0.447580
 914  0.447564
 915  0.447560
 916  0.447437
 917  0.447121
 918  0.446935
 919  0.446859
 920  0.446801
 921  0.446512
 922  0.445960
 923  0.445621
 924  0.445382
 925  0.445066
 926  0.444747
 927  0.444502
 928  0.443929
 929  0.442904
 930  0.442272
 931  0.441881
 932  0.441350
 933  0.440807
 934  0.440414
 935  0.439765
 936  0.438601
 937  0.437631
 938  0.437003
 939  0.436507
 940  0.435451
 941  0.433640
 942  0.432605
 943  0.431960
 944  0.431003
 945  0.429796
 946  0.428600
 947  0.427618
 948  0.426744
 949  0.424812
 950  0.421485
 951  0.419403
 952  0.418021
 953  0.416135
 954  0.414022
 955  0.412177
 956  0.410560
 957  0.409038
 958  0.407790
 959  0.406836
 960  0.405628
 961  0.404006
 962  0.403276
 963  0.403115
 964  0.402855
 965  0.402506
 966  0.402208
 967  0.402019
 968  0.401908
 969  0.401819
 970  0.401708
 971  0.401612
 972  0.401547
 973  0.401448
 974  0.401295
 975  0.401296
 976  0.401388
 977  0.401482
 978  0.401630
 979  0.401876
 980  0.402156
 981  0.402413
 982  0.402682
 983  0.402984
 984  0.403332
 985  0.403690
 986  0.404114
 987  0.404561
 988  0.405021
 989  0.405458
 990  0.405952
 991  0.406601
 992  0.407229
 993  0.407743
 994  0.408236
 995  0.408858
 996  0.409509
 997  0.410152
 998  0.410762
 999  0.411362
1000  0.411988
1001  0.412695
1002  0.413396
1003  0.414014
1004  0.414627
1005  0.415296
1006  0.416014
1007  0.416777
1008  0.417556
1009  0.418328
1010  0.419112
1011  0.419909
1012  0.420687
1013  0.421398
1014  0.422095
1015  0.422809
1016  0.423505
1017  0.424187
1018  0.424934
1019  0.425787
1020  0.426665
1021  0.427484
1022  0.428267
1023  0.429055
1024  0.429847
1025  0.430565
1026  0.431300
1027  0.432088
1028  0.432956
1029  0.433833
1030  0.434606
1031  0.435112
1032  0.435523
1033  0.436008
1034  0.436704
1035  0.437467
1036  0.438130
1037  0.438736
1038  0.439384
1039  0.440022
1040  0.440591
1041  0.441145
1042  0.441732
1043  0.442273
1044  0.442693
1045  0.443049
1046  0.443464
1047  0.444029
1048  0.444579
1049  0.444998
1050  0.445357
1051  0.445747
1052  0.446166
1053  0.446595
1054  0.446977
1055  0.447247
1056  0.447466
1057  0.447656
1058  0.447870
1059  0.448125
1060  0.448451
1061  0.448761
1062  0.448964
1063  0.449090
1064  0.449201
1065  0.449313
1066  0.449428
1067  0.449574
1068  0.449683
1069  0.449744
1070  0.449799
1071  0.449854
1072  0.449925
1073  0.449981
1074  0.449988
1075  0.449939
1076  0.449811
1077  0.449718
1078  0.449719
1079  0.449738
1080  0.449714
1081  0.449562
1082  0.449326
1083  0.449032
1084  0.448753
1085  0.448572
1086  0.448423
1087  0.448270
1088  0.448036
1089  0.447737
1090  0.447386
1091  0.447042
1092  0.446818
1093  0.446623
1094  0.446376
1095  0.446031
1096  0.445517
1097  0.444903
1098  0.444349
1099  0.444036
1100  0.443832
1101  0.443529
1102  0.443023
1103  0.442521
1104  0.442181
1105  0.441926
1106  0.441578
1107  0.441012
1108  0.440458
1109  0.440065
1110  0.439759
1111  0.439342
1112  0.438724
1113  0.438212
1114  0.438114
1115  0.438184
1116  0.438048
1117  0.437494
1118  0.436817
1119  0.436306
1120  0.435834
1121  0.435197
1122  0.434285
1123  0.433412
1124  0.432845
1125  0.432270
1126  0.431250
1127  0.429580
1128  0.427815
1129  0.426492
1130  0.425174
1131  0.423282
1132  0.420425
1133  0.417246
1134  0.414387
1135  0.411841
1136  0.409456
1137  0.406982
1138  0.403998
1139  0.399983
1140  0.394914
1141  0.390112
1142  0.386671
1143  0.383758
1144  0.380128
1145  0.375163
1146  0.370310
1147  0.366899
1148  0.364536
1149  0.362481
1150  0.360135
1151  0.357531
1152  0.354822
1153  0.352232
1154  0.350090
1155  0.348610
1156  0.347689
1157  0.346989
1158  0.346223
1159  0.345453
1160  0.344694
1161  0.343857
1162  0.343185
1163  0.342887
1164  0.342739
1165  0.342691
1166  0.342487
1167  0.342273
1168  0.342137
1169  0.342064
1170  0.342004
1171  0.341576
1172  0.340851
1173  0.340204
1174  0.340071
1175  0.340237
1176  0.340469
1177  0.340401
1178  0.340182
1179  0.339965
1180  0.339759
1181  0.339638
1182  0.339453
1183  0.339176
1184  0.338896
1185  0.338596
1186  0.338432
1187  0.338260
1188  0.338110
1189  0.337895
1190  0.337777
1191  0.337591
1192  0.337489
1193  0.337312
1194  0.337200
1195  0.337005
1196  0.336865
1197  0.336789
1198  0.336796
1199  0.337106
1200  0.337634
1201  0.338091
1202  0.338029
1203  0.337750
1204  0.337604
1205  0.337740
1206  0.338154
1207  0.338508
1208  0.338629
1209  0.338600
1210  0.338658
1211  0.338955
1212  0.339263
1213  0.339523
1214  0.339458
1215  0.339381
1216  0.339540
1217  0.339979
1218  0.340558
1219  0.341066
1220  0.341134
1221  0.341071
1222  0.341070
1223  0.341184
1224  0.341449
1225  0.341712
1226  0.341687
1227  0.341640
1228  0.341591
1229  0.341706
1230  0.341956
1231  0.342212
1232  0.342364
1233  0.342519
1234  0.342750
1235  0.342981
1236  0.343226
1237  0.343319
1238  0.343272
1239  0.343135
1240  0.343142
1241  0.343218
1242  0.343385
1243  0.343683
1244  0.343802
1245  0.344035
1246  0.344093
1247  0.344264
1248  0.344333
1249  0.344406
1250  0.344543
1251  0.344769
1252  0.344892
1253  0.345066
1254  0.345046
1255  0.344911
1256  0.344737
1257  0.344600
1258  0.344530
1259  0.344497
1260  0.344656
1261  0.344879
1262  0.345036
1263  0.344973
1264  0.344911
1265  0.344773
1266  0.344710
1267  0.344626
1268  0.344542
1269  0.344475
1270  0.344239
1271  0.343904
1272  0.343494
1273  0.342935
1274  0.342378
1275  0.341898
1276  0.341566
1277  0.341289
1278  0.341039
1279  0.340648
1280  0.340112
1281  0.339439
1282  0.338787
1283  0.337984
1284  0.337284
1285  0.336621
1286  0.336123
1287  0.335699
1288  0.335229
1289  0.334643
1290  0.334024
1291  0.333265
1292  0.332521
1293  0.331734
1294  0.330858
1295  0.329953
1296  0.328933
1297  0.327866
1298  0.326919
1299  0.326069
1300  0.325438
1301  0.324238
1302  0.323438
1303  0.322414
1304  0.321165
1305  0.319936
1306  0.318302
1307  0.316955
1308  0.315506
1309  0.314165
1310  0.312941
1311  0.311647
1312  0.310149
1313  0.308325
1314  0.306581
1315  0.304823
1316  0.303225
1317  0.301649
1318  0.299883
1319  0.298050
1320  0.295697
1321  0.293658
1322  0.291570
1323  0.289760
1324  0.288133
1325  0.286753
1326  0.284796
1327  0.282152
1328  0.279442
1329  0.277001
1330  0.275281
1331  0.273738
1332  0.272065
1333  0.269989
1334  0.267246
1335  0.264405
1336  0.261856
1337  0.259587
1338  0.257695
1339  0.256154
1340  0.254776
1341  0.253186
1342  0.251301
1343  0.249448
1344  0.247104
1345  0.244369
1346  0.241597
1347  0.239187
1348  0.237212
1349  0.235814
1350  0.233963
1351  0.232450
1352  0.230548
1353  0.228937
1354  0.227202
1355  0.225845
1356  0.223992
1357  0.222619
1358  0.220882
1359  0.219833
1360  0.218825
1361  0.217594
1362  0.216067
1363  0.214092
1364  0.212563
1365  0.210977
1366  0.208802
1367  0.207281
1368  0.204937
1369  0.202598
1370  0.200174
1371  0.197067
1372  0.193762
1373  0.191013
1374  0.187200
1375  0.183012
1376  0.179494
1377  0.175242
1378  0.170956
1379  0.166260
1380  0.162680
1381  0.157540
1382  0.152479
1383  0.147050
1384  0.142733
1385  0.137013
1386  0.131622
1387  0.126376
1388  0.120793
1389  0.116753
1390  0.111497
1391  0.106840
1392  0.102280
1393  0.098120
1394  0.093612
1395  0.090495
1396  0.086897
1397  0.083021
1398  0.079710
1399  0.076627
1400  0.073751
1401  0.071078
1402  0.068328
1403  0.066041
1404  0.064016
1405  0.062447
1406  0.060597
1407  0.058924
1408  0.057356
1409  0.055769
1410  0.054376
1411  0.053193
1412  0.052050
1413  0.051043
1414  0.050064
1415  0.049158
1416  0.048323
1417  0.047568
1418  0.046818
1419  0.046169
1420  0.045587
1421  0.045011
1422  0.044460
1423  0.043943
1424  0.043470
1425  0.042901
1426  0.042486
1427  0.042114
1428  0.041782
1429  0.041470
1430  0.041128
1431  0.040865
1432  0.040558
1433  0.040362
1434  0.040063
1435  0.039843
1436  0.039650
1437  0.039443
1438  0.039261
1439  0.039134
1440  0.038998
1441  0.038869
1442  0.038774
1443  0.038700
1444  0.038620
1445  0.038575
1446  0.038513
1447  0.038471
1448  0.038455
1449  0.038451
1450  0.038454
1451  0.038490
1452  0.038504
1453  0.038534
1454  0.038566
1455  0.038629
1456  0.038699
1457  0.038772
1458  0.038899
1459  0.038999
1460  0.039093
1461  0.039316
1462  0.039499
1463  0.039706
1464  0.040020
1465  0.040306
1466  0.040578
1467  0.041011
1468  0.041350
1469  0.041706
1470  0.042185
1471  0.042562
1472  0.042939
1473  0.043506
1474  0.043902
1475  0.044542
1476  0.045024
1477  0.045533
1478  0.046112
1479  0.046621
1480  0.047287
1481  0.047768
1482  0.048347
1483  0.048848
1484  0.049491
1485  0.050027
1486  0.050548
1487  0.051271
1488  0.051855
1489  0.052655
1490  0.053225
1491  0.054021
1492  0.054647
1493  0.055404
1494  0.056032
1495  0.056892
1496  0.057596
1497  0.058432
1498  0.059213
1499  0.059914
1500  0.060795
1501  0.061429
1502  0.062292
1503  0.063077
1504  0.063950
1505  0.064860
1506  0.065544
1507  0.066432
1508  0.067065
1509  0.068004
1510  0.068920
1511  0.069748
1512  0.070690
1513  0.071360
1514  0.072322
1515  0.073311
1516  0.074040
1517  0.075035
1518  0.075965
1519  0.076717
1520  0.077622
1521  0.078614
1522  0.079332
1523  0.080348
1524  0.081384
1525  0.082141
1526  0.083106
1527  0.084036
1528  0.084791
1529  0.085674
1530  0.086544
1531  0.087598
1532  0.088330
1533  0.089331
1534  0.090276
1535  0.091256
1536  0.091962
1537  0.092918
1538  0.093802
1539  0.094863
1540  0.095700
1541  0.096468
1542  0.097454
1543  0.098387
1544  0.099414
1545  0.100171
1546  0.100982
1547  0.101990
1548  0.102871
1549  0.103804
1550  0.104638
1551  0.105397
1552  0.106146
1553  0.107083
1554  0.107861
1555  0.108752
1556  0.109602
1557  0.110408
1558  0.110984
1559  0.111698
1560  0.112451
1561  0.113228
1562  0.113955
1563  0.114756
1564  0.115419
1565  0.116298
1566  0.116925
1567  0.117733
1568  0.118374
1569  0.119107
1570  0.119838
1571  0.120566
1572  0.121307
1573  0.122072
1574  0.122854
1575  0.123440
1576  0.124303
1577  0.124945
1578  0.125588
1579  0.126357
1580  0.126934
1581  0.127685
1582  0.128481
1583  0.129263
1584  0.129872
1585  0.130589
1586  0.131299
1587  0.131954
1588  0.132461
1589  0.133199
1590  0.133804
1591  0.134573
1592  0.135295
1593  0.136118
1594  0.136925
1595  0.137613
1596  0.138090
1597  0.138696
1598  0.139231
1599  0.139879
1600  0.140584
1601  0.141185
1602  0.141659
1603  0.142381
1604  0.142897
1605  0.143625
1606  0.144120
1607  0.144590
1608  0.144920
1609  0.145509
1610  0.145867
1611  0.146375
1612  0.146866
1613  0.147494
1614  0.147911
1615  0.148373
1616  0.148763
1617  0.149201
1618  0.149520
1619  0.150124
1620  0.150408
1621  0.150942
1622  0.151411
1623  0.151930
1624  0.152509
1625  0.152956
1626  0.153267
1627  0.153800
1628  0.153974
1629  0.154452
1630  0.154723
1631  0.155087
1632  0.155169
1633  0.155682
1634  0.155969
1635  0.156413
1636  0.156541
1637  0.156993
1638  0.157146
1639  0.157511
1640  0.157582
1641  0.158051
1642  0.158258
1643  0.158727
1644  0.158990
1645  0.159394
1646  0.159570
1647  0.160038
1648  0.160067
1649  0.160542
1650  0.160641
1651  0.160833
1652  0.160753
1653  0.161148
1654  0.160904
1655  0.161061
1656  0.160925
1657  0.161187
1658  0.160946
1659  0.160893
1660  0.160793
1661  0.160824
1662  0.160511
1663  0.160584
1664  0.160323
1665  0.160434
1666  0.160175
1667  0.160227
1668  0.159991
1669  0.159993
1670  0.160030
1671  0.160718
1672  0.160386
1673  0.160422
1674  0.160207
1675  0.160097
1676  0.159714
1677  0.159644
1678  0.159394
1679  0.159311
1680  0.158922
1681  0.158834
1682  0.158391
1683  0.158179
1684  0.157960
1685  0.157737
1686  0.157363
1687  0.157193
1688  0.156725
1689  0.156649
1690  0.156241
1691  0.156106
1692  0.155839
1693  0.155722
1694  0.155281
1695  0.154981
1696  0.154573
1697  0.154349
1698  0.153961
1699  0.153515
1700  0.153084
1701  0.152683
1702  0.152153
1703  0.151926
1704  0.151476
1705  0.151205
1706  0.150653
1707  0.150396
1708  0.149837
1709  0.149581
1710  0.149045
1711  0.148604
1712  0.148220
1713  0.147923
1714  0.147489
1715  0.147207
1716  0.146819
1717  0.146533
1718  0.145947
1719  0.145622
1720  0.145018
1721  0.144726
1722  0.144302
1723  0.143915
1724  0.143535
1725  0.143135
1726  0.142626
1727  0.142501
1728  0.142065
1729  0.141723
1730  0.141348
1731  0.141196
1732  0.140850
1733  0.140610
1734  0.140120
1735  0.139824
1736  0.139695
1737  0.139206
1738  0.138738
1739  0.138511
1740  0.137977
1741  0.137547
1742  0.137121
1743  0.136806
1744  0.136167
1745  0.135599
1746  0.135058
1747  0.134524
1748  0.133886
1749  0.133328
1750  0.132766
1751  0.132119
1752  0.131363
1753  0.130781
1754  0.130329
1755  0.129682
1756  0.128926
1757  0.128250
1758  0.127714
1759  0.127176
1760  0.126489
1761  0.125898
1762  0.125533
1763  0.125044
1764  0.124469
1765  0.123975
1766  0.123591
1767  0.123260
1768  0.122796
1769  0.122459
1770  0.122124
1771  0.121964
1772  0.121908
1773  0.121468
1774  0.121287
1775  0.120994
1776  0.120744
1777  0.120713
1778  0.120553
1779  0.120292
1780  0.120145
1781  0.119946
1782  0.119754
1783  0.119537
1784  0.119371
1785  0.119065
1786  0.118893
1787  0.118625
1788  0.118544
1789  0.118440
1790  0.118256
1791  0.118284
1792  0.118251
1793  0.118174
1794  0.118144
1795  0.118174
1796  0.118139
1797  0.118211
1798  0.118403
1799  0.118474
1800  0.118513
1801  0.118705
1802  0.118831
1803  0.118966
1804  0.119035
1805  0.119188
1806  0.119201
1807  0.119277
1808  0.119166
1809  0.119122
1810  0.119162
1811  0.118975
1812  0.118917
1813  0.118926
1814  0.118911
1815  0.118987
1816  0.118820
1817  0.118797
1818  0.118711
1819  0.118656
1820  0.118648
1821  0.118640
1822  0.118569
1823  0.118611
1824  0.118468
1825  0.118555
1826  0.118485
1827  0.118294
1828  0.118026
1829  0.117895
1830  0.117628
1831  0.117438
1832  0.116824
1833  0.116545
1834  0.116183
1835  0.115670
1836  0.115298
1837  0.114840
1838  0.114251
1839  0.113698
1840  0.113007
1841  0.112254
1842  0.111488
1843  0.110599
1844  0.109745
1845  0.108773
1846  0.107810
1847  0.106967
1848  0.105669
1849  0.104452
1850  0.103081
1851  0.101951
1852  0.099949
1853  0.098506
1854  0.096936
1855  0.095393
1856  0.093702
1857  0.091823
1858  0.089755
1859  0.087883
1860  0.085634
1861  0.083733
1862  0.080446
1863  0.078034
1864  0.075508
1865  0.073206
1866  0.070503
1867  0.068115
1868  0.065370
1869  0.063115
1870  0.059263
1871  0.056569
1872  0.053944
1873  0.051158
1874  0.048623
1875  0.045817
1876  0.043459
1877  0.039683
1878  0.037154
1879  0.034903
1880  0.032710
1881  0.030371
1882  0.028523
1883  0.025553
1884  0.023736
1885  0.022166
1886  0.020724
1887  0.019307
1888  0.017545
1889  0.016423
1890  0.015528
1891  0.014743
1892  0.014005
1893  0.013051
1894  0.012531
1895  0.012162
1896  0.011856
1897  0.011665
1898  0.011161
1899  0.011052
1900  0.010963
1901  0.010808
1902  0.010542
1903  0.010424
1904  0.010344
1905  0.010273
1906  0.010106
1907  0.010042
1908  0.009980
1909  0.009947
1910  0.009853
1911  0.009811
1912  0.009781
1913  0.009765
1914  0.009713
1915  0.009715
1916  0.009696
1917  0.009669
1918  0.009610
1919  0.009569
1920  0.009518
1921  0.009444
1922  0.009382
1923  0.009327
1924  0.009276
1925  0.009230
1926  0.009184
1927  0.009147
1928  0.009110
1929  0.009072
1930  0.009039
1931  0.009011
1932  0.008981
1933  0.008954
1934  0.008931
1935  0.008906
1936  0.008885
1937  0.008873
1938  0.008853
1939  0.008835
1940  0.008827
1941  0.008816
1942  0.008803
1943  0.008802
1944  0.008797
1945  0.008793
1946  0.008795
1947  0.008797
1948  0.008795
1949  0.008808
1950  0.008809
1951  0.008832
1952  0.008835
1953  0.008847
1954  0.008872
1955  0.008891
1956  0.008902
1957  0.008937
1958  0.008956
1959  0.008991
1960  0.009022
1961  0.009040
1962  0.009095
1963  0.009117
1964  0.009173
1965  0.009209
1966  0.009246
1967  0.009306
1968  0.009352
1969  0.009420
1970  0.009460
1971  0.009553
1972  0.009594
1973  0.009637
1974  0.009736
1975  0.009795
1976  0.009882
1977  0.009944
1978  0.010052
1979  0.010118
1980  0.010228
1981  0.010305
1982  0.010372
1983  0.010507
1984  0.010586
1985  0.010716
1986  0.010803
1987  0.010935
1988  0.011021
1989  0.011164
1990  0.011268
1991  0.011407
1992  0.011513
1993  0.011661
1994  0.011774
1995  0.011936
1996  0.012044
1997  0.012215
1998  0.012323
1999  0.012510
2000  0.012632
2001  0.012751
2002  0.012933
2003  0.013137
2004  0.013256
2005  0.013456
2006  0.013592
2007  0.013783
2008  0.013916
2009  0.014116
2010  0.014242
2011  0.014448
2012  0.014587
2013  0.014809
2014  0.014949
2015  0.015167
2016  0.015313
2017  0.015527
2018  0.015657
2019  0.015868
2020  0.016020
2021  0.016239
2022  0.016456
2023  0.016587
2024  0.016817
2025  0.016964
2026  0.017190
2027  0.017321
2028  0.017545
2029  0.017773
2030  0.017924
2031  0.018119
2032  0.018278
2033  0.018503
2034  0.018645
2035  0.018879
2036  0.019113
2037  0.019243
2038  0.019491
2039  0.019623
2040  0.019854
2041  0.020090
2042  0.020221
2043  0.020462
2044  0.020595
2045  0.020824
2046  0.021058
2047  0.021204
2048  0.021441
2049  0.021584
2050  0.021820
2051  0.022049
2052  0.022202
2053  0.022423
2054  0.022674
2055  0.022813
2056  0.023077
2057  0.023230
2058  0.023493
2059  0.023752
2060  0.023921
2061  0.024197
2062  0.024453
2063  0.024645
2064  0.024901
2065  0.025197
2066  0.025356
2067  0.025631
2068  0.025914
2069  0.026098
2070  0.026361
2071  0.026666
2072  0.026823
2073  0.027093
2074  0.027381
2075  0.027571
2076  0.027830
2077  0.028134
2078  0.028310
2079  0.028580
2080  0.028844
2081  0.029020
2082  0.029327
2083  0.029596
2084  0.029762
2085  0.030031
2086  0.030332
2087  0.030602
2088  0.030789
2089  0.031073
2090  0.031349
2091  0.031547
2092  0.031783
2093  0.032106
2094  0.032361
2095  0.032553
2096  0.032804
2097  0.033096
2098  0.033304
2099  0.033573
2100  0.033846
2101  0.034145
2102  0.034319
2103  0.034623
2104  0.034892
2105  0.035175
2106  0.035349
2107  0.035614
2108  0.035874
2109  0.036141
2110  0.036318
2111  0.036579
2112  0.036823
2113  0.037097
2114  0.037240
2115  0.037476
2116  0.037721
2117  0.037999
2118  0.038162
2119  0.038418
2120  0.038694
2121  0.038999
2122  0.039231
2123  0.039412
2124  0.039671
2125  0.039920
2126  0.040156
2127  0.040319
2128  0.040538
2129  0.040785
2130  0.041023
2131  0.041252
2132  0.041403
2133  0.041632
2134  0.041822
2135  0.042032
2136  0.042250
2137  0.042377
2138  0.042557
2139  0.042734
2140  0.042900
2141  0.043120
2142  0.043296
2143  0.043412
2144  0.043583
2145  0.043789
2146  0.043983
2147  0.044177
2148  0.044283
2149  0.044427
2150  0.044632
2151  0.044818
2152  0.044984
2153  0.045163
2154  0.045290
2155  0.045425
2156  0.045632
2157  0.045767
2158  0.045922
2159  0.046075
2160  0.046242
2161  0.046317
2162  0.046479
2163  0.046624
2164  0.046774
2165  0.046887
2166  0.047031
2167  0.047183
2168  0.047296
2169  0.047389
2170  0.047521
2171  0.047653
2172  0.047775
2173  0.047916
2174  0.048064
2175  0.048168
2176  0.048319
2177  0.048448
2178  0.048582
2179  0.048782
2180  0.048944
2181  0.049075
2182  0.049254
2183  0.049395
2184  0.049536
2185  0.049726
2186  0.049861
2187  0.049997
2188  0.050141
2189  0.050270
2190  0.050367
2191  0.050514
2192  0.050620
2193  0.050692
2194  0.050708
2195  0.050764
2196  0.050840
2197  0.050933
2198  0.050982
2199  0.051007
2200  0.051083
2201  0.051157
2202  0.051207
2203  0.051254
2204  0.051269
2205  0.051335
2206  0.051350
2207  0.051397
2208  0.051496
2209  0.051551
2210  0.051642
2211  0.051717
2212  0.051749
2213  0.051771
2214  0.051786
2215  0.051801
2216  0.051766
2217  0.051731
2218  0.051700
2219  0.051690
2220  0.051714
2221  0.051695
2222  0.051710
2223  0.051619
2224  0.051566
2225  0.051520
2226  0.051406
2227  0.051293
2228  0.051193
2229  0.051054
2230  0.050898
2231  0.050801
2232  0.050653
2233  0.050454
2234  0.050333
2235  0.050153
2236  0.049949
2237  0.049699
2238  0.049480
2239  0.049231
2240  0.048953
2241  0.048677
2242  0.048411
2243  0.048090
2244  0.047789
2245  0.047491
2246  0.047159
2247  0.046859
2248  0.046552
2249  0.046243
2250  0.045938
2251  0.045636
2252  0.045350
2253  0.044942
2254  0.044655
2255  0.044310
2256  0.044002
2257  0.043716
2258  0.043438
2259  0.043138
2260  0.042842
2261  0.042498
2262  0.042229
2263  0.041936
2264  0.041598
2265  0.041306
2266  0.041030
2267  0.040749
2268  0.040451
2269  0.040170
2270  0.039899
2271  0.039671
2272  0.039429
2273  0.039185
2274  0.038841
2275  0.038618
2276  0.038352
2277  0.038138
2278  0.037899
2279  0.037668
2280  0.037471
2281  0.037248
2282  0.036996
2283  0.036783
2284  0.036519
2285  0.036269
2286  0.036026
2287  0.035673
2288  0.035413
2289  0.035158
2290  0.034868
2291  0.034649
2292  0.034375
2293  0.034169
2294  0.033923
2295  0.033708
2296  0.033459
2297  0.033279
2298  0.032913
2299  0.032742
2300  0.032500
2301  0.032302
2302  0.032051
2303  0.031876
2304  0.031660
2305  0.031516
2306  0.031147
2307  0.031003
2308  0.030833
2309  0.030657
2310  0.030486
2311  0.030359
2312  0.030164
2313  0.030051
2314  0.029732
2315  0.029647
2316  0.029473
2317  0.029337
2318  0.029177
2319  0.029051
2320  0.028878
2321  0.028753
2322  0.028425
2323  0.028307
2324  0.028133
2325  0.027944
2326  0.027784
2327  0.027649
2328  0.027298
2329  0.027163
2330  0.026976
2331  0.026801
2332  0.026612
2333  0.026419
2334  0.026252
2335  0.025913
2336  0.025747
2337  0.025569
2338  0.025383
2339  0.025232
2340  0.024883
2341  0.024747
2342  0.024560
2343  0.024400
2344  0.024231
2345  0.024077
2346  0.023799
2347  0.023661
2348  0.023506
2349  0.023371
2350  0.023236
2351  0.022945
2352  0.022847
2353  0.022708
2354  0.022546
2355  0.022411
2356  0.022299
2357  0.022013
2358  0.021899
2359  0.021777
2360  0.021630
2361  0.021515
2362  0.021215
2363  0.021109
2364  0.020987
2365  0.020876
2366  0.020601
2367  0.020495
2368  0.020347
2369  0.020192
2370  0.020074
2371  0.019810
2372  0.019687
2373  0.019549
2374  0.019450
2375  0.019165
2376  0.019086
2377  0.018941
2378  0.018790
2379  0.018702
2380  0.018432
2381  0.018322
2382  0.018169
2383  0.018057
2384  0.017812
2385  0.017684
2386  0.017560
2387  0.017451
2388  0.017223
2389  0.017097
2390  0.016971
2391  0.016851
2392  0.016624
2393  0.016505
2394  0.016385
2395  0.016276
2396  0.016065
2397  0.015961
2398  0.015844
2399  0.015747
2400  0.015532
2401  0.015435
2402  0.015311
2403  0.015229
2404  0.014996
2405  0.014900
2406  0.014799
2407  0.014592
2408  0.014491
2409  0.014387
2410  0.014287
2411  0.014101
2412  0.013990
2413  0.013873
2414  0.013681
2415  0.013579
2416  0.013459
2417  0.013358
2418  0.013163
2419  0.013066
2420  0.012955
2421  0.012768
2422  0.012660
2423  0.012557
2424  0.012462
2425  0.012266
2426  0.012180
2427  0.012082
2428  0.011911
2429  0.011818
2430  0.011709
2431  0.011543
2432  0.011454
2433  0.011364
2434  0.011284
2435  0.011118
2436  0.011025
2437  0.010939
2438  0.010785
2439  0.010700
2440  0.010624
2441  0.010469
2442  0.010393
2443  0.010315
2444  0.010158
2445  0.010078
2446  0.010004
2447  0.009866
2448  0.009785
2449  0.009716
2450  0.009580
2451  0.009507
2452  0.009438
2453  0.009296
2454  0.009229
2455  0.009167
2456  0.009037
2457  0.008980
2458  0.008918
2459  0.008799
2460  0.008742
2461  0.008682
2462  0.008572
2463  0.008521
2464  0.008474
2465  0.008379
2466  0.008326
2467  0.008234
2468  0.008186
2469  0.008145
2470  0.008055
2471  0.008020
2472  0.007979
2473  0.007893
2474  0.007856
2475  0.007820
2476  0.007753
2477  0.007722
2478  0.007656
2479  0.007619
2480  0.007588
2481  0.007537
2482  0.007516
2483  0.007502
2484  0.007453
2485  0.007417
2486  0.007335
2487  0.007327
2488  0.007302
2489  0.007235
2490  0.007220
2491  0.007196
2492  0.007162
2493  0.007144
2494  0.007118
2495  0.007109
2496  0.007105
2497  0.007079
2498  0.007075
2499  0.007050
2500  0.007050
