 400  0.012932
 401  0.012935
 402  0.012937
 403  0.012951
 404  0.012980
 405  0.013012
 406  0.013051
 407  0.013094
 408  0.013145
 409  0.013194
 410  0.013233
 411  0.013268
 412  0.013316
 413  0.013370
 414  0.013432
 415  0.013485
 416  0.013544
 417  0.013598
 418  0.013653
 419  0.013711
 420  0.013769
 421  0.013819
 422  0.013876
 423  0.013934
 424  0.013997
 425  0.014064
 426  0.014119
 427  0.014151
 428  0.014188
 429  0.014234
 430  0.014271
 431  0.014303
 432  0.014344
 433  0.014381
 434  0.014414
 435  0.014443
 436  0.014471
 437  0.014496
 438  0.014516
 439  0.014537
 440  0.014562
 441  0.014588
 442  0.014606
 443  0.014624
 444  0.014634
 445  0.014648
 446  0.014650
 447  0.014652
 448  0.014655
 449  0.014655
 450  0.014651
 451  0.014648
 452  0.014642
 453  0.014638
 454  0.014629
 455  0.014621
 456  0.014608
 457  0.014601
 458  0.014593
 459  0.014581
 460  0.014572
 461  0.014558
 462  0.014543
 463  0.014526
 464  0.014511
 465  0.014497
 466  0.014490
 467  0.014478
 468  0.014469
 469  0.014469
 470  0.014464
 471  0.014461
 472  0.014454
 473  0.014451
 474  0.014448
 475  0.014445
 476  0.014446
 477  0.014444
 478  0.014443
 479  0.014442
 480  0.014438
 481  0.014437
 482  0.014432
 483  0.014428
 484  0.014420
 485  0.014416
 486  0.014406
 487  0.014398
 488  0.014394
 489  0.014388
 490  0.014388
 491  0.014389
 492  0.014396
 493  0.014410
 494  0.014435
 495  0.014471
 496  0.014524
 497  0.014599
 498  0.014696
 499  0.014814
 500  0.014962
 501  0.015139
 502  0.015356
 503  0.015613
 504  0.015912
 505  0.016260
 506  0.016666
 507  0.017138
 508  0.017663
 509  0.018262
 510  0.018928
 511  0.019677
 512  0.020509
 513  0.021424
 514  0.022409
 515  0.023491
 516  0.024624
 517  0.025820
 518  0.027059
 519  0.028333
 520  0.029625
 521  0.030921
 522  0.032210
 523  0.033454
 524  0.034630
 525  0.035723
 526  0.036716
 527  0.037594
 528  0.038339
 529  0.038968
 530  0.039481
 531  0.039873
 532  0.040144
 533  0.040315
 534  0.040388
 535  0.040379
 536  0.040292
 537  0.040162
 538  0.039979
 539  0.039768
 540  0.039500
 541  0.039280
 542  0.039031
 543  0.038798
 544  0.038570
 545  0.038383
 546  0.038200
 547  0.038054
 548  0.037914
 549  0.037808
 550  0.037672
 551  0.037539
 552  0.037374
 553  0.037209
 554  0.037014
 555  0.036787
 556  0.036501
 557  0.036215
 558  0.035870
 559  0.035500
 560  0.035130
 561  0.034722
 562  0.034267
 563  0.033769
 564  0.033231
 565  0.032657
 566  0.032050
 567  0.031416
 568  0.030757
 569  0.030078
 570  0.029404
 571  0.028718
 572  0.028060
 573  0.027428
 574  0.026821
 575  0.026257
 576  0.025715
 577  0.025224
 578  0.024765
 579  0.024338
 580  0.023940
 581  0.023567
 582  0.023221
 583  0.022899
 584  0.022597
 585  0.022327
 586  0.022064
 587  0.021822
 588  0.021604
 589  0.021406
 590  0.021222
 591  0.021063
 592  0.020906
 593  0.020773
 594  0.020652
 595  0.020553
 596  0.020444
 597  0.020347
 598  0.020251
 599  0.020146
 600  0.020045
 601  0.019922
 602  0.019792
 603  0.019647
 604  0.019475
 605  0.019300
 606  0.019102
 607  0.018883
 608  0.018653
 609  0.018417
 610  0.018181
 611  0.017945
 612  0.017709
 613  0.017471
 614  0.017242
 615  0.017016
 616  0.016809
 617  0.016615
 618  0.016434
 619  0.016276
 620  0.016139
 621  0.016016
 622  0.015914
 623  0.015825
 624  0.015747
 625  0.015688
 626  0.015638
 627  0.015600
 628  0.015568
 629  0.015535
 630  0.015507
 631  0.015470
 632  0.015422
 633  0.015360
 634  0.015282
 635  0.015179
 636  0.015059
 637  0.014912
 638  0.014754
 639  0.014580
 640  0.014397
 641  0.014215
 642  0.014030
 643  0.013855
 644  0.013689
 645  0.013536
 646  0.013397
 647  0.013280
 648  0.013176
 649  0.013090
 650  0.013016
 651  0.012961
 652  0.012911
 653  0.012870
 654  0.012830
 655  0.012790
 656  0.012751
 657  0.012716
 658  0.012686
 659  0.012660
 660  0.012649
 661  0.012646
 662  0.012664
 663  0.012698
 664  0.012747
 665  0.012813
 666  0.012890
 667  0.012980
 668  0.013082
 669  0.013186
 670  0.013295
 671  0.013404
 672  0.013515
 673  0.013633
 674  0.013751
 675  0.013871
 676  0.013995
 677  0.014116
 678  0.014236
 679  0.014347
 680  0.014439
 681  0.014513
 682  0.014552
 683  0.014565
 684  0.014557
 685  0.014541
 686  0.014539
 687  0.014595
 688  0.014759
 689  0.015073
 690  0.015604
 691  0.016401
 692  0.017508
 693  0.018966
 694  0.020803
 695  0.023040
 696  0.025674
 697  0.028714
 698  0.032144
 699  0.035931
 700  0.040074
 701  0.044536
 702  0.049227
 703  0.054164
 704  0.059298
 705  0.064592
 706  0.070054
 707  0.075680
 708  0.081481
 709  0.087435
 710  0.093594
 711  0.099925
 712  0.106468
 713  0.113233
 714  0.120237
 715  0.127460
 716  0.134959
 717  0.142676
 718  0.150621
 719  0.158857
 720  0.167307
 721  0.176011
 722  0.184966
 723  0.194128
 724  0.203487
 725  0.213114
 726  0.222816
 727  0.232740
 728  0.242723
 729  0.252872
 730  0.263116
 731  0.273352
 732  0.283753
 733  0.294141
 734  0.304403
 735  0.314562
 736  0.324616
 737  0.334562
 738  0.344345
 739  0.353959
 740  0.363302
 741  0.372334
 742  0.381104
 743  0.389511
 744  0.397584
 745  0.405319
 746  0.412659
 747  0.419473
 748  0.425880
 749  0.431876
 750  0.437345
 751  0.442827
 752  0.448232
 753  0.453488
 754  0.458618
 755  0.463577
 756  0.468405
 757  0.473066
 758  0.477539
 759  0.481831
 760  0.485936
 761  0.489835
 762  0.493543
 763  0.497022
 764  0.500301
 765  0.503362
 766  0.506208
 767  0.508820
 768  0.511242
 769  0.513426
 770  0.515387
 771  0.517134
 772  0.518686
 773  0.520033
 774  0.521203
 775  0.522173
 776  0.522975
 777  0.523590
 778  0.524041
 779  0.524360
 780  0.524520
 781  0.524599
 782  0.524671
 783  0.524732
 784  0.524799
 785  0.524898
 786  0.525046
 787  0.525194
 788  0.525269
 789  0.525340
 790  0.525478
 791  0.525577
 792  0.525732
 793  0.525846
 794  0.525934
 795  0.526035
 796  0.526124
 797  0.526214
 798  0.526290
 799  0.526396
 800  0.526532
 801  0.526577
 802  0.526628
 803  0.526718
 804  0.526803
 805  0.526849
 806  0.526870
 807  0.526925
 808  0.527021
 809  0.526995
 810  0.527033
 811  0.527050
 812  0.527042
 813  0.527018
 814  0.527001
 815  0.526995
 816  0.526967
 817  0.526904
 818  0.526833
 819  0.526842
 820  0.526804
 821  0.526643
 822  0.526475
 823  0.526416
 824  0.526316
 825  0.526003
 826  0.525524
 827  0.525352
 828  0.525093
 829  0.524475
 830  0.524154
 831  0.523893
 832  0.523379
 833  0.522906
 834  0.522735
 835  0.522618
 836  0.522360
 837  0.522238
 838  0.522182
 839  0.522014
 840  0.521908
 841  0.521854
 842  0.521796
 843  0.521686
 844  0.521664
 845  0.521626
 846  0.521532
 847  0.521517
 848  0.521482
 849  0.521326
 850  0.521380
 851  0.521315
 852  0.521227
 853  0.521184
 854  0.521182
 855  0.521112
 856  0.520949
 857  0.520935
 858  0.520927
 859  0.520766
 860  0.520722
 861  0.520713
 862  0.520603
 863  0.520561
 864  0.520496
 865  0.520343
 866  0.520189
 867  0.520115
 868  0.520100
 869  0.520106
 870  0.520020
 871  0.519775
 872  0.519691
 873  0.519633
 874  0.519435
 875  0.519314
 876  0.519191
 877  0.519013
 878  0.518909
 879  0.518776
 880  0.518492
 881  0.518367
 882  0.518258
 883  0.518023
 884  0.517851
 885  0.517759
 886  0.517683
 887  0.517531
 888  0.517256
 889  0.517146
 890  0.517032
 891  0.516768
 892  0.516606
 893  0.516553
 894  0.516493
 895  0.516340
 896  0.516071
 897  0.515974
 898  0.515859
 899  0.515603
 900  0.515476
 901  0.515336
 902  0.515038
 903  0.514825
 904  0.514743
 905  0.514678
 906  0.514474
 907  0.514088
 908  0.513824
 909  0.513701
 910  0.513566
 911  0.513277
 912  0.512761
 913  0.512392
 914  0.512175
 915  0.511983
 916  0.511513
 917  0.510627
 918  0.510021
 919  0.509680
 920  0.509351
 921  0.508534
 922  0.507141
 923  0.506214
 924  0.505526
 925  0.504652
 926  0.503783
 927  0.503085
 928  0.501708
 929  0.499357
 930  0.497861
 931  0.496870
 932  0.495580
 933  0.494271
 934  0.493282
 935  0.491764
 936  0.489214
 937  0.487081
 938  0.485652
 939  0.484490
 940  0.482207
 941  0.478411
 942  0.476187
 943  0.474762
 944  0.472722
 945  0.470214
 946  0.467760
 947  0.465742
 948  0.463940
 949  0.460131
 950  0.453736
 951  0.449739
 952  0.447067
 953  0.443496
 954  0.439556
 955  0.436139
 956  0.433155
 957  0.430362
 958  0.428064
 959  0.426303
 960  0.424110
 961  0.421197
 962  0.419836
 963  0.419451
 964  0.418902
 965  0.418204
 966  0.417607
 967  0.417192
 968  0.416910
 969  0.416671
 970  0.416395
 971  0.416139
 972  0.415928
 973  0.415661
 974  0.415302
 975  0.415209
 976  0.415279
 977  0.415350
 978  0.415508
 979  0.415833
 980  0.416220
 981  0.416565
 982  0.416930
 983  0.417357
 984  0.417860
 985  0.418389
 986  0.419018
 987  0.419692
 988  0.420388
 989  0.421043
 990  0.421789
 991  0.422777
 992  0.423730
 993  0.424488
 994  0.425208
 995  0.426149
 996  0.427184
 997  0.428204
 998  0.429170
 999  0.430128
1000  0.431131
1001  0.432275
1002  0.433406
1003  0.434407
1004  0.435394
1005  0.436488
1006  0.437665
1007  0.438924
1008  0.440221
1009  0.441499
1010  0.442806
1011  0.444135
1012  0.445439
1013  0.446621
1014  0.447787
1015  0.448993
1016  0.450172
1017  0.451325
1018  0.452599
1019  0.454075
1020  0.455598
1021  0.457016
1022  0.458375
1023  0.459754
1024  0.461144
1025  0.462399
1026  0.463651
1027  0.465008
1028  0.466509
1029  0.468047
1030  0.469386
1031  0.470244
1032  0.470918
1033  0.471734
1034  0.472957
1035  0.474314
1036  0.475518
1037  0.476612
1038  0.477791
1039  0.478950
1040  0.479985
1041  0.480984
1042  0.482056
1043  0.483038
1044  0.483784
1045  0.484414
1046  0.485169
1047  0.486208
1048  0.487226
1049  0.487992
1050  0.488635
1051  0.489337
1052  0.490083
1053  0.490858
1054  0.491542
1055  0.492019
1056  0.492388
1057  0.492688
1058  0.493042
1059  0.493481
1060  0.494061
1061  0.494591
1062  0.494906
1063  0.495071
1064  0.495207
1065  0.495358
1066  0.495547
1067  0.495789
1068  0.495961
1069  0.496032
1070  0.496087
1071  0.496135
1072  0.496212
1073  0.496261
1074  0.496208
1075  0.496055
1076  0.495745
1077  0.495508
1078  0.495453
1079  0.495443
1080  0.495348
1081  0.494998
1082  0.494481
1083  0.493853
1084  0.493269
1085  0.492867
1086  0.492525
1087  0.492167
1088  0.491660
1089  0.491025
1090  0.490285
1091  0.489563
1092  0.489088
1093  0.488669
1094  0.488158
1095  0.487444
1096  0.486429
1097  0.485204
1098  0.484108
1099  0.483485
1100  0.483076
1101  0.482481
1102  0.481493
1103  0.480511
1104  0.479846
1105  0.479341
1106  0.478643
1107  0.477535
1108  0.476449
1109  0.475686
1110  0.475093
1111  0.474286
1112  0.473104
1113  0.472127
1114  0.471919
1115  0.472034
1116  0.471764
1117  0.470696
1118  0.469411
1119  0.468432
1120  0.467541
1121  0.466342
1122  0.464632
1123  0.463008
1124  0.461944
1125  0.460874
1126  0.459003
1127  0.455962
1128  0.452768
1129  0.450385
1130  0.448031
1131  0.444670
1132  0.439650
1133  0.434143
1134  0.429254
1135  0.424942
1136  0.420942
1137  0.416834
1138  0.411934
1139  0.405433
1140  0.397362
1141  0.389855
1142  0.384556
1143  0.380121
1144  0.374654
1145  0.367286
1146  0.360197
1147  0.355283
1148  0.351904
1149  0.348986
1150  0.345684
1151  0.342047
1152  0.338293
1153  0.334731
1154  0.331806
1155  0.329790
1156  0.328539
1157  0.327592
1158  0.326558
1159  0.325520
1160  0.324501
1161  0.323376
1162  0.322473
1163  0.322070
1164  0.321869
1165  0.321793
1166  0.321514
1167  0.321225
1168  0.321037
1169  0.320937
1170  0.320850
1171  0.320274
1172  0.319304
1173  0.318439
1174  0.318255
1175  0.318465
1176  0.318762
1177  0.318665
1178  0.318370
1179  0.318077
1180  0.317795
1181  0.317623
1182  0.317366
1183  0.316988
1184  0.316612
1185  0.316214
1186  0.315999
1187  0.315773
1188  0.315570
1189  0.315282
1190  0.315114
1191  0.314861
1192  0.314715
1193  0.314473
1194  0.314316
1195  0.314053
1196  0.313864
1197  0.313760
1198  0.313761
1199  0.314155
1200  0.314837
1201  0.315426
1202  0.315349
1203  0.314977
1204  0.314793
1205  0.314981
1206  0.315540
1207  0.316009
1208  0.316185
1209  0.316166
1210  0.316257
1211  0.316694
1212  0.317144
1213  0.317514
1214  0.317477
1215  0.317436
1216  0.317693
1217  0.318336
1218  0.319169
1219  0.319907
1220  0.320063
1221  0.320033
1222  0.320091
1223  0.320320
1224  0.320749
1225  0.321178
1226  0.321220
1227  0.321239
1228  0.321258
1229  0.321489
1230  0.321916
1231  0.322347
1232  0.322662
1233  0.322977
1234  0.323395
1235  0.323814
1236  0.324246
1237  0.324474
1238  0.324510
1239  0.324431
1240  0.324545
1241  0.324768
1242  0.325099
1243  0.325614
1244  0.325907
1245  0.326333
1246  0.326536
1247  0.326872
1248  0.327087
1249  0.327296
1250  0.327606
1251  0.328025
1252  0.328324
1253  0.328664
1254  0.328765
1255  0.328684
1256  0.328573
1257  0.328492
1258  0.328504
1259  0.328592
1260  0.328920
1261  0.329343
1262  0.329672
1263  0.329695
1264  0.329719
1265  0.329636
1266  0.329660
1267  0.329660
1268  0.329660
1269  0.329666
1270  0.329455
1271  0.329075
1272  0.328591
1273  0.327899
1274  0.327210
1275  0.326629
1276  0.326256
1277  0.325964
1278  0.325690
1279  0.325222
1280  0.324552
1281  0.323683
1282  0.322842
1283  0.321795
1284  0.320871
1285  0.320025
1286  0.319395
1287  0.318866
1288  0.318257
1289  0.317515
1290  0.316708
1291  0.315713
1292  0.314737
1293  0.313688
1294  0.312538
1295  0.311331
1296  0.309963
1297  0.308521
1298  0.307260
1299  0.306116
1300  0.305107
1301  0.303758
1302  0.302572
1303  0.301076
1304  0.299322
1305  0.297501
1306  0.295444
1307  0.293541
1308  0.291637
1309  0.289896
1310  0.288281
1311  0.286557
1312  0.284648
1313  0.282375
1314  0.280094
1315  0.277911
1316  0.275884
1317  0.273961
1318  0.271836
1319  0.269588
1320  0.266824
1321  0.264241
1322  0.261733
1323  0.259639
1324  0.257705
1325  0.255862
1326  0.253499
1327  0.250454
1328  0.247297
1329  0.244488
1330  0.242394
1331  0.240586
1332  0.238700
1333  0.236347
1334  0.233331
1335  0.230150
1336  0.227255
1337  0.224819
1338  0.222829
1339  0.221180
1340  0.219630
1341  0.217942
1342  0.216002
1343  0.213950
1344  0.211433
1345  0.208525
1346  0.205607
1347  0.203095
1348  0.201129
1349  0.199739
1350  0.197943
1351  0.196409
1352  0.194494
1353  0.192888
1354  0.191145
1355  0.189810
1356  0.187929
1357  0.186554
1358  0.184751
1359  0.183436
1360  0.182081
1361  0.180667
1362  0.179145
1363  0.177133
1364  0.175555
1365  0.173933
1366  0.171738
1367  0.170132
1368  0.167738
1369  0.165448
1370  0.163139
1371  0.160190
1372  0.157068
1373  0.154489
1374  0.150781
1375  0.146769
1376  0.143376
1377  0.139233
1378  0.134998
1379  0.130334
1380  0.126747
1381  0.121807
1382  0.117041
1383  0.112051
1384  0.108153
1385  0.103010
1386  0.098242
1387  0.093605
1388  0.088700
1389  0.085220
1390  0.080678
1391  0.076678
1392  0.072812
1393  0.069320
1394  0.065573
1395  0.063026
1396  0.060094
1397  0.056956
1398  0.054308
1399  0.051878
1400  0.049625
1401  0.047556
1402  0.045440
1403  0.043704
1404  0.042184
1405  0.041042
1406  0.039678
1407  0.038455
1408  0.037313
1409  0.036162
1410  0.035164
1411  0.034330
1412  0.033527
1413  0.032824
1414  0.032139
1415  0.031515
1416  0.030939
1417  0.030421
1418  0.029909
1419  0.029466
1420  0.029076
1421  0.028687
1422  0.028316
1423  0.027966
1424  0.027646
1425  0.027253
1426  0.026972
1427  0.026721
1428  0.026497
1429  0.026289
1430  0.026054
1431  0.025878
1432  0.025668
1433  0.025534
1434  0.025318
1435  0.025165
1436  0.025032
1437  0.024885
1438  0.024756
1439  0.024671
1440  0.024576
1441  0.024486
1442  0.024416
1443  0.024357
1444  0.024290
1445  0.024249
1446  0.024199
1447  0.024164
1448  0.024149
1449  0.024142
1450  0.024140
1451  0.024167
1452  0.024174
1453  0.024191
1454  0.024203
1455  0.024241
1456  0.024282
1457  0.024323
1458  0.024403
1459  0.024465
1460  0.024524
1461  0.024681
1462  0.024802
1463  0.024940
1464  0.025157
1465  0.025351
1466  0.025531
1467  0.025836
1468  0.026066
1469  0.026310
1470  0.026647
1471  0.026904
1472  0.027162
1473  0.027565
1474  0.027839
1475  0.028301
1476  0.028641
1477  0.029006
1478  0.029427
1479  0.029791
1480  0.030277
1481  0.030625
1482  0.031048
1483  0.031411
1484  0.031884
1485  0.032279
1486  0.032665
1487  0.033213
1488  0.033647
1489  0.034257
1490  0.034688
1491  0.035295
1492  0.035764
1493  0.036344
1494  0.036813
1495  0.037479
1496  0.038009
1497  0.038662
1498  0.039265
1499  0.039811
1500  0.040506
1501  0.041005
1502  0.041684
1503  0.042295
1504  0.042979
1505  0.043707
1506  0.044248
1507  0.044956
1508  0.045459
1509  0.046220
1510  0.046953
1511  0.047627
1512  0.048388
1513  0.048924
1514  0.049712
1515  0.050525
1516  0.051114
1517  0.051938
1518  0.052707
1519  0.053330
1520  0.054083
1521  0.054903
1522  0.055490
1523  0.056340
1524  0.057208
1525  0.057836
1526  0.058650
1527  0.059437
1528  0.060064
1529  0.060827
1530  0.061570
1531  0.062477
1532  0.063101
1533  0.063978
1534  0.064790
1535  0.065655
1536  0.066247
1537  0.067090
1538  0.067880
1539  0.068816
1540  0.069547
1541  0.070225
1542  0.071098
1543  0.071925
1544  0.072835
1545  0.073508
1546  0.074245
1547  0.075145
1548  0.075931
1549  0.076780
1550  0.077524
1551  0.078207
1552  0.078892
1553  0.079740
1554  0.080451
1555  0.081256
1556  0.082012
1557  0.082747
1558  0.083284
1559  0.083937
1560  0.084647
1561  0.085389
1562  0.086069
1563  0.086822
1564  0.087449
1565  0.088287
1566  0.088869
1567  0.089613
1568  0.090214
1569  0.090903
1570  0.091592
1571  0.092284
1572  0.092983
1573  0.093699
1574  0.094438
1575  0.095002
1576  0.095814
1577  0.096454
1578  0.097059
1579  0.097810
1580  0.098351
1581  0.099056
1582  0.099835
1583  0.100568
1584  0.101155
1585  0.101824
1586  0.102494
1587  0.103126
1588  0.103618
1589  0.104314
1590  0.104904
1591  0.105634
1592  0.106317
1593  0.107057
1594  0.107818
1595  0.108443
1596  0.108909
1597  0.109444
1598  0.109948
1599  0.110527
1600  0.111207
1601  0.111776
1602  0.112216
1603  0.112855
1604  0.113346
1605  0.114040
1606  0.114505
1607  0.114918
1608  0.115204
1609  0.115766
1610  0.116103
1611  0.116561
1612  0.117021
1613  0.117612
1614  0.117990
1615  0.118404
1616  0.118771
1617  0.119192
1618  0.119483
1619  0.120052
1620  0.120321
1621  0.120846
1622  0.121274
1623  0.121765
1624  0.122318
1625  0.122747
1626  0.123074
1627  0.123586
1628  0.123740
1629  0.124205
1630  0.124453
1631  0.124811
1632  0.124891
1633  0.125393
1634  0.125620
1635  0.126019
1636  0.126155
1637  0.126584
1638  0.126716
1639  0.127064
1640  0.127165
1641  0.127589
1642  0.127789
1643  0.128257
1644  0.128552
1645  0.128982
1646  0.129159
1647  0.129690
1648  0.129747
1649  0.130216
1650  0.130377
1651  0.130642
1652  0.130612
1653  0.131038
1654  0.130911
1655  0.131109
1656  0.131009
1657  0.131329
1658  0.131213
1659  0.131249
1660  0.131210
1661  0.131356
1662  0.131107
1663  0.131292
1664  0.131112
1665  0.131349
1666  0.131205
1667  0.131404
1668  0.131296
1669  0.131437
1670  0.131473
1671  0.131893
1672  0.131678
1673  0.131811
1674  0.131679
1675  0.131687
1676  0.131428
1677  0.131436
1678  0.131303
1679  0.131375
1680  0.131111
1681  0.131136
1682  0.130827
1683  0.130772
1684  0.130662
1685  0.130583
1686  0.130342
1687  0.130350
1688  0.129976
1689  0.130074
1690  0.129799
1691  0.129763
1692  0.129585
1693  0.129609
1694  0.129315
1695  0.129118
1696  0.128783
1697  0.128692
1698  0.128417
1699  0.128080
1700  0.127743
1701  0.127437
1702  0.126976
1703  0.126851
1704  0.126440
1705  0.126243
1706  0.125732
1707  0.125551
1708  0.125078
1709  0.124873
1710  0.124351
1711  0.123974
1712  0.123666
1713  0.123435
1714  0.123048
1715  0.122793
1716  0.122456
1717  0.122209
1718  0.121640
1719  0.121367
1720  0.120763
1721  0.120500
1722  0.120080
1723  0.119681
1724  0.119294
1725  0.118898
1726  0.118374
1727  0.118245
1728  0.117733
1729  0.117343
1730  0.116924
1731  0.116698
1732  0.116261
1733  0.115943
1734  0.115339
1735  0.114955
1736  0.114732
1737  0.114124
1738  0.113565
1739  0.113290
1740  0.112662
1741  0.112142
1742  0.111660
1743  0.111301
1744  0.110602
1745  0.110012
1746  0.109452
1747  0.108842
1748  0.108167
1749  0.107596
1750  0.107009
1751  0.106347
1752  0.105570
1753  0.104956
1754  0.104509
1755  0.103818
1756  0.103021
1757  0.102314
1758  0.101747
1759  0.101165
1760  0.100422
1761  0.099786
1762  0.099387
1763  0.098852
1764  0.098264
1765  0.097723
1766  0.097295
1767  0.096908
1768  0.096391
1769  0.095965
1770  0.095551
1771  0.095291
1772  0.095147
1773  0.094655
1774  0.094417
1775  0.094076
1776  0.093788
1777  0.093692
1778  0.093483
1779  0.093198
1780  0.093022
1781  0.092799
1782  0.092557
1783  0.092331
1784  0.092143
1785  0.091853
1786  0.091681
1787  0.091412
1788  0.091294
1789  0.091173
1790  0.090991
1791  0.091006
1792  0.090993
1793  0.090884
1794  0.090817
1795  0.090821
1796  0.090794
1797  0.090815
1798  0.090958
1799  0.091009
1800  0.091057
1801  0.091192
1802  0.091306
1803  0.091431
1804  0.091483
1805  0.091613
1806  0.091615
1807  0.091670
1808  0.091575
1809  0.091511
1810  0.091517
1811  0.091313
1812  0.091253
1813  0.091245
1814  0.091203
1815  0.091260
1816  0.091108
1817  0.091060
1818  0.090950
1819  0.090886
1820  0.090841
1821  0.090817
1822  0.090736
1823  0.090748
1824  0.090613
1825  0.090633
1826  0.090546
1827  0.090358
1828  0.090103
1829  0.089945
1830  0.089657
1831  0.089464
1832  0.088844
1833  0.088559
1834  0.088182
1835  0.087673
1836  0.087268
1837  0.086788
1838  0.086200
1839  0.085629
1840  0.084916
1841  0.084211
1842  0.083461
1843  0.082623
1844  0.081794
1845  0.080867
1846  0.079959
1847  0.079188
1848  0.078008
1849  0.076918
1850  0.075670
1851  0.074652
1852  0.072843
1853  0.071573
1854  0.070181
1855  0.068836
1856  0.067371
1857  0.065746
1858  0.063973
1859  0.062380
1860  0.060466
1861  0.058850
1862  0.056062
1863  0.054071
1864  0.051989
1865  0.050118
1866  0.047930
1867  0.046023
1868  0.043841
1869  0.042053
1870  0.039010
1871  0.036964
1872  0.034998
1873  0.032935
1874  0.031104
1875  0.029093
1876  0.027461
1877  0.024783
1878  0.023085
1879  0.021618
1880  0.020220
1881  0.018742
1882  0.017640
1883  0.015775
1884  0.014738
1885  0.013884
1886  0.013124
1887  0.012396
1888  0.011440
1889  0.010911
1890  0.010530
1891  0.010216
1892  0.009926
1893  0.009478
1894  0.009313
1895  0.009238
1896  0.009194
1897  0.009223
1898  0.009012
1899  0.009070
1900  0.009137
1901  0.009121
1902  0.009006
1903  0.008989
1904  0.008991
1905  0.008989
1906  0.008910
1907  0.008903
1908  0.008892
1909  0.008901
1910  0.008859
1911  0.008854
1912  0.008858
1913  0.008871
1914  0.008855
1915  0.008878
1916  0.008882
1917  0.008873
1918  0.008836
1919  0.008809
1920  0.008770
1921  0.008709
1922  0.008656
1923  0.008608
1924  0.008567
1925  0.008525
1926  0.008483
1927  0.008448
1928  0.008413
1929  0.008375
1930  0.008341
1931  0.008309
1932  0.008276
1933  0.008245
1934  0.008214
1935  0.008183
1936  0.008153
1937  0.008128
1938  0.008098
1939  0.008069
1940  0.008045
1941  0.008020
1942  0.007992
1943  0.007970
1944  0.007947
1945  0.007924
1946  0.007903
1947  0.007882
1948  0.007863
1949  0.007844
1950  0.007823
1951  0.007810
1952  0.007790
1953  0.007775
1954  0.007763
1955  0.007749
1956  0.007735
1957  0.007725
1958  0.007713
1959  0.007704
1960  0.007697
1961  0.007684
1962  0.007684
1963  0.007673
1964  0.007673
1965  0.007669
1966  0.007665
1967  0.007668
1968  0.007667
1969  0.007675
1970  0.007673
1971  0.007689
1972  0.007688
1973  0.007690
1974  0.007709
1975  0.007717
1976  0.007734
1977  0.007742
1978  0.007766
1979  0.007777
1980  0.007806
1981  0.007823
1982  0.007836
1983  0.007874
1984  0.007894
1985  0.007931
1986  0.007955
1987  0.007997
1988  0.008021
1989  0.008068
1990  0.008100
1991  0.008147
1992  0.008183
1993  0.008235
1994  0.008274
1995  0.008335
1996  0.008374
1997  0.008440
1998  0.008479
1999  0.008553
2000  0.008602
2001  0.008650
2002  0.008724
2003  0.008811
2004  0.008861
2005  0.008946
2006  0.009004
2007  0.009087
2008  0.009146
2009  0.009234
2010  0.009290
2011  0.009384
2012  0.009447
2013  0.009552
2014  0.009617
2015  0.009720
2016  0.009790
2017  0.009894
2018  0.009960
2019  0.010065
2020  0.010141
2021  0.010253
2022  0.010363
2023  0.010432
2024  0.010552
2025  0.010630
2026  0.010751
2027  0.010824
2028  0.010946
2029  0.011071
2030  0.011156
2031  0.011268
2032  0.011360
2033  0.011489
2034  0.011572
2035  0.011709
2036  0.011846
2037  0.011927
2038  0.012075
2039  0.012160
2040  0.012300
2041  0.012446
2042  0.012532
2043  0.012683
2044  0.012770
2045  0.012917
2046  0.013069
2047  0.013166
2048  0.013322
2049  0.013418
2050  0.013576
2051  0.013728
2052  0.013836
2053  0.013984
2054  0.014153
2055  0.014251
2056  0.014430
2057  0.014539
2058  0.014716
2059  0.014893
2060  0.015008
2061  0.015198
2062  0.015375
2063  0.015506
2064  0.015685
2065  0.015887
2066  0.016003
2067  0.016195
2068  0.016393
2069  0.016524
2070  0.016708
2071  0.016925
2072  0.017040
2073  0.017231
2074  0.017441
2075  0.017575
2076  0.017762
2077  0.017985
2078  0.018113
2079  0.018311
2080  0.018509
2081  0.018645
2082  0.018870
2083  0.019071
2084  0.019200
2085  0.019403
2086  0.019634
2087  0.019839
2088  0.019983
2089  0.020202
2090  0.020416
2091  0.020573
2092  0.020758
2093  0.021008
2094  0.021210
2095  0.021366
2096  0.021571
2097  0.021803
2098  0.021970
2099  0.022188
2100  0.022410
2101  0.022655
2102  0.022795
2103  0.023038
2104  0.023257
2105  0.023482
2106  0.023628
2107  0.023845
2108  0.024059
2109  0.024281
2110  0.024427
2111  0.024645
2112  0.024851
2113  0.025075
2114  0.025194
2115  0.025396
2116  0.025596
2117  0.025831
2118  0.025965
2119  0.026182
2120  0.026415
2121  0.026669
2122  0.026868
2123  0.027023
2124  0.027242
2125  0.027460
2126  0.027658
2127  0.027798
2128  0.027990
2129  0.028205
2130  0.028410
2131  0.028605
2132  0.028745
2133  0.028940
2134  0.029114
2135  0.029306
2136  0.029495
2137  0.029613
2138  0.029777
2139  0.029943
2140  0.030097
2141  0.030291
2142  0.030451
2143  0.030557
2144  0.030716
2145  0.030900
2146  0.031071
2147  0.031252
2148  0.031348
2149  0.031481
2150  0.031660
2151  0.031823
2152  0.031977
2153  0.032136
2154  0.032256
2155  0.032371
2156  0.032545
2157  0.032680
2158  0.032823
2159  0.032957
2160  0.033107
2161  0.033178
2162  0.033318
2163  0.033448
2164  0.033573
2165  0.033672
2166  0.033795
2167  0.033921
2168  0.034009
2169  0.034090
2170  0.034198
2171  0.034307
2172  0.034410
2173  0.034523
2174  0.034637
2175  0.034724
2176  0.034843
2177  0.034941
2178  0.035040
2179  0.035203
2180  0.035328
2181  0.035429
2182  0.035573
2183  0.035679
2184  0.035785
2185  0.035935
2186  0.036039
2187  0.036143
2188  0.036237
2189  0.036338
2190  0.036402
2191  0.036511
2192  0.036580
2193  0.036608
2194  0.036601
2195  0.036635
2196  0.036678
2197  0.036728
2198  0.036745
2199  0.036753
2200  0.036796
2201  0.036838
2202  0.036858
2203  0.036874
2204  0.036867
2205  0.036906
2206  0.036899
2207  0.036915
2208  0.036981
2209  0.037013
2210  0.037075
2211  0.037118
2212  0.037130
2213  0.037123
2214  0.037128
2215  0.037120
2216  0.037078
2217  0.037025
2218  0.036995
2219  0.036976
2220  0.036984
2221  0.036962
2222  0.036978
2223  0.036898
2224  0.036849
2225  0.036815
2226  0.036727
2227  0.036640
2228  0.036569
2229  0.036471
2230  0.036365
2231  0.036309
2232  0.036220
2233  0.036082
2234  0.036016
2235  0.035912
2236  0.035787
2237  0.035618
2238  0.035473
2239  0.035317
2240  0.035137
2241  0.034959
2242  0.034796
2243  0.034586
2244  0.034398
2245  0.034211
2246  0.033999
2247  0.033812
2248  0.033620
2249  0.033429
2250  0.033230
2251  0.033033
2252  0.032853
2253  0.032569
2254  0.032391
2255  0.032166
2256  0.031959
2257  0.031782
2258  0.031597
2259  0.031404
2260  0.031204
2261  0.030964
2262  0.030777
2263  0.030579
2264  0.030326
2265  0.030122
2266  0.029925
2267  0.029727
2268  0.029511
2269  0.029314
2270  0.029122
2271  0.028959
2272  0.028773
2273  0.028593
2274  0.028314
2275  0.028139
2276  0.027938
2277  0.027777
2278  0.027582
2279  0.027399
2280  0.027239
2281  0.027070
2282  0.026880
2283  0.026708
2284  0.026508
2285  0.026315
2286  0.026125
2287  0.025831
2288  0.025628
2289  0.025437
2290  0.025212
2291  0.025032
2292  0.024816
2293  0.024651
2294  0.024456
2295  0.024282
2296  0.024082
2297  0.023950
2298  0.023638
2299  0.023507
2300  0.023308
2301  0.023154
2302  0.022954
2303  0.022809
2304  0.022626
2305  0.022504
2306  0.022184
2307  0.022059
2308  0.021901
2309  0.021741
2310  0.021585
2311  0.021460
2312  0.021275
2313  0.021162
2314  0.020871
2315  0.020777
2316  0.020617
2317  0.020489
2318  0.020336
2319  0.020209
2320  0.020054
2321  0.019943
2322  0.019653
2323  0.019544
2324  0.019394
2325  0.019230
2326  0.019088
2327  0.018970
2328  0.018683
2329  0.018572
2330  0.018420
2331  0.018278
2332  0.018127
2333  0.017974
2334  0.017851
2335  0.017575
2336  0.017447
2337  0.017306
2338  0.017160
2339  0.017047
2340  0.016772
2341  0.016665
2342  0.016523
2343  0.016394
2344  0.016262
2345  0.016137
2346  0.015917
2347  0.015805
2348  0.015677
2349  0.015561
2350  0.015455
2351  0.015222
2352  0.015136
2353  0.015019
2354  0.014896
2355  0.014784
2356  0.014689
2357  0.014466
2358  0.014371
2359  0.014263
2360  0.014149
2361  0.014059
2362  0.013832
2363  0.013744
2364  0.013644
2365  0.013556
2366  0.013349
2367  0.013273
2368  0.013163
2369  0.013047
2370  0.012957
2371  0.012767
2372  0.012677
2373  0.012577
2374  0.012501
2375  0.012300
2376  0.012237
2377  0.012135
2378  0.012030
2379  0.011964
2380  0.011776
2381  0.011701
2382  0.011596
2383  0.011516
2384  0.011351
2385  0.011265
2386  0.011179
2387  0.011103
2388  0.010957
2389  0.010875
2390  0.010793
2391  0.010714
2392  0.010570
2393  0.010494
2394  0.010418
2395  0.010346
2396  0.010213
2397  0.010147
2398  0.010073
2399  0.010012
2400  0.009881
2401  0.009821
2402  0.009746
2403  0.009696
2404  0.009559
2405  0.009501
2406  0.009443
2407  0.009319
2408  0.009261
2409  0.009200
2410  0.009140
2411  0.009029
2412  0.008970
2413  0.008902
2414  0.008796
2415  0.008737
2416  0.008669
2417  0.008615
2418  0.008504
2419  0.008453
2420  0.008393
2421  0.008292
2422  0.008236
2423  0.008183
2424  0.008132
2425  0.008030
2426  0.007985
2427  0.007937
2428  0.007847
2429  0.007801
2430  0.007746
2431  0.007660
2432  0.007617
2433  0.007574
2434  0.007533
2435  0.007452
2436  0.007405
2437  0.007365
2438  0.007287
2439  0.007248
2440  0.007212
2441  0.007137
2442  0.007099
2443  0.007064
2444  0.006990
2445  0.006956
2446  0.006923
2447  0.006860
2448  0.006822
2449  0.006793
2450  0.006730
2451  0.006700
2452  0.006668
2453  0.006605
2454  0.006575
2455  0.006549
2456  0.006492
2457  0.006468
2458  0.006441
2459  0.006389
2460  0.006366
2461  0.006342
2462  0.006295
2463  0.006272
2464  0.006253
2465  0.006213
2466  0.006193
2467  0.006155
2468  0.006137
2469  0.006121
2470  0.006085
2471  0.006071
2472  0.006055
2473  0.006021
2474  0.006008
2475  0.005993
2476  0.005967
2477  0.005957
2478  0.005931
2479  0.005919
2480  0.005908
2481  0.005890
2482  0.005885
2483  0.005879
2484  0.005864
2485  0.005853
2486  0.005826
2487  0.005825
2488  0.005819
2489  0.005798
2490  0.005794
2491  0.005788
2492  0.005781
2493  0.005777
2494  0.005772
2495  0.005771
2496  0.005774
2497  0.005770
2498  0.005773
2499  0.005770
2500  0.005774
